<?xml version="1.0" encoding="UTF-8"?>
<testsuite name="com.example.ex.service.FixSessionServiceTest" tests="12" skipped="0" failures="0" errors="0" timestamp="2019-07-11T22:42:59" hostname="ntbka-twind-001" time="0.126">
  <properties/>
  <testcase name="shouldDeleteFixSession" classname="com.example.ex.service.FixSessionServiceTest" time="0.014"/>
  <testcase name="shouldGetFixSessionsByAppInstance" classname="com.example.ex.service.FixSessionServiceTest" time="0.009"/>
  <testcase name="shouldGetFixSessionsByHandle" classname="com.example.ex.service.FixSessionServiceTest" time="0.006"/>
  <testcase name="shouldNotSaveFixSessionWithNullMpid" classname="com.example.ex.service.FixSessionServiceTest" time="0.012"/>
  <testcase name="shouldGetFixSessionsByAppMpid" classname="com.example.ex.service.FixSessionServiceTest" time="0.006"/>
  <testcase name="shouldSaveFixSession" classname="com.example.ex.service.FixSessionServiceTest" time="0.005"/>
  <testcase name="shouldNotSaveFixSessionWithInvalidAppInstance" classname="com.example.ex.service.FixSessionServiceTest" time="0.004"/>
  <testcase name="shouldNotSaveFixSessionWithInvalidMpid" classname="com.example.ex.service.FixSessionServiceTest" time="0.007"/>
  <testcase name="shouldNotSaveFixSessionWithNullAppInstance" classname="com.example.ex.service.FixSessionServiceTest" time="0.007"/>
  <testcase name="shouldNotSaveFixSessionWithDuplicatedHandle" classname="com.example.ex.service.FixSessionServiceTest" time="0.006"/>
  <testcase name="shouldNotDeleteANonExistingFixSession" classname="com.example.ex.service.FixSessionServiceTest" time="0.009"/>
  <testcase name="shouldNotDeleteAFixSessionReferencedByFixSessionMpids" classname="com.example.ex.service.FixSessionServiceTest" time="0.008"/>
  <system-out><![CDATA[19:42:59.596 [Test worker] DEBUG org.springframework.test.context.junit4.SpringJUnit4ClassRunner - SpringJUnit4ClassRunner constructor called with [class com.example.ex.service.FixSessionServiceTest]
19:42:59.596 [Test worker] DEBUG org.springframework.test.context.BootstrapUtils - Instantiating CacheAwareContextLoaderDelegate from class [org.springframework.test.context.cache.DefaultCacheAwareContextLoaderDelegate]
19:42:59.596 [Test worker] DEBUG org.springframework.test.context.BootstrapUtils - Instantiating BootstrapContext using constructor [public org.springframework.test.context.support.DefaultBootstrapContext(java.lang.Class,org.springframework.test.context.CacheAwareContextLoaderDelegate)]
19:42:59.596 [Test worker] DEBUG org.springframework.test.context.BootstrapUtils - Instantiating TestContextBootstrapper for test class [com.example.ex.service.FixSessionServiceTest] from class [org.springframework.test.context.support.DefaultTestContextBootstrapper]
19:42:59.597 [Test worker] INFO org.springframework.test.context.support.DefaultTestContextBootstrapper - Neither @ContextConfiguration nor @ContextHierarchy found for test class [com.example.ex.service.FixSessionServiceTest], using DelegatingSmartContextLoader
19:42:59.597 [Test worker] DEBUG org.springframework.test.context.support.AbstractDelegatingSmartContextLoader - Delegating to GenericXmlContextLoader to process context configuration [ContextConfigurationAttributes@7f76b1d3 declaringClass = 'com.example.ex.service.FixSessionServiceTest', classes = '{}', locations = '{}', inheritLocations = false, initializers = '{}', inheritInitializers = true, name = [null], contextLoaderClass = 'org.springframework.test.context.ContextLoader'].
19:42:59.598 [Test worker] DEBUG org.springframework.test.context.support.AbstractContextLoader - Did not detect default resource location for test class [com.example.ex.service.FixSessionServiceTest]: class path resource [com/example/ex/service/FixSessionServiceTest-context.xml] does not exist
19:42:59.598 [Test worker] INFO org.springframework.test.context.support.AbstractContextLoader - Could not detect default resource locations for test class [com.example.ex.service.FixSessionServiceTest]: no resource found for suffixes {-context.xml}.
19:42:59.598 [Test worker] DEBUG org.springframework.test.context.support.AbstractDelegatingSmartContextLoader - Delegating to AnnotationConfigContextLoader to process context configuration [ContextConfigurationAttributes@7f76b1d3 declaringClass = 'com.example.ex.service.FixSessionServiceTest', classes = '{}', locations = '{}', inheritLocations = false, initializers = '{}', inheritInitializers = true, name = [null], contextLoaderClass = 'org.springframework.test.context.ContextLoader'].
19:42:59.602 [Test worker] INFO org.springframework.test.context.support.AbstractDelegatingSmartContextLoader - AnnotationConfigContextLoader detected default configuration classes for context configuration [ContextConfigurationAttributes@7f76b1d3 declaringClass = 'com.example.ex.service.FixSessionServiceTest', classes = '{class com.example.ex.service.FixSessionServiceTest$FixSessionServiceTestContextConfiguration}', locations = '{}', inheritLocations = false, initializers = '{}', inheritInitializers = true, name = [null], contextLoaderClass = 'org.springframework.test.context.ContextLoader'].
19:42:59.604 [Test worker] DEBUG org.springframework.test.context.support.ActiveProfilesUtils - Could not find an 'annotation declaring class' for annotation type [org.springframework.test.context.ActiveProfiles] and class [com.example.ex.service.FixSessionServiceTest]
19:42:59.604 [Test worker] DEBUG org.springframework.test.context.support.DefaultTestContextBootstrapper - @TestExecutionListeners is not present for class [com.example.ex.service.FixSessionServiceTest]: using defaults.
19:42:59.604 [Test worker] INFO org.springframework.test.context.support.DefaultTestContextBootstrapper - Loaded default TestExecutionListener class names from location [META-INF/spring.factories]: [org.springframework.boot.test.autoconfigure.restdocs.RestDocsTestExecutionListener, org.springframework.boot.test.autoconfigure.web.client.MockRestServiceServerResetTestExecutionListener, org.springframework.boot.test.autoconfigure.web.servlet.MockMvcPrintOnlyOnFailureTestExecutionListener, org.springframework.boot.test.autoconfigure.web.servlet.WebDriverTestExecutionListener, org.springframework.boot.test.mock.mockito.MockitoTestExecutionListener, org.springframework.boot.test.mock.mockito.ResetMocksTestExecutionListener, org.springframework.test.context.web.ServletTestExecutionListener, org.springframework.test.context.support.DirtiesContextBeforeModesTestExecutionListener, org.springframework.test.context.support.DependencyInjectionTestExecutionListener, org.springframework.test.context.support.DirtiesContextTestExecutionListener, org.springframework.test.context.transaction.TransactionalTestExecutionListener, org.springframework.test.context.jdbc.SqlScriptsTestExecutionListener]
19:42:59.604 [Test worker] INFO org.springframework.test.context.support.DefaultTestContextBootstrapper - Using TestExecutionListeners: [org.springframework.test.context.web.ServletTestExecutionListener@7b4a4178, org.springframework.test.context.support.DirtiesContextBeforeModesTestExecutionListener@7c8e78dc, org.springframework.boot.test.mock.mockito.MockitoTestExecutionListener@36bcb6b7, org.springframework.test.context.support.DependencyInjectionTestExecutionListener@3876ffb3, org.springframework.test.context.support.DirtiesContextTestExecutionListener@111e3844, org.springframework.test.context.transaction.TransactionalTestExecutionListener@1ed9ea23, org.springframework.test.context.jdbc.SqlScriptsTestExecutionListener@4d03fe41, org.springframework.boot.test.autoconfigure.restdocs.RestDocsTestExecutionListener@42071b35, org.springframework.boot.test.autoconfigure.web.client.MockRestServiceServerResetTestExecutionListener@223bc729, org.springframework.boot.test.autoconfigure.web.servlet.MockMvcPrintOnlyOnFailureTestExecutionListener@73e2b9bf, org.springframework.boot.test.autoconfigure.web.servlet.WebDriverTestExecutionListener@2141b074, org.springframework.boot.test.mock.mockito.ResetMocksTestExecutionListener@5b65d9da]
19:42:59.605 [Test worker] DEBUG org.springframework.test.annotation.ProfileValueUtils - Retrieved @ProfileValueSourceConfiguration [null] for test class [com.example.ex.service.FixSessionServiceTest]
19:42:59.605 [Test worker] DEBUG org.springframework.test.annotation.ProfileValueUtils - Retrieved ProfileValueSource type [class org.springframework.test.annotation.SystemProfileValueSource] for class [com.example.ex.service.FixSessionServiceTest]
19:42:59.605 [Test worker] DEBUG org.springframework.test.annotation.ProfileValueUtils - Retrieved @ProfileValueSourceConfiguration [null] for test class [com.example.ex.service.FixSessionServiceTest]
19:42:59.605 [Test worker] DEBUG org.springframework.test.annotation.ProfileValueUtils - Retrieved ProfileValueSource type [class org.springframework.test.annotation.SystemProfileValueSource] for class [com.example.ex.service.FixSessionServiceTest]
19:42:59.605 [Test worker] DEBUG org.springframework.test.context.support.AbstractDirtiesContextTestExecutionListener - Before test class: context [DefaultTestContext@279b4f10 testClass = FixSessionServiceTest, testInstance = [null], testMethod = [null], testException = [null], mergedContextConfiguration = [MergedContextConfiguration@41d2251d testClass = FixSessionServiceTest, locations = '{}', classes = '{class com.example.ex.service.FixSessionServiceTest$FixSessionServiceTestContextConfiguration}', contextInitializerClasses = '[]', activeProfiles = '{}', propertySourceLocations = '{}', propertySourceProperties = '{}', contextCustomizers = set[org.springframework.boot.test.autoconfigure.properties.PropertyMappingContextCustomizer@0, org.springframework.boot.test.autoconfigure.web.servlet.WebDriverContextCustomizerFactory$Customizer@63ceb46d, org.springframework.boot.test.context.filter.ExcludeFilterContextCustomizer@4faffabb, org.springframework.boot.test.json.DuplicateJsonObjectContextCustomizerFactory$DuplicateJsonObjectContextCustomizer@54b71d23, org.springframework.boot.test.mock.mockito.MockitoContextCustomizer@55cb322c], contextLoader = 'org.springframework.test.context.support.DelegatingSmartContextLoader', parent = [null]], attributes = map[[empty]]], class annotated with @DirtiesContext [false] with mode [null].
19:42:59.606 [Test worker] DEBUG org.springframework.test.annotation.ProfileValueUtils - Retrieved @ProfileValueSourceConfiguration [null] for test class [com.example.ex.service.FixSessionServiceTest]
19:42:59.606 [Test worker] DEBUG org.springframework.test.annotation.ProfileValueUtils - Retrieved ProfileValueSource type [class org.springframework.test.annotation.SystemProfileValueSource] for class [com.example.ex.service.FixSessionServiceTest]
19:42:59.606 [Test worker] DEBUG org.springframework.test.context.support.AbstractDelegatingSmartContextLoader - Delegating to AnnotationConfigContextLoader to load context from [MergedContextConfiguration@41d2251d testClass = FixSessionServiceTest, locations = '{}', classes = '{class com.example.ex.service.FixSessionServiceTest$FixSessionServiceTestContextConfiguration}', contextInitializerClasses = '[]', activeProfiles = '{}', propertySourceLocations = '{}', propertySourceProperties = '{}', contextCustomizers = set[org.springframework.boot.test.autoconfigure.properties.PropertyMappingContextCustomizer@0, org.springframework.boot.test.autoconfigure.web.servlet.WebDriverContextCustomizerFactory$Customizer@63ceb46d, org.springframework.boot.test.context.filter.ExcludeFilterContextCustomizer@4faffabb, org.springframework.boot.test.json.DuplicateJsonObjectContextCustomizerFactory$DuplicateJsonObjectContextCustomizer@54b71d23, org.springframework.boot.test.mock.mockito.MockitoContextCustomizer@55cb322c], contextLoader = 'org.springframework.test.context.support.DelegatingSmartContextLoader', parent = [null]].
19:42:59.606 [Test worker] DEBUG org.springframework.test.context.support.AbstractGenericContextLoader - Loading ApplicationContext for merged context configuration [[MergedContextConfiguration@41d2251d testClass = FixSessionServiceTest, locations = '{}', classes = '{class com.example.ex.service.FixSessionServiceTest$FixSessionServiceTestContextConfiguration}', contextInitializerClasses = '[]', activeProfiles = '{}', propertySourceLocations = '{}', propertySourceProperties = '{}', contextCustomizers = set[org.springframework.boot.test.autoconfigure.properties.PropertyMappingContextCustomizer@0, org.springframework.boot.test.autoconfigure.web.servlet.WebDriverContextCustomizerFactory$Customizer@63ceb46d, org.springframework.boot.test.context.filter.ExcludeFilterContextCustomizer@4faffabb, org.springframework.boot.test.json.DuplicateJsonObjectContextCustomizerFactory$DuplicateJsonObjectContextCustomizer@54b71d23, org.springframework.boot.test.mock.mockito.MockitoContextCustomizer@55cb322c], contextLoader = 'org.springframework.test.context.support.DelegatingSmartContextLoader', parent = [null]]].
19:42:59.608 [Test worker] DEBUG org.springframework.core.env.StandardEnvironment - Adding PropertySource 'systemProperties' with lowest search precedence
19:42:59.608 [Test worker] DEBUG org.springframework.core.env.StandardEnvironment - Adding PropertySource 'systemEnvironment' with lowest search precedence
19:42:59.609 [Test worker] DEBUG org.springframework.core.env.StandardEnvironment - Initialized StandardEnvironment with PropertySources [MapPropertySource@409096247 {name='systemProperties', properties={java.runtime.name=Java(TM) SE Runtime Environment, sun.boot.library.path=C:\Program Files\Java\jdk1.8.0_181\jre\bin, java.vm.version=25.181-b13, java.vm.vendor=Oracle Corporation, java.vendor.url=http://java.oracle.com/, path.separator=;, java.vm.name=Java HotSpot(TM) 64-Bit Server VM, file.encoding.pkg=sun.io, user.script=, sun.java.launcher=SUN_STANDARD, user.country=US, sun.os.patch.level=, java.vm.specification.name=Java Virtual Machine Specification, user.dir=C:\Users\spintos\codigo\rest-api-example\ex-business-layer, java.runtime.version=1.8.0_181-b13, java.awt.graphicsenv=sun.awt.Win32GraphicsEnvironment, java.endorsed.dirs=C:\Program Files\Java\jdk1.8.0_181\jre\lib\endorsed, os.arch=amd64, java.io.tmpdir=C:\Users\spintos\AppData\Local\Temp\, line.separator=
, java.vm.specification.vendor=Oracle Corporation, user.variant=, os.name=Windows 10, sun.jnu.encoding=Cp1252, java.library.path=C:\Program Files\Java\jdk1.8.0_181\bin;C:\WINDOWS\Sun\Java\bin;C:\WINDOWS\system32;C:\WINDOWS;C:\Users\spintos\bin;C:\Program Files\Git\mingw64\bin;C:\Program Files\Git\usr\local\bin;C:\Program Files\Git\usr\bin;C:\Program Files\Git\usr\bin;C:\Program Files\Git\mingw64\bin;C:\Program Files\Git\usr\bin;C:\Users\spintos\bin;C:\Program Files\Docker\Docker\Resources\bin;C:\Program Files (x86)\Common Files\Oracle\Java\javapath;C:\ProgramData\Oracle\Java\javapath;C:\Program Files\Intel\iCLS Client;C:\WINDOWS\system32;C:\WINDOWS;C:\WINDOWS\System32\Wbem;C:\WINDOWS\System32\WindowsPowerShell\v1.0;C:\Program Files\Git\cmd;C:\Users\spintos\gradle\bin;C:\WINDOWS\System32\OpenSSH;C:\Program Files\TortoiseGit\bin;C:\Program Files\Amazon\AWSCLI\bin;C:\Program Files\nodejs;C:\Program Files (x86)\Intel\Intel(R) Management Engine Components\DAL;C:\Program Files\Intel\Intel(R) Management Engine Components\DAL;C:\Program Files\Calibre2;C:\Users\spintos\AppData\Local\Microsoft\WindowsApps;C:\Users\spintos\AppData\Roaming\npm;C:\Users\spintos\AppData\Local\Programs\Microsoft VS Code\bin;C:\Program Files (x86)\Nmap;C:\Program Files\Git\usr\bin\vendor_perl;C:\Program Files\Git\usr\bin\core_perl;., java.specification.name=Java Platform API Specification, java.class.version=52.0, org.gradle.native=false, sun.management.compiler=HotSpot 64-Bit Tiered Compilers, os.version=10.0, user.home=C:\Users\spintos, user.timezone=America/Buenos_Aires, java.awt.printerjob=sun.awt.windows.WPrinterJob, file.encoding=windows-1252, java.specification.version=1.8, java.class.path=C:\Users\spintos\codigo\rest-api-example\ex-business-layer\build\classes\java\test;C:\Users\spintos\codigo\rest-api-example\ex-business-layer\build\resources\test;C:\Users\spintos\codigo\rest-api-example\ex-business-layer\build\classes\java\main;C:\Users\spintos\codigo\rest-api-example\ex-business-layer\build\resources\main;C:\Users\spintos\codigo\rest-api-example\ex-persistence-layer\build\libs\ex-persistence-layer-1.0.0-SNAPSHOT.jar;C:\Users\spintos\codigo\rest-api-example\ex-data-layer\build\libs\ex-data-layer-1.0.0-SNAPSHOT.jar;C:\Users\spintos\.gradle\caches\modules-2\files-2.1\org.springframework.boot\spring-boot-starter-data-jpa\2.0.3.RELEASE\56c909f49b5385793942158e143187ecc8c7b54a\spring-boot-starter-data-jpa-2.0.3.RELEASE.jar;C:\Users\spintos\.gradle\caches\modules-2\files-2.1\org.springframework.boot\spring-boot-starter-security\2.0.3.RELEASE\67de3ced1ebc68c7bbd9bc2ced390821fa682c2f\spring-boot-starter-security-2.0.3.RELEASE.jar;C:\Users\spintos\.gradle\caches\modules-2\files-2.1\org.springframework.boot\spring-boot-starter-web\2.0.3.RELEASE\41fd4180bea3813de8f3c602b5a126218360315b\spring-boot-starter-web-2.0.3.RELEASE.jar;C:\Users\spintos\.gradle\caches\modules-2\files-2.1\org.springframework.boot\spring-boot-starter-test\2.0.3.RELEASE\1c624b1cc217bac010abce7a28df8169af4a7fa0\spring-boot-starter-test-2.0.3.RELEASE.jar;C:\Users\spintos\.gradle\caches\modules-2\files-2.1\org.springframework.boot\spring-boot-starter-aop\2.0.3.RELEASE\a78c7bc25fd51b217f078421dc40d13ddc3b9f8f\spring-boot-starter-aop-2.0.3.RELEASE.jar;C:\Users\spintos\.gradle\caches\modules-2\files-2.1\org.springframework.boot\spring-boot-starter-jdbc\2.0.3.RELEASE\4f5f3411692a0f5efb60f7f583bdfcf49199a3d4\spring-boot-starter-jdbc-2.0.3.RELEASE.jar;C:\Users\spintos\.gradle\caches\modules-2\files-2.1\org.springframework.boot\spring-boot-starter-json\2.0.3.RELEASE\2e389a8727588c549c28bb277f0f573f65554850\spring-boot-starter-json-2.0.3.RELEASE.jar;C:\Users\spintos\.gradle\caches\modules-2\files-2.1\org.springframework.boot\spring-boot-starter\2.0.3.RELEASE\ffaa050dbd36b0441645598f1a7ddaf67fd5e678\spring-boot-starter-2.0.3.RELEASE.jar;C:\Users\spintos\.gradle\caches\modules-2\files-2.1\org.projectlombok\lombok\1.18.2\524e0a697e9d62950b2f763d88d35cd8dc82a9a1\lombok-1.18.2.jar;C:\Users\spintos\.gradle\caches\modules-2\files-2.1\org.apache.commons\commons-lang3\3.8.1\6505a72a097d9270f7a9e7bf42c4238283247755\commons-lang3-3.8.1.jar;C:\Users\spintos\.gradle\caches\modules-2\files-2.1\org.json\json\20180813\8566b2b0391d9d4479ea225645c6ed47ef17fe41\json-20180813.jar;C:\Users\spintos\.gradle\caches\modules-2\files-2.1\org.assertj\assertj-core\3.6.1\2536dd8bc957490ef33873398869ba261d8c6fc3\assertj-core-3.6.1.jar;C:\Users\spintos\.gradle\caches\modules-2\files-2.1\org.springframework.boot\spring-boot-test-autoconfigure\2.0.3.RELEASE\54e7d2167f2b926bf16a0ef8b91b6bfbd43826e7\spring-boot-test-autoconfigure-2.0.3.RELEASE.jar;C:\Users\spintos\.gradle\caches\modules-2\files-2.1\org.springframework.boot\spring-boot-test\2.0.3.RELEASE\5c9b4bb6cfce9ef6e53a0ff5fc4a7ff2867871d8\spring-boot-test-2.0.3.RELEASE.jar;C:\Users\spintos\.gradle\caches\modules-2\files-2.1\org.springframework.boot\spring-boot-autoconfigure\2.0.3.RELEASE\11bc4cc96b08fabad2b3186755818fa0b32d83f\spring-boot-autoconfigure-2.0.3.RELEASE.jar;C:\Users\spintos\.gradle\caches\modules-2\files-2.1\org.springframework.boot\spring-boot\2.0.3.RELEASE\b874870d915adbc3dd932e19077d3d45c8e54aa0\spring-boot-2.0.3.RELEASE.jar;C:\Users\spintos\.gradle\caches\modules-2\files-2.1\org.springframework.boot\spring-boot-starter-logging\2.0.3.RELEASE\7caad34f01d2688919e15e09a90467963e3d5190\spring-boot-starter-logging-2.0.3.RELEASE.jar;C:\Users\spintos\.gradle\caches\modules-2\files-2.1\org.springframework.boot\spring-boot-starter-tomcat\2.0.3.RELEASE\25a51a75bfb997b7b95d6760178ee3303863ec4b\spring-boot-starter-tomcat-2.0.3.RELEASE.jar;C:\Users\spintos\.gradle\caches\modules-2\files-2.1\javax.annotation\javax.annotation-api\1.3.2\934c04d3cfef185a8008e7bf34331b79730a9d43\javax.annotation-api-1.3.2.jar;C:\Users\spintos\.gradle\caches\modules-2\files-2.1\org.springframework.data\spring-data-jpa\2.0.8.RELEASE\8b874afd15da2b4d2d9b8431ad2be0c6829e41fe\spring-data-jpa-2.0.8.RELEASE.jar;C:\Users\spintos\.gradle\caches\modules-2\files-2.1\org.springframework.security\spring-security-config\5.0.6.RELEASE\60367d94d253c82781b7f9abf2294cd0295e1c1\spring-security-config-5.0.6.RELEASE.jar;C:\Users\spintos\.gradle\caches\modules-2\files-2.1\org.springframework.security\spring-security-web\5.0.6.RELEASE\f502d929ee62f5dce0fc942f5a22faa52eaaac34\spring-security-web-5.0.6.RELEASE.jar;C:\Users\spintos\.gradle\caches\modules-2\files-2.1\org.springframework\spring-webmvc\5.0.7.RELEASE\751c871527ec7ff335ffc76f2e737e297c0a8d30\spring-webmvc-5.0.7.RELEASE.jar;C:\Users\spintos\.gradle\caches\modules-2\files-2.1\org.springframework\spring-web\5.0.7.RELEASE\2e04c6c2922fbfa06b5948be14a5782db168b6ec\spring-web-5.0.7.RELEASE.jar;C:\Users\spintos\.gradle\caches\modules-2\files-2.1\org.springframework\spring-test\5.0.7.RELEASE\bcb7505a316ea34b7e9a7ae5d4921be5b475c02d\spring-test-5.0.7.RELEASE.jar;C:\Users\spintos\.gradle\caches\modules-2\files-2.1\io.springfox\springfox-swagger2\2.9.2\362676bc7f4c6f9f1d568741becab0dfc198c898\springfox-swagger2-2.9.2.jar;C:\Users\spintos\.gradle\caches\modules-2\files-2.1\io.springfox\springfox-swagger-common\2.9.2\b38a41b3044af80cb7f41f67be5d158c9f6491ec\springfox-swagger-common-2.9.2.jar;C:\Users\spintos\.gradle\caches\modules-2\files-2.1\io.springfox\springfox-spring-web\2.9.2\ed2ed714a6cba8804d00f80f0534901e4c7a3211\springfox-spring-web-2.9.2.jar;C:\Users\spintos\.gradle\caches\modules-2\files-2.1\io.springfox\springfox-schema\2.9.2\e268f38774b16bb51a92ccaef0dcf3dc651c0cee\springfox-schema-2.9.2.jar;C:\Users\spintos\.gradle\caches\modules-2\files-2.1\io.springfox\springfox-spi\2.9.2\6ac686190a6ceaccdae8b50d03b0501d144a6666\springfox-spi-2.9.2.jar;C:\Users\spintos\.gradle\caches\modules-2\files-2.1\io.springfox\springfox-core\2.9.2\2e26f58939c594fb5c958c3a1c7bedf83d2f2702\springfox-core-2.9.2.jar;C:\Users\spintos\.gradle\caches\modules-2\files-2.1\org.springframework.plugin\spring-plugin-metadata\1.2.0.RELEASE\97223fc496b6cab31602eedbd4202aa4fff0d44f\spring-plugin-metadata-1.2.0.RELEASE.jar;C:\Users\spintos\.gradle\caches\modules-2\files-2.1\org.springframework.plugin\spring-plugin-core\1.2.0.RELEASE\f380e7760032e7d929184f8ad8a33716b75c0657\spring-plugin-core-1.2.0.RELEASE.jar;C:\Users\spintos\.gradle\caches\modules-2\files-2.1\org.springframework.data\spring-data-redis\2.0.8.RELEASE\2cc8ad667c12fac887909d33e3ca08478a5bad45\spring-data-redis-2.0.8.RELEASE.jar;C:\Users\spintos\.gradle\caches\modules-2\files-2.1\org.springframework.data\spring-data-keyvalue\2.0.8.RELEASE\f774c9cbf07dba0426066308c48fe0e0fc3a276b\spring-data-keyvalue-2.0.8.RELEASE.jar;C:\Users\spintos\.gradle\caches\modules-2\files-2.1\org.springframework\spring-context-support\5.0.7.RELEASE\e8ee4902d9d8bfbb21bc5e8f30cfbb4324adb4f3\spring-context-support-5.0.7.RELEASE.jar;C:\Users\spintos\.gradle\caches\modules-2\files-2.1\org.springframework.security\spring-security-core\5.0.6.RELEASE\11c0291cc9cda839b7feb52c519f4a35dc6e251b\spring-security-core-5.0.6.RELEASE.jar;C:\Users\spintos\.gradle\caches\modules-2\files-2.1\org.springframework\spring-context\5.0.7.RELEASE\243a23f8968de8754d8199d669780d683ab177bd\spring-context-5.0.7.RELEASE.jar;C:\Users\spintos\.gradle\caches\modules-2\files-2.1\org.springframework\spring-orm\5.0.7.RELEASE\4deed5f4a38d62f9dba7db8e010da8b49e322757\spring-orm-5.0.7.RELEASE.jar;C:\Users\spintos\.gradle\caches\modules-2\files-2.1\org.springframework\spring-jdbc\5.0.7.RELEASE\9c78c6b9a6c603f6589b480e165939cde7bab7f9\spring-jdbc-5.0.7.RELEASE.jar;C:\Users\spintos\.gradle\caches\modules-2\files-2.1\org.springframework\spring-tx\5.0.7.RELEASE\4ca59b21c61162adb146ad1b40c30b60d8dc42b8\spring-tx-5.0.7.RELEASE.jar;C:\Users\spintos\.gradle\caches\modules-2\files-2.1\org.springframework\spring-oxm\5.0.7.RELEASE\d85d5116e7673c2cf369491e5f34e23d2089eec3\spring-oxm-5.0.7.RELEASE.jar;C:\Users\spintos\.gradle\caches\modules-2\files-2.1\org.springframework\spring-aop\5.0.7.RELEASE\fdd0b6aa3c9c7a188c3bfbf6dfd8d40e843be9ef\spring-aop-5.0.7.RELEASE.jar;C:\Users\spintos\.gradle\caches\modules-2\files-2.1\org.springframework.data\spring-data-commons\2.0.8.RELEASE\5c19af63b5acb0eab39066684e813d5ecd9d03b7\spring-data-commons-2.0.8.RELEASE.jar;C:\Users\spintos\.gradle\caches\modules-2\files-2.1\org.springframework\spring-beans\5.0.7.RELEASE\c1196cb3e56da83e3c3a02ef323699f4b05feedc\spring-beans-5.0.7.RELEASE.jar;C:\Users\spintos\.gradle\caches\modules-2\files-2.1\org.springframework\spring-expression\5.0.7.RELEASE\ca01fb473f53dd0ee3c85663b26d5dc325602057\spring-expression-5.0.7.RELEASE.jar;C:\Users\spintos\.gradle\caches\modules-2\files-2.1\org.springframework\spring-core\5.0.7.RELEASE\54b731178d81e66eca9623df772ff32718208137\spring-core-5.0.7.RELEASE.jar;C:\Users\spintos\.gradle\caches\modules-2\files-2.1\org.yaml\snakeyaml\1.19\2d998d3d674b172a588e54ab619854d073f555b5\snakeyaml-1.19.jar;C:\Users\spintos\.gradle\caches\modules-2\files-2.1\org.hibernate\hibernate-core\5.2.17.Final\f2dc36470e7a2ffcf6106bb1625ecf5b54bb5f65\hibernate-core-5.2.17.Final.jar;C:\Users\spintos\.gradle\caches\modules-2\files-2.1\javax.transaction\javax.transaction-api\1.2\d81aff979d603edd90dcd8db2abc1f4ce6479e3e\javax.transaction-api-1.2.jar;C:\Users\spintos\.gradle\caches\modules-2\files-2.1\org.springframework\spring-aspects\5.0.7.RELEASE\afd3f7ecb9d7c2cb3160563f9f64b72223bb0265\spring-aspects-5.0.7.RELEASE.jar;C:\Users\spintos\.gradle\caches\modules-2\files-2.1\org.hibernate.validator\hibernate-validator\6.0.10.Final\4236051a8d209c00f85e70918d5e26d9f3e5201e\hibernate-validator-6.0.10.Final.jar;C:\Users\spintos\.gradle\caches\modules-2\files-2.1\com.nimbusds\nimbus-jose-jwt\6.5\e86d8ff7dcbe4e82494259af1d6a914bb8be2832\nimbus-jose-jwt-6.5.jar;C:\Users\spintos\.gradle\caches\modules-2\files-2.1\com.fasterxml.jackson.datatype\jackson-datatype-jdk8\2.9.6\456895fc91bf7180b216fead220373e6278230c9\jackson-datatype-jdk8-2.9.6.jar;C:\Users\spintos\.gradle\caches\modules-2\files-2.1\com.fasterxml.jackson.datatype\jackson-datatype-jsr310\2.9.6\ea54f6193d224e5e5732bbd4262327eb465397c2\jackson-datatype-jsr310-2.9.6.jar;C:\Users\spintos\.gradle\caches\modules-2\files-2.1\com.fasterxml.jackson.module\jackson-module-parameter-names\2.9.6\129acd77a4b6ee30d62d3a0899b1344c8ec2bff8\jackson-module-parameter-names-2.9.6.jar;C:\Users\spintos\.gradle\caches\modules-2\files-2.1\com.fasterxml.jackson.core\jackson-databind\2.9.6\cfa4f316351a91bfd95cb0644c6a2c95f52db1fc\jackson-databind-2.9.6.jar;C:\Users\spintos\.gradle\caches\modules-2\files-2.1\io.swagger\swagger-models\1.5.20\fb3a23bad80c5ed84db9dd150db2cba699531458\swagger-models-1.5.20.jar;C:\Users\spintos\.gradle\caches\modules-2\files-2.1\com.fasterxml.jackson.core\jackson-annotations\2.9.0\7c10d545325e3a6e72e06381afe469fd40eb701\jackson-annotations-2.9.0.jar;C:\Users\spintos\.gradle\caches\modules-2\files-2.1\redis.clients\jedis\2.9.0\292bc9cc26553acd3cccc26f2f95620bf88a04c2\jedis-2.9.0.jar;C:\Users\spintos\.gradle\caches\modules-2\files-2.1\mysql\mysql-connector-java\5.1.46\9a3e63b387e376364211e96827bc27db8d7a92e9\mysql-connector-java-5.1.46.jar;C:\Users\spintos\.gradle\caches\modules-2\files-2.1\org.postgresql\postgresql\42.2.2\7ebd60d15eec1f9e796d68212121d92e3dd566b2\postgresql-42.2.2.jar;C:\Users\spintos\.gradle\caches\modules-2\files-2.1\com.h2database\h2\1.4.197\bb391050048ca8ae3e32451b5a3714ecd3596a46\h2-1.4.197.jar;C:\Users\spintos\.gradle\caches\modules-2\files-2.1\com.jayway.jsonpath\json-path\2.4.0\765a4401ceb2dc8d40553c2075eb80a8fa35c2ae\json-path-2.4.0.jar;C:\Users\spintos\.gradle\caches\modules-2\files-2.1\junit\junit\4.12\2973d150c0dc1fefe998f834810d68f278ea58ec\junit-4.12.jar;C:\Users\spintos\.gradle\caches\modules-2\files-2.1\org.mockito\mockito-core\2.15.0\b84bfbbc29cd22c9529409627af6ea2897f4fa85\mockito-core-2.15.0.jar;C:\Users\spintos\.gradle\caches\modules-2\files-2.1\org.hamcrest\hamcrest-library\1.3\4785a3c21320980282f9f33d0d1264a69040538f\hamcrest-library-1.3.jar;C:\Users\spintos\.gradle\caches\modules-2\files-2.1\org.hamcrest\hamcrest-core\1.3\42a25dc3219429f0e5d060061f71acb49bf010a0\hamcrest-core-1.3.jar;C:\Users\spintos\.gradle\caches\modules-2\files-2.1\org.skyscreamer\jsonassert\1.5.0\6c9d5fe2f59da598d9aefc1cfc6528ff3cf32df3\jsonassert-1.5.0.jar;C:\Users\spintos\.gradle\caches\modules-2\files-2.1\org.xmlunit\xmlunit-core\2.5.1\4ffdb346572a7356f7521cd3119ce5287d2e339d\xmlunit-core-2.5.1.jar;C:\Users\spintos\.gradle\caches\modules-2\files-2.1\ch.qos.logback\logback-classic\1.2.3\7c4f3c474fb2c041d8028740440937705ebb473a\logback-classic-1.2.3.jar;C:\Users\spintos\.gradle\caches\modules-2\files-2.1\org.apache.logging.log4j\log4j-to-slf4j\2.10.0\f7e631ccf49cfc0aefa4a2a728da7d374c05bd3c\log4j-to-slf4j-2.10.0.jar;C:\Users\spintos\.gradle\caches\modules-2\files-2.1\org.slf4j\jul-to-slf4j\1.7.25\af5364cd6679bfffb114f0dec8a157aaa283b76\jul-to-slf4j-1.7.25.jar;C:\Users\spintos\.gradle\caches\modules-2\files-2.1\org.springframework\spring-jcl\5.0.7.RELEASE\699016ddf454c2c167d9f84ae5777eccadf54728\spring-jcl-5.0.7.RELEASE.jar;C:\Users\spintos\.gradle\caches\modules-2\files-2.1\org.aspectj\aspectjweaver\1.8.13\ad94df2a28d658a40dc27bbaff6a1ce5fbf04e9b\aspectjweaver-1.8.13.jar;C:\Users\spintos\.gradle\caches\modules-2\files-2.1\com.zaxxer\HikariCP\2.7.9\a83113d2c091d0d0f853dad3217bd7df3beb6ae3\HikariCP-2.7.9.jar;C:\Users\spintos\.gradle\caches\modules-2\files-2.1\org.hibernate.common\hibernate-commons-annotations\5.0.1.Final\71e1cff3fcb20d3b3af4f3363c3ddb24d33c6879\hibernate-commons-annotations-5.0.1.Final.jar;C:\Users\spintos\.gradle\caches\modules-2\files-2.1\org.jboss.logging\jboss-logging\3.3.2.Final\3789d00e859632e6c6206adc0c71625559e6e3b0\jboss-logging-3.3.2.Final.jar;C:\Users\spintos\.gradle\caches\modules-2\files-2.1\org.hibernate.javax.persistence\hibernate-jpa-2.1-api\1.0.2.Final\52afb5762c704a6b586e27742470c08f91877fc1\hibernate-jpa-2.1-api-1.0.2.Final.jar;C:\Users\spintos\.gradle\caches\modules-2\files-2.1\org.javassist\javassist\3.22.0-GA\3e83394258ae2089be7219b971ec21a8288528ad\javassist-3.22.0-GA.jar;C:\Users\spintos\.gradle\caches\modules-2\files-2.1\antlr\antlr\2.7.7\83cd2cd674a217ade95a4bb83a8a14f351f48bd0\antlr-2.7.7.jar;C:\Users\spintos\.gradle\caches\modules-2\files-2.1\org.jboss\jandex\2.0.3.Final\bfc4d6257dbff7a33a357f0de116be6ff951d849\jandex-2.0.3.Final.jar;C:\Users\spintos\.gradle\caches\modules-2\files-2.1\com.fasterxml\classmate\1.3.4\3d5f48f10bbe4eb7bd862f10c0583be2e0053c6\classmate-1.3.4.jar;C:\Users\spintos\.gradle\caches\modules-2\files-2.1\dom4j\dom4j\1.6.1\5d3ccc056b6f056dbf0dddfdf43894b9065a8f94\dom4j-1.6.1.jar;C:\Users\spintos\.gradle\caches\modules-2\files-2.1\org.slf4j\slf4j-api\1.7.25\da76ca59f6a57ee3102f8f9bd9cee742973efa8a\slf4j-api-1.7.25.jar;C:\Users\spintos\.gradle\caches\modules-2\files-2.1\javax.validation\validation-api\2.0.1.Final\cb855558e6271b1b32e716d24cb85c7f583ce09e\validation-api-2.0.1.Final.jar;C:\Users\spintos\.gradle\caches\modules-2\files-2.1\io.swagger\swagger-annotations\1.5.20\16051f93ce11ca489a5313775d825f82fcc2cd6c\swagger-annotations-1.5.20.jar;C:\Users\spintos\.gradle\caches\modules-2\files-2.1\com.google.guava\guava\20.0\89507701249388e1ed5ddcf8c41f4ce1be7831ef\guava-20.0.jar;C:\Users\spintos\.gradle\caches\modules-2\files-2.1\org.mapstruct\mapstruct\1.2.0.Final\8609d6eb044e9f6c73cb24c8f2f4ed5c72a249c7\mapstruct-1.2.0.Final.jar;C:\Users\spintos\.gradle\caches\modules-2\files-2.1\com.github.stephenc.jcip\jcip-annotations\1.0-1\ef31541dd28ae2cefdd17c7ebf352d93e9058c63\jcip-annotations-1.0-1.jar;C:\Users\spintos\.gradle\caches\modules-2\files-2.1\net.minidev\json-smart\2.3\7396407491352ce4fa30de92efb158adb76b5b\json-smart-2.3.jar;C:\Users\spintos\.gradle\caches\modules-2\files-2.1\com.fasterxml.jackson.core\jackson-core\2.9.6\4e393793c37c77e042ccc7be5a914ae39251b365\jackson-core-2.9.6.jar;C:\Users\spintos\.gradle\caches\modules-2\files-2.1\org.apache.commons\commons-pool2\2.5.0\cb7d05e6308ad795decc4a12ede671113c11dd98\commons-pool2-2.5.0.jar;C:\Users\spintos\.gradle\caches\modules-2\files-2.1\org.apache.tomcat.embed\tomcat-embed-websocket\8.5.31\6564e716b89de5eaa0dd234ae7989576503ddf3\tomcat-embed-websocket-8.5.31.jar;C:\Users\spintos\.gradle\caches\modules-2\files-2.1\org.apache.tomcat.embed\tomcat-embed-core\8.5.31\f5adf7ed8c34aa005b22b6a2dc7b6796e10e9c79\tomcat-embed-core-8.5.31.jar;C:\Users\spintos\.gradle\caches\modules-2\files-2.1\org.apache.tomcat.embed\tomcat-embed-el\8.5.31\3a536e1ac71b82627c3a7408eb38fa0704cb9034\tomcat-embed-el-8.5.31.jar;C:\Users\spintos\.gradle\caches\modules-2\files-2.1\net.bytebuddy\byte-buddy\1.7.11\f02857a4e2c66ccbe7aaad6100a0a6c461bce9b3\byte-buddy-1.7.11.jar;C:\Users\spintos\.gradle\caches\modules-2\files-2.1\net.bytebuddy\byte-buddy-agent\1.7.11\b425a8933ca07edd03c6dbc8bc3b595fba9780de\byte-buddy-agent-1.7.11.jar;C:\Users\spintos\.gradle\caches\modules-2\files-2.1\org.objenesis\objenesis\2.6\639033469776fd37c08358c6b92a4761feb2af4b\objenesis-2.6.jar;C:\Users\spintos\.gradle\caches\modules-2\files-2.1\com.vaadin.external.google\android-json\0.0.20131108.vaadin1\fa26d351fe62a6a17f5cda1287c1c6110dec413f\android-json-0.0.20131108.vaadin1.jar;C:\Users\spintos\.gradle\caches\modules-2\files-2.1\ch.qos.logback\logback-core\1.2.3\864344400c3d4d92dfeb0a305dc87d953677c03c\logback-core-1.2.3.jar;C:\Users\spintos\.gradle\caches\modules-2\files-2.1\org.apache.logging.log4j\log4j-api\2.10.0\fec5797a55b786184a537abd39c3fa1449d752d6\log4j-api-2.10.0.jar;C:\Users\spintos\.gradle\caches\modules-2\files-2.1\net.minidev\accessors-smart\1.2\c592b500269bfde36096641b01238a8350f8aa31\accessors-smart-1.2.jar;C:\Users\spintos\.gradle\caches\modules-2\files-2.1\org.ow2.asm\asm\5.0.4\da08b8cce7bbf903602a25a3a163ae252435795\asm-5.0.4.jar, user.name=spintos, java.vm.specification.version=1.8, sun.java.command=worker.org.gradle.process.internal.worker.GradleWorkerMain 'Gradle Test Executor 1', java.home=C:\Program Files\Java\jdk1.8.0_181\jre, sun.arch.data.model=64, user.language=en, java.specification.vendor=Oracle Corporation, awt.toolkit=sun.awt.windows.WToolkit, java.vm.info=mixed mode, java.version=1.8.0_181, java.ext.dirs=C:\Program Files\Java\jdk1.8.0_181\jre\lib\ext;C:\WINDOWS\Sun\Java\lib\ext, sun.boot.class.path=C:\Program Files\Java\jdk1.8.0_181\jre\lib\resources.jar;C:\Program Files\Java\jdk1.8.0_181\jre\lib\rt.jar;C:\Program Files\Java\jdk1.8.0_181\jre\lib\sunrsasign.jar;C:\Program Files\Java\jdk1.8.0_181\jre\lib\jsse.jar;C:\Program Files\Java\jdk1.8.0_181\jre\lib\jce.jar;C:\Program Files\Java\jdk1.8.0_181\jre\lib\charsets.jar;C:\Program Files\Java\jdk1.8.0_181\jre\lib\jfr.jar;C:\Program Files\Java\jdk1.8.0_181\jre\classes, java.vendor=Oracle Corporation, org.gradle.test.worker=1, file.separator=\, java.vendor.url.bug=http://bugreport.sun.com/bugreport/, sun.io.unicode.encoding=UnicodeLittle, sun.cpu.endian=little, sun.desktop=windows, sun.cpu.isalist=amd64}}, SystemEnvironmentPropertySource@1702653924 {name='systemEnvironment', properties={PATH=C:\Users\spintos\bin;C:\Program Files\Git\mingw64\bin;C:\Program Files\Git\usr\local\bin;C:\Program Files\Git\usr\bin;C:\Program Files\Git\usr\bin;C:\Program Files\Git\mingw64\bin;C:\Program Files\Git\usr\bin;C:\Users\spintos\bin;C:\Program Files\Docker\Docker\Resources\bin;C:\Program Files (x86)\Common Files\Oracle\Java\javapath;C:\ProgramData\Oracle\Java\javapath;C:\Program Files\Intel\iCLS Client;C:\WINDOWS\system32;C:\WINDOWS;C:\WINDOWS\System32\Wbem;C:\WINDOWS\System32\WindowsPowerShell\v1.0;C:\Program Files\Git\cmd;C:\Users\spintos\gradle\bin;C:\WINDOWS\System32\OpenSSH;C:\Program Files\TortoiseGit\bin;C:\Program Files\Amazon\AWSCLI\bin;C:\Program Files\nodejs;C:\Program Files (x86)\Intel\Intel(R) Management Engine Components\DAL;C:\Program Files\Intel\Intel(R) Management Engine Components\DAL;C:\Program Files\Calibre2;C:\Users\spintos\AppData\Local\Microsoft\WindowsApps;C:\Users\spintos\AppData\Roaming\npm;C:\Users\spintos\AppData\Local\Programs\Microsoft VS Code\bin;C:\Program Files (x86)\Nmap;C:\Program Files\Git\usr\bin\vendor_perl;C:\Program Files\Git\usr\bin\core_perl, USERDOMAIN_ROAMINGPROFILE=VIRIDIAN, PKG_CONFIG_PATH=C:\Program Files\Git\mingw64\lib\pkgconfig;C:\Program Files\Git\mingw64\share\pkgconfig, MSYSTEM_PREFIX=C:/Program Files/Git/mingw64, PROCESSOR_LEVEL=6, SYSTEMDRIVE=C:, RegionCode=NA, CONFIG_SITE=C:/Program Files/Git/mingw64/etc/config.site, SESSIONNAME=Console, ALLUSERSPROFILE=C:\ProgramData, PROCESSOR_ARCHITECTURE=AMD64, MSYSTEM_CHOST=x86_64-w64-mingw32, PSModulePath=C:\Program Files\WindowsPowerShell\Modules;C:\WINDOWS\system32\WindowsPowerShell\v1.0\Modules, ORIGINAL_TEMP=C:/Users/spintos/AppData/Local/Temp, PROGRAMFILES=C:\Program Files, USERNAME=spintos, USERDNSDOMAIN=VIRIDIAN.LOCAL, PWD=C:/Users/spintos/codigo/rest-api-example, ProgramFiles(x86)=C:\Program Files (x86), INFOPATH=C:\Program Files\Git\usr\local\info;C:\Program Files\Git\usr\share\info;C:\Program Files\Git\usr\info;C:\Program Files\Git\share\info, PATHEXT=.COM;.EXE;.BAT;.CMD;.VBS;.VBE;.JS;.JSE;.WSF;.WSH;.MSC, SHELL=C:\Program Files\Git\usr\bin\bash.exe, DriverData=C:\Windows\System32\Drivers\DriverData, ORIGINAL_TMP=C:/Users/spintos/AppData/Local/Temp, OLDPWD=C:/Users/spintos/codigo/rest-api-example, platformcode=AN, TMPDIR=C:\Users\spintos\AppData\Local\Temp, WINDIR=C:\WINDOWS, ProgramData=C:\ProgramData, ProgramW6432=C:\Program Files, SSH_ASKPASS=C:/Program Files/Git/mingw64/libexec/git-core/git-gui--askpass, HOMEPATH=\Users\spintos, PROCESSOR_IDENTIFIER=Intel64 Family 6 Model 78 Stepping 3, GenuineIntel, PUBLIC=C:\Users\Public, MINGW_CHOST=x86_64-w64-mingw32, =::=::\, EXEPATH=C:\Program Files\Git, SHLVL=1, LOCALAPPDATA=C:\Users\spintos\AppData\Local, ORIGINAL_PATH=C:\Program Files\Git\mingw64\bin;C:\Program Files\Git\usr\bin;C:\Users\spintos\bin;C:\Program Files\Docker\Docker\Resources\bin;C:\Program Files (x86)\Common Files\Oracle\Java\javapath;C:\ProgramData\Oracle\Java\javapath;C:\Program Files\Intel\iCLS Client;C:\WINDOWS\system32;C:\WINDOWS;C:\WINDOWS\System32\Wbem;C:\WINDOWS\System32\WindowsPowerShell\v1.0;C:\Program Files\Git\cmd;C:\Users\spintos\gradle\bin;C:\WINDOWS\System32\OpenSSH;C:\Program Files\TortoiseGit\bin;C:\Program Files\Amazon\AWSCLI\bin;C:\Program Files\nodejs;C:\Program Files (x86)\Intel\Intel(R) Management Engine Components\DAL;C:\Program Files\Intel\Intel(R) Management Engine Components\DAL;C:\Program Files\Calibre2;C:\Users\spintos\AppData\Local\Microsoft\WindowsApps;C:\Users\spintos\AppData\Roaming\npm;C:\Users\spintos\AppData\Local\Programs\Microsoft VS Code\bin;C:\Program Files (x86)\Nmap, MANPATH=C:\Program Files\Git\mingw64\local\man;C:\Program Files\Git\mingw64\share\man;C:\Program Files\Git\usr\local\man;C:\Program Files\Git\usr\share\man;C:\Program Files\Git\usr\man;C:\Program Files\Git\share\man, MINGW_PACKAGE_PREFIX=mingw-w64-x86_64, USERDOMAIN=VIRIDIAN, LOGONSERVER=\\SRV0021-VDN-W, PLINK_PROTOCOL=ssh, TERM=xterm, LANG=en_US.UTF-8, MINGW_PREFIX=C:/Program Files/Git/mingw64, DISPLAY=needs-to-be-defined, MSYSTEM=MINGW64, OneDrive=C:\Users\spintos\OneDrive, APPDATA=C:\Users\spintos\AppData\Roaming, SYSTEMROOT=C:\WINDOWS, OS=Windows_NT, COMPUTERNAME=NTBKA-TWIND-001, COMMONPROGRAMFILES=C:\Program Files\Common Files, COMSPEC=C:\WINDOWS\system32\cmd.exe, OnlineServices=Online Services, PROCESSOR_REVISION=4e03, CommonProgramW6432=C:\Program Files\Common Files, ACLOCAL_PATH=C:\Program Files\Git\mingw64\share\aclocal;C:\Program Files\Git\usr\share\aclocal, MSYSTEM_CARCH=x86_64, TEMP=C:\Users\spintos\AppData\Local\Temp, HOSTNAME=ntbka-twind-001, HOMEDRIVE=C:, USERPROFILE=C:\Users\spintos, TMP=C:\Users\spintos\AppData\Local\Temp, CommonProgramFiles(x86)=C:\Program Files (x86)\Common Files, NUMBER_OF_PROCESSORS=4, HOME=C:\Users\spintos}}]
19:42:59.610 [Test worker] DEBUG org.springframework.test.context.support.AnnotationConfigContextLoader - Registering annotated classes: {class com.example.ex.service.FixSessionServiceTest$FixSessionServiceTestContextConfiguration}
19:42:59.612 [Test worker] WARN org.springframework.boot.test.json.DuplicateJsonObjectContextCustomizerFactory$DuplicateJsonObjectContextCustomizer - 

Found multiple occurrences of org.json.JSONObject on the class path:

	jar:file:/C:/Users/spintos/.gradle/caches/modules-2/files-2.1/org.json/json/20180813/8566b2b0391d9d4479ea225645c6ed47ef17fe41/json-20180813.jar!/org/json/JSONObject.class
	jar:file:/C:/Users/spintos/.gradle/caches/modules-2/files-2.1/com.vaadin.external.google/android-json/0.0.20131108.vaadin1/fa26d351fe62a6a17f5cda1287c1c6110dec413f/android-json-0.0.20131108.vaadin1.jar!/org/json/JSONObject.class

You may wish to exclude one of them to ensure predictable runtime behavior

19:42:59.613 [Test worker] INFO org.springframework.context.support.GenericApplicationContext - Refreshing org.springframework.context.support.GenericApplicationContext@6d3cff43: startup date [Thu Jul 11 19:42:59 ART 2019]; root of context hierarchy
19:42:59.613 [Test worker] DEBUG org.springframework.context.support.GenericApplicationContext - Bean factory for org.springframework.context.support.GenericApplicationContext@6d3cff43: org.springframework.beans.factory.support.DefaultListableBeanFactory@3556549b: defining beans [org.springframework.context.annotation.internalConfigurationAnnotationProcessor,org.springframework.context.annotation.internalAutowiredAnnotationProcessor,org.springframework.context.annotation.internalRequiredAnnotationProcessor,org.springframework.context.annotation.internalCommonAnnotationProcessor,org.springframework.context.annotation.internalPersistenceAnnotationProcessor,org.springframework.context.event.internalEventListenerProcessor,org.springframework.context.event.internalEventListenerFactory,fixSessionServiceTest.FixSessionServiceTestContextConfiguration,org.springframework.boot.test.mock.mockito.MockitoPostProcessor$SpyPostProcessor,org.springframework.boot.test.mock.mockito.MockitoPostProcessor]; root of factory hierarchy
19:42:59.613 [Test worker] DEBUG org.springframework.beans.factory.support.DefaultListableBeanFactory - Creating shared instance of singleton bean 'org.springframework.context.annotation.internalConfigurationAnnotationProcessor'
19:42:59.613 [Test worker] DEBUG org.springframework.beans.factory.support.DefaultListableBeanFactory - Creating instance of bean 'org.springframework.context.annotation.internalConfigurationAnnotationProcessor'
19:42:59.613 [Test worker] DEBUG org.springframework.beans.factory.support.DefaultListableBeanFactory - Eagerly caching bean 'org.springframework.context.annotation.internalConfigurationAnnotationProcessor' to allow for resolving potential circular references
19:42:59.613 [Test worker] DEBUG org.springframework.beans.factory.support.DefaultListableBeanFactory - Finished creating instance of bean 'org.springframework.context.annotation.internalConfigurationAnnotationProcessor'
19:42:59.616 [Test worker] DEBUG org.springframework.context.annotation.ConfigurationClassBeanDefinitionReader - Registering bean definition for @Bean method com.example.ex.service.FixSessionServiceTest$FixSessionServiceTestContextConfiguration.fixSessionService()
19:42:59.616 [Test worker] DEBUG org.springframework.context.annotation.ConfigurationClassBeanDefinitionReader - Registering bean definition for @Bean method com.example.ex.service.FixSessionServiceTest$FixSessionServiceTestContextConfiguration.holidayService()
19:42:59.616 [Test worker] DEBUG org.springframework.context.annotation.ConfigurationClassBeanDefinitionReader - Registering bean definition for @Bean method com.example.ex.service.FixSessionServiceTest$FixSessionServiceTestContextConfiguration.currencyPairSettleDateService()
19:42:59.617 [Test worker] DEBUG org.springframework.context.annotation.ConfigurationClassBeanDefinitionReader - Registering bean definition for @Bean method com.example.ex.service.FixSessionServiceTest$FixSessionServiceTestContextConfiguration.systemStateService()
19:42:59.618 [Test worker] DEBUG org.springframework.context.annotation.ConfigurationClassBeanDefinitionReader - Registering bean definition for @Bean method com.example.ex.service.FixSessionServiceTest$FixSessionServiceTestContextConfiguration.currencyPairService()
19:42:59.619 [Test worker] DEBUG org.springframework.context.annotation.ConfigurationClassBeanDefinitionReader - Registering bean definition for @Bean method com.example.ex.service.FixSessionServiceTest$FixSessionServiceTestContextConfiguration.creditLineService()
19:42:59.620 [Test worker] DEBUG org.springframework.context.annotation.ConfigurationClassBeanDefinitionReader - Registering bean definition for @Bean method com.example.ex.service.FixSessionServiceTest$FixSessionServiceTestContextConfiguration.currencyService()
19:42:59.620 [Test worker] DEBUG org.springframework.context.annotation.ConfigurationClassBeanDefinitionReader - Registering bean definition for @Bean method com.example.ex.service.FixSessionServiceTest$FixSessionServiceTestContextConfiguration.blockedCounterPartyService()
19:42:59.620 [Test worker] DEBUG org.springframework.context.annotation.ConfigurationClassBeanDefinitionReader - Registering bean definition for @Bean method com.example.ex.service.FixSessionServiceTest$FixSessionServiceTestContextConfiguration.dealCodeService()
19:42:59.621 [Test worker] DEBUG org.springframework.context.annotation.ConfigurationClassBeanDefinitionReader - Registering bean definition for @Bean method com.example.ex.service.FixSessionServiceTest$FixSessionServiceTestContextConfiguration.mpidService()
19:42:59.621 [Test worker] DEBUG org.springframework.context.annotation.ConfigurationClassBeanDefinitionReader - Registering bean definition for @Bean method com.example.ex.service.FixSessionServiceTest$FixSessionServiceTestContextConfiguration.fixSessionMpidService()
19:42:59.621 [Test worker] DEBUG org.springframework.context.annotation.ConfigurationClassBeanDefinitionReader - Registering bean definition for @Bean method com.example.ex.service.FixSessionServiceTest$FixSessionServiceTestContextConfiguration.appInstanceService()
19:42:59.621 [Test worker] DEBUG org.springframework.context.annotation.ConfigurationClassBeanDefinitionReader - Registering bean definition for @Bean method com.example.ex.service.FixSessionServiceTest$FixSessionServiceTestContextConfiguration.appJvmService()
19:42:59.621 [Test worker] DEBUG org.springframework.context.annotation.ConfigurationClassBeanDefinitionReader - Registering bean definition for @Bean method com.example.ex.service.FixSessionServiceTest$FixSessionServiceTestContextConfiguration.appServerService()
19:42:59.622 [Test worker] DEBUG org.springframework.context.annotation.ConfigurationClassBeanDefinitionReader - Registering bean definition for @Bean method com.example.ex.service.FixSessionServiceTest$FixSessionServiceTestContextConfiguration.appTypeService()
19:42:59.622 [Test worker] DEBUG org.springframework.context.annotation.ConfigurationClassBeanDefinitionReader - Registering bean definition for @Bean method com.example.ex.service.FixSessionServiceTest$FixSessionServiceTestContextConfiguration.firmService()
19:42:59.622 [Test worker] DEBUG org.springframework.context.annotation.ConfigurationClassBeanDefinitionReader - Registering bean definition for @Bean method com.example.ex.service.FixSessionServiceTest$FixSessionServiceTestContextConfiguration.creditPoolService()
19:42:59.622 [Test worker] DEBUG org.springframework.context.annotation.ConfigurationClassBeanDefinitionReader - Registering bean definition for @Bean method com.example.ex.service.FixSessionServiceTest$FixSessionServiceTestContextConfiguration.tradeNotificationRuleRepository()
19:42:59.622 [Test worker] DEBUG org.springframework.context.annotation.ConfigurationClassBeanDefinitionReader - Registering bean definition for @Bean method com.example.ex.service.FixSessionServiceTest$FixSessionServiceTestContextConfiguration.blockedCounterPartyRepository()
19:42:59.623 [Test worker] DEBUG org.springframework.context.annotation.ConfigurationClassBeanDefinitionReader - Registering bean definition for @Bean method com.example.ex.service.FixSessionServiceTest$FixSessionServiceTestContextConfiguration.dealCodeRepository()
19:42:59.623 [Test worker] DEBUG org.springframework.context.annotation.ConfigurationClassBeanDefinitionReader - Registering bean definition for @Bean method com.example.ex.service.FixSessionServiceTest$FixSessionServiceTestContextConfiguration.mpidRepository()
19:42:59.623 [Test worker] DEBUG org.springframework.context.annotation.ConfigurationClassBeanDefinitionReader - Registering bean definition for @Bean method com.example.ex.service.FixSessionServiceTest$FixSessionServiceTestContextConfiguration.fixSessionMpidRepository()
19:42:59.623 [Test worker] DEBUG org.springframework.context.annotation.ConfigurationClassBeanDefinitionReader - Registering bean definition for @Bean method com.example.ex.service.FixSessionServiceTest$FixSessionServiceTestContextConfiguration.fixSessionRepository()
19:42:59.623 [Test worker] DEBUG org.springframework.context.annotation.ConfigurationClassBeanDefinitionReader - Registering bean definition for @Bean method com.example.ex.service.FixSessionServiceTest$FixSessionServiceTestContextConfiguration.appInstanceRepository()
19:42:59.624 [Test worker] DEBUG org.springframework.context.annotation.ConfigurationClassBeanDefinitionReader - Registering bean definition for @Bean method com.example.ex.service.FixSessionServiceTest$FixSessionServiceTestContextConfiguration.appJvmRepository()
19:42:59.624 [Test worker] DEBUG org.springframework.context.annotation.ConfigurationClassBeanDefinitionReader - Registering bean definition for @Bean method com.example.ex.service.FixSessionServiceTest$FixSessionServiceTestContextConfiguration.appServerRepository()
19:42:59.624 [Test worker] DEBUG org.springframework.context.annotation.ConfigurationClassBeanDefinitionReader - Registering bean definition for @Bean method com.example.ex.service.FixSessionServiceTest$FixSessionServiceTestContextConfiguration.appTypeRepository()
19:42:59.624 [Test worker] DEBUG org.springframework.context.annotation.ConfigurationClassBeanDefinitionReader - Registering bean definition for @Bean method com.example.ex.service.FixSessionServiceTest$FixSessionServiceTestContextConfiguration.firmRepository()
19:42:59.624 [Test worker] DEBUG org.springframework.context.annotation.ConfigurationClassBeanDefinitionReader - Registering bean definition for @Bean method com.example.ex.service.FixSessionServiceTest$FixSessionServiceTestContextConfiguration.creditPooLRepository()
19:42:59.624 [Test worker] DEBUG org.springframework.context.annotation.ConfigurationClassBeanDefinitionReader - Registering bean definition for @Bean method com.example.ex.service.FixSessionServiceTest$FixSessionServiceTestContextConfiguration.creditLineRepository()
19:42:59.625 [Test worker] DEBUG org.springframework.context.annotation.ConfigurationClassBeanDefinitionReader - Registering bean definition for @Bean method com.example.ex.service.FixSessionServiceTest$FixSessionServiceTestContextConfiguration.currencyRepository()
19:42:59.625 [Test worker] DEBUG org.springframework.context.annotation.ConfigurationClassBeanDefinitionReader - Registering bean definition for @Bean method com.example.ex.service.FixSessionServiceTest$FixSessionServiceTestContextConfiguration.currencyPairRepository()
19:42:59.625 [Test worker] DEBUG org.springframework.context.annotation.ConfigurationClassBeanDefinitionReader - Registering bean definition for @Bean method com.example.ex.service.FixSessionServiceTest$FixSessionServiceTestContextConfiguration.systemStateRepository()
19:42:59.625 [Test worker] DEBUG org.springframework.context.annotation.ConfigurationClassBeanDefinitionReader - Registering bean definition for @Bean method com.example.ex.service.FixSessionServiceTest$FixSessionServiceTestContextConfiguration.currencyPairSettleDateRepository()
19:42:59.625 [Test worker] DEBUG org.springframework.context.annotation.ConfigurationClassBeanDefinitionReader - Registering bean definition for @Bean method com.example.ex.service.FixSessionServiceTest$FixSessionServiceTestContextConfiguration.holidayRepository()
19:42:59.625 [Test worker] DEBUG org.springframework.context.annotation.ConfigurationClassBeanDefinitionReader - Registering bean definition for @Bean method com.example.ex.service.FixSessionServiceTest$FixSessionServiceTestContextConfiguration.scheduledEventRepository()
19:42:59.626 [Test worker] DEBUG org.springframework.context.annotation.ConfigurationClassBeanDefinitionReader - Registering bean definition for @Bean method com.example.ex.service.FixSessionServiceTest$FixSessionServiceTestContextConfiguration.venueRepository()
19:42:59.626 [Test worker] DEBUG org.springframework.context.annotation.ConfigurationClassBeanDefinitionReader - Registering bean definition for @Bean method com.example.ex.service.FixSessionServiceTest$FixSessionServiceTestContextConfiguration.refdBrokerSessionMpidRepository()
19:42:59.626 [Test worker] DEBUG org.springframework.context.annotation.ConfigurationClassBeanDefinitionReader - Registering bean definition for @Bean method com.example.ex.service.FixSessionServiceTest$FixSessionServiceTestContextConfiguration.cacheManager()
19:42:59.632 [Test worker] DEBUG org.springframework.context.annotation.ConfigurationClassEnhancer - Successfully enhanced com.example.ex.service.FixSessionServiceTest$FixSessionServiceTestContextConfiguration; enhanced class name is: com.example.ex.service.FixSessionServiceTest$FixSessionServiceTestContextConfiguration$$EnhancerBySpringCGLIB$$fb40aac2
19:42:59.632 [Test worker] DEBUG org.springframework.context.annotation.ConfigurationClassPostProcessor - Replacing bean definition 'fixSessionServiceTest.FixSessionServiceTestContextConfiguration' existing class 'com.example.ex.service.FixSessionServiceTest$FixSessionServiceTestContextConfiguration' with enhanced class 'com.example.ex.service.FixSessionServiceTest$FixSessionServiceTestContextConfiguration$$EnhancerBySpringCGLIB$$fb40aac2'
19:42:59.632 [Test worker] DEBUG org.springframework.beans.factory.support.DefaultListableBeanFactory - Creating shared instance of singleton bean 'org.springframework.boot.test.mock.mockito.MockitoPostProcessor'
19:42:59.632 [Test worker] DEBUG org.springframework.beans.factory.support.DefaultListableBeanFactory - Creating instance of bean 'org.springframework.boot.test.mock.mockito.MockitoPostProcessor'
19:42:59.632 [Test worker] DEBUG org.springframework.beans.factory.support.DefaultListableBeanFactory - Eagerly caching bean 'org.springframework.boot.test.mock.mockito.MockitoPostProcessor' to allow for resolving potential circular references
19:42:59.633 [Test worker] DEBUG org.springframework.beans.factory.support.DefaultListableBeanFactory - Finished creating instance of bean 'org.springframework.boot.test.mock.mockito.MockitoPostProcessor'
19:42:59.634 [Test worker] DEBUG org.springframework.beans.factory.support.DefaultListableBeanFactory - Creating shared instance of singleton bean 'org.springframework.context.annotation.internalAutowiredAnnotationProcessor'
19:42:59.634 [Test worker] DEBUG org.springframework.beans.factory.support.DefaultListableBeanFactory - Creating instance of bean 'org.springframework.context.annotation.internalAutowiredAnnotationProcessor'
19:42:59.635 [Test worker] DEBUG org.springframework.beans.factory.support.DefaultListableBeanFactory - Eagerly caching bean 'org.springframework.context.annotation.internalAutowiredAnnotationProcessor' to allow for resolving potential circular references
19:42:59.636 [Test worker] DEBUG org.springframework.beans.factory.support.DefaultListableBeanFactory - Finished creating instance of bean 'org.springframework.context.annotation.internalAutowiredAnnotationProcessor'
19:42:59.636 [Test worker] DEBUG org.springframework.beans.factory.support.DefaultListableBeanFactory - Creating shared instance of singleton bean 'org.springframework.context.annotation.internalRequiredAnnotationProcessor'
19:42:59.636 [Test worker] DEBUG org.springframework.beans.factory.support.DefaultListableBeanFactory - Creating instance of bean 'org.springframework.context.annotation.internalRequiredAnnotationProcessor'
19:42:59.636 [Test worker] DEBUG org.springframework.beans.factory.support.DefaultListableBeanFactory - Eagerly caching bean 'org.springframework.context.annotation.internalRequiredAnnotationProcessor' to allow for resolving potential circular references
19:42:59.636 [Test worker] DEBUG org.springframework.beans.factory.support.DefaultListableBeanFactory - Finished creating instance of bean 'org.springframework.context.annotation.internalRequiredAnnotationProcessor'
19:42:59.636 [Test worker] DEBUG org.springframework.beans.factory.support.DefaultListableBeanFactory - Creating shared instance of singleton bean 'org.springframework.context.annotation.internalCommonAnnotationProcessor'
19:42:59.636 [Test worker] DEBUG org.springframework.beans.factory.support.DefaultListableBeanFactory - Creating instance of bean 'org.springframework.context.annotation.internalCommonAnnotationProcessor'
19:42:59.636 [Test worker] DEBUG org.springframework.beans.factory.support.DefaultListableBeanFactory - Eagerly caching bean 'org.springframework.context.annotation.internalCommonAnnotationProcessor' to allow for resolving potential circular references
19:42:59.637 [Test worker] DEBUG org.springframework.beans.factory.support.DefaultListableBeanFactory - Finished creating instance of bean 'org.springframework.context.annotation.internalCommonAnnotationProcessor'
19:42:59.637 [Test worker] DEBUG org.springframework.beans.factory.support.DefaultListableBeanFactory - Creating shared instance of singleton bean 'org.springframework.context.annotation.internalPersistenceAnnotationProcessor'
19:42:59.637 [Test worker] DEBUG org.springframework.beans.factory.support.DefaultListableBeanFactory - Creating instance of bean 'org.springframework.context.annotation.internalPersistenceAnnotationProcessor'
19:42:59.637 [Test worker] DEBUG org.springframework.beans.factory.support.DefaultListableBeanFactory - Eagerly caching bean 'org.springframework.context.annotation.internalPersistenceAnnotationProcessor' to allow for resolving potential circular references
19:42:59.638 [Test worker] DEBUG org.springframework.beans.factory.support.DefaultListableBeanFactory - Finished creating instance of bean 'org.springframework.context.annotation.internalPersistenceAnnotationProcessor'
19:42:59.638 [Test worker] DEBUG org.springframework.beans.factory.support.DefaultListableBeanFactory - Creating shared instance of singleton bean 'org.springframework.boot.test.mock.mockito.MockitoPostProcessor$SpyPostProcessor'
19:42:59.638 [Test worker] DEBUG org.springframework.beans.factory.support.DefaultListableBeanFactory - Creating instance of bean 'org.springframework.boot.test.mock.mockito.MockitoPostProcessor$SpyPostProcessor'
19:42:59.638 [Test worker] DEBUG org.springframework.beans.factory.support.DefaultListableBeanFactory - Returning cached instance of singleton bean 'org.springframework.boot.test.mock.mockito.MockitoPostProcessor'
19:42:59.639 [Test worker] DEBUG org.springframework.beans.factory.support.DefaultListableBeanFactory - Eagerly caching bean 'org.springframework.boot.test.mock.mockito.MockitoPostProcessor$SpyPostProcessor' to allow for resolving potential circular references
19:42:59.641 [Test worker] DEBUG org.springframework.beans.factory.support.DefaultListableBeanFactory - Finished creating instance of bean 'org.springframework.boot.test.mock.mockito.MockitoPostProcessor$SpyPostProcessor'
19:42:59.641 [Test worker] DEBUG org.springframework.beans.factory.support.DefaultListableBeanFactory - Returning cached instance of singleton bean 'org.springframework.boot.test.mock.mockito.MockitoPostProcessor'
19:42:59.641 [Test worker] DEBUG org.springframework.beans.factory.support.DefaultListableBeanFactory - Returning cached instance of singleton bean 'org.springframework.boot.test.autoconfigure.properties.PropertyMappingContextCustomizer$PropertyMappingCheckBeanPostProcessor'
19:42:59.641 [Test worker] DEBUG org.springframework.context.support.GenericApplicationContext - Unable to locate MessageSource with name 'messageSource': using default [org.springframework.context.support.DelegatingMessageSource@14a5531d]
19:42:59.641 [Test worker] DEBUG org.springframework.context.support.GenericApplicationContext - Unable to locate ApplicationEventMulticaster with name 'applicationEventMulticaster': using default [org.springframework.context.event.SimpleApplicationEventMulticaster@3518449b]
19:42:59.642 [Test worker] DEBUG org.springframework.beans.factory.support.DefaultListableBeanFactory - Pre-instantiating singletons in org.springframework.beans.factory.support.DefaultListableBeanFactory@3556549b: defining beans [org.springframework.context.annotation.internalConfigurationAnnotationProcessor,org.springframework.context.annotation.internalAutowiredAnnotationProcessor,org.springframework.context.annotation.internalRequiredAnnotationProcessor,org.springframework.context.annotation.internalCommonAnnotationProcessor,org.springframework.context.annotation.internalPersistenceAnnotationProcessor,org.springframework.context.event.internalEventListenerProcessor,org.springframework.context.event.internalEventListenerFactory,fixSessionServiceTest.FixSessionServiceTestContextConfiguration,org.springframework.boot.test.mock.mockito.MockitoPostProcessor$SpyPostProcessor,org.springframework.boot.test.mock.mockito.MockitoPostProcessor,fixSessionService,holidayService,currencyPairSettleDateService,systemStateService,currencyPairService,creditLineService,currencyService,blockedCounterPartyService,dealCodeService,mpidService,fixSessionMpidService,appInstanceService,appJvmService,appServerService,appTypeService,firmService,creditPoolService,tradeNotificationRuleRepository,blockedCounterPartyRepository,dealCodeRepository,mpidRepository,fixSessionMpidRepository,appInstanceRepository,appJvmRepository,appServerRepository,appTypeRepository,firmRepository,creditPooLRepository,creditLineRepository,currencyRepository,currencyPairRepository,systemStateRepository,currencyPairSettleDateRepository,holidayRepository,scheduledEventRepository,venueRepository,refdBrokerSessionMpidRepository,cacheManager,fixSessionRepository]; root of factory hierarchy
19:42:59.642 [Test worker] DEBUG org.springframework.beans.factory.support.DefaultListableBeanFactory - Returning cached instance of singleton bean 'org.springframework.context.annotation.internalConfigurationAnnotationProcessor'
19:42:59.642 [Test worker] DEBUG org.springframework.beans.factory.support.DefaultListableBeanFactory - Returning cached instance of singleton bean 'org.springframework.context.annotation.internalAutowiredAnnotationProcessor'
19:42:59.642 [Test worker] DEBUG org.springframework.beans.factory.support.DefaultListableBeanFactory - Returning cached instance of singleton bean 'org.springframework.context.annotation.internalRequiredAnnotationProcessor'
19:42:59.642 [Test worker] DEBUG org.springframework.beans.factory.support.DefaultListableBeanFactory - Returning cached instance of singleton bean 'org.springframework.context.annotation.internalCommonAnnotationProcessor'
19:42:59.642 [Test worker] DEBUG org.springframework.beans.factory.support.DefaultListableBeanFactory - Returning cached instance of singleton bean 'org.springframework.context.annotation.internalPersistenceAnnotationProcessor'
19:42:59.642 [Test worker] DEBUG org.springframework.beans.factory.support.DefaultListableBeanFactory - Creating shared instance of singleton bean 'org.springframework.context.event.internalEventListenerProcessor'
19:42:59.642 [Test worker] DEBUG org.springframework.beans.factory.support.DefaultListableBeanFactory - Creating instance of bean 'org.springframework.context.event.internalEventListenerProcessor'
19:42:59.642 [Test worker] DEBUG org.springframework.beans.factory.support.DefaultListableBeanFactory - Eagerly caching bean 'org.springframework.context.event.internalEventListenerProcessor' to allow for resolving potential circular references
19:42:59.643 [Test worker] DEBUG org.springframework.beans.factory.support.DefaultListableBeanFactory - Finished creating instance of bean 'org.springframework.context.event.internalEventListenerProcessor'
19:42:59.643 [Test worker] DEBUG org.springframework.beans.factory.support.DefaultListableBeanFactory - Creating shared instance of singleton bean 'org.springframework.context.event.internalEventListenerFactory'
19:42:59.643 [Test worker] DEBUG org.springframework.beans.factory.support.DefaultListableBeanFactory - Creating instance of bean 'org.springframework.context.event.internalEventListenerFactory'
19:42:59.643 [Test worker] DEBUG org.springframework.beans.factory.support.DefaultListableBeanFactory - Eagerly caching bean 'org.springframework.context.event.internalEventListenerFactory' to allow for resolving potential circular references
19:42:59.643 [Test worker] DEBUG org.springframework.beans.factory.support.DefaultListableBeanFactory - Finished creating instance of bean 'org.springframework.context.event.internalEventListenerFactory'
19:42:59.643 [Test worker] DEBUG org.springframework.beans.factory.support.DefaultListableBeanFactory - Creating shared instance of singleton bean 'fixSessionServiceTest.FixSessionServiceTestContextConfiguration'
19:42:59.643 [Test worker] DEBUG org.springframework.beans.factory.support.DefaultListableBeanFactory - Creating instance of bean 'fixSessionServiceTest.FixSessionServiceTestContextConfiguration'
19:42:59.644 [Test worker] DEBUG org.springframework.beans.factory.support.DefaultListableBeanFactory - Eagerly caching bean 'fixSessionServiceTest.FixSessionServiceTestContextConfiguration' to allow for resolving potential circular references
19:42:59.649 [Test worker] DEBUG org.springframework.beans.factory.support.DefaultListableBeanFactory - Finished creating instance of bean 'fixSessionServiceTest.FixSessionServiceTestContextConfiguration'
19:42:59.649 [Test worker] DEBUG org.springframework.beans.factory.support.DefaultListableBeanFactory - Returning cached instance of singleton bean 'org.springframework.boot.test.mock.mockito.MockitoPostProcessor$SpyPostProcessor'
19:42:59.649 [Test worker] DEBUG org.springframework.beans.factory.support.DefaultListableBeanFactory - Returning cached instance of singleton bean 'org.springframework.boot.test.mock.mockito.MockitoPostProcessor'
19:42:59.649 [Test worker] DEBUG org.springframework.beans.factory.support.DefaultListableBeanFactory - Creating shared instance of singleton bean 'fixSessionService'
19:42:59.649 [Test worker] DEBUG org.springframework.beans.factory.support.DefaultListableBeanFactory - Creating instance of bean 'fixSessionService'
19:42:59.649 [Test worker] DEBUG org.springframework.beans.factory.support.DefaultListableBeanFactory - Returning cached instance of singleton bean 'fixSessionServiceTest.FixSessionServiceTestContextConfiguration'
19:42:59.660 [Test worker] DEBUG org.springframework.beans.factory.annotation.InjectionMetadata - Registered injected element on class [com.example.ex.service.FixSessionService]: AutowiredFieldElement for private com.example.ex.repository.admin.FixSessionRepository com.example.ex.service.FixSessionService.fixSessionRepository
19:42:59.660 [Test worker] DEBUG org.springframework.beans.factory.annotation.InjectionMetadata - Registered injected element on class [com.example.ex.service.FixSessionService]: AutowiredFieldElement for private com.example.ex.service.AppInstanceService com.example.ex.service.FixSessionService.appInstanceService
19:42:59.660 [Test worker] DEBUG org.springframework.beans.factory.annotation.InjectionMetadata - Registered injected element on class [com.example.ex.service.FixSessionService]: AutowiredFieldElement for private com.example.ex.service.MpidService com.example.ex.service.FixSessionService.mpidService
19:42:59.660 [Test worker] DEBUG org.springframework.beans.factory.annotation.InjectionMetadata - Registered injected element on class [com.example.ex.service.FixSessionService]: AutowiredFieldElement for private com.example.ex.service.FixSessionMpidService com.example.ex.service.FixSessionService.fixSessionMpidService
19:42:59.660 [Test worker] DEBUG org.springframework.beans.factory.support.DefaultListableBeanFactory - Eagerly caching bean 'fixSessionService' to allow for resolving potential circular references
19:42:59.660 [Test worker] DEBUG org.springframework.beans.factory.annotation.InjectionMetadata - Processing injected element of bean 'fixSessionService': AutowiredFieldElement for private com.example.ex.repository.admin.FixSessionRepository com.example.ex.service.FixSessionService.fixSessionRepository
19:42:59.660 [Test worker] DEBUG org.springframework.beans.factory.support.DefaultListableBeanFactory - Returning cached instance of singleton bean 'fixSessionRepository'
19:42:59.660 [Test worker] DEBUG org.springframework.beans.factory.annotation.AutowiredAnnotationBeanPostProcessor - Autowiring by type from bean name 'fixSessionService' to bean named 'fixSessionRepository'
19:42:59.660 [Test worker] DEBUG org.springframework.beans.factory.annotation.InjectionMetadata - Processing injected element of bean 'fixSessionService': AutowiredFieldElement for private com.example.ex.service.AppInstanceService com.example.ex.service.FixSessionService.appInstanceService
19:42:59.661 [Test worker] DEBUG org.springframework.beans.factory.support.DefaultListableBeanFactory - Creating shared instance of singleton bean 'appInstanceService'
19:42:59.661 [Test worker] DEBUG org.springframework.beans.factory.support.DefaultListableBeanFactory - Creating instance of bean 'appInstanceService'
19:42:59.661 [Test worker] DEBUG org.springframework.beans.factory.support.DefaultListableBeanFactory - Returning cached instance of singleton bean 'fixSessionServiceTest.FixSessionServiceTestContextConfiguration'
19:42:59.663 [Test worker] DEBUG org.springframework.beans.factory.annotation.InjectionMetadata - Registered injected element on class [com.example.ex.service.AppInstanceService$MockitoMock$1134482534]: AutowiredFieldElement for private com.example.ex.repository.admin.AppInstanceRepository com.example.ex.service.AppInstanceService.appInstanceRepository
19:42:59.663 [Test worker] DEBUG org.springframework.beans.factory.annotation.InjectionMetadata - Registered injected element on class [com.example.ex.service.AppInstanceService$MockitoMock$1134482534]: AutowiredFieldElement for private com.example.ex.service.AppTypeService com.example.ex.service.AppInstanceService.appTypeService
19:42:59.663 [Test worker] DEBUG org.springframework.beans.factory.annotation.InjectionMetadata - Registered injected element on class [com.example.ex.service.AppInstanceService$MockitoMock$1134482534]: AutowiredFieldElement for private com.example.ex.service.AppJvmService com.example.ex.service.AppInstanceService.appJvmService
19:42:59.663 [Test worker] DEBUG org.springframework.beans.factory.annotation.InjectionMetadata - Registered injected element on class [com.example.ex.service.AppInstanceService$MockitoMock$1134482534]: AutowiredFieldElement for private com.example.ex.service.FixSessionService com.example.ex.service.AppInstanceService.fixSessionService
19:42:59.663 [Test worker] DEBUG org.springframework.beans.factory.support.DefaultListableBeanFactory - Eagerly caching bean 'appInstanceService' to allow for resolving potential circular references
19:42:59.664 [Test worker] DEBUG org.springframework.beans.factory.annotation.InjectionMetadata - Processing injected element of bean 'appInstanceService': AutowiredFieldElement for private com.example.ex.repository.admin.AppInstanceRepository com.example.ex.service.AppInstanceService.appInstanceRepository
19:42:59.664 [Test worker] DEBUG org.springframework.beans.factory.support.DefaultListableBeanFactory - Creating shared instance of singleton bean 'appInstanceRepository'
19:42:59.664 [Test worker] DEBUG org.springframework.beans.factory.support.DefaultListableBeanFactory - Creating instance of bean 'appInstanceRepository'
19:42:59.664 [Test worker] DEBUG org.springframework.beans.factory.support.DefaultListableBeanFactory - Returning cached instance of singleton bean 'fixSessionServiceTest.FixSessionServiceTestContextConfiguration'
19:42:59.666 [Test worker] DEBUG org.springframework.beans.factory.support.DefaultListableBeanFactory - Eagerly caching bean 'appInstanceRepository' to allow for resolving potential circular references
19:42:59.666 [Test worker] DEBUG org.springframework.beans.factory.support.DefaultListableBeanFactory - Finished creating instance of bean 'appInstanceRepository'
19:42:59.667 [Test worker] DEBUG org.springframework.beans.factory.annotation.AutowiredAnnotationBeanPostProcessor - Autowiring by type from bean name 'appInstanceService' to bean named 'appInstanceRepository'
19:42:59.667 [Test worker] DEBUG org.springframework.beans.factory.annotation.InjectionMetadata - Processing injected element of bean 'appInstanceService': AutowiredFieldElement for private com.example.ex.service.AppTypeService com.example.ex.service.AppInstanceService.appTypeService
19:42:59.668 [Test worker] DEBUG org.springframework.beans.factory.support.DefaultListableBeanFactory - Creating shared instance of singleton bean 'appTypeService'
19:42:59.668 [Test worker] DEBUG org.springframework.beans.factory.support.DefaultListableBeanFactory - Creating instance of bean 'appTypeService'
19:42:59.668 [Test worker] DEBUG org.springframework.beans.factory.support.DefaultListableBeanFactory - Returning cached instance of singleton bean 'fixSessionServiceTest.FixSessionServiceTestContextConfiguration'
19:42:59.670 [Test worker] DEBUG org.springframework.beans.factory.annotation.InjectionMetadata - Registered injected element on class [com.example.ex.service.AppTypeService$MockitoMock$1398643920]: AutowiredFieldElement for private com.example.ex.repository.admin.AppTypeRepository com.example.ex.service.AppTypeService.appTypeRepository
19:42:59.670 [Test worker] DEBUG org.springframework.beans.factory.annotation.InjectionMetadata - Registered injected element on class [com.example.ex.service.AppTypeService$MockitoMock$1398643920]: AutowiredFieldElement for private com.example.ex.service.AppInstanceService com.example.ex.service.AppTypeService.appInstanceService
19:42:59.670 [Test worker] DEBUG org.springframework.beans.factory.support.DefaultListableBeanFactory - Eagerly caching bean 'appTypeService' to allow for resolving potential circular references
19:42:59.673 [Test worker] DEBUG org.springframework.beans.factory.annotation.InjectionMetadata - Processing injected element of bean 'appTypeService': AutowiredFieldElement for private com.example.ex.repository.admin.AppTypeRepository com.example.ex.service.AppTypeService.appTypeRepository
19:42:59.673 [Test worker] DEBUG org.springframework.beans.factory.support.DefaultListableBeanFactory - Creating shared instance of singleton bean 'appTypeRepository'
19:42:59.673 [Test worker] DEBUG org.springframework.beans.factory.support.DefaultListableBeanFactory - Creating instance of bean 'appTypeRepository'
19:42:59.673 [Test worker] DEBUG org.springframework.beans.factory.support.DefaultListableBeanFactory - Returning cached instance of singleton bean 'fixSessionServiceTest.FixSessionServiceTestContextConfiguration'
19:42:59.675 [Test worker] DEBUG org.springframework.beans.factory.support.DefaultListableBeanFactory - Eagerly caching bean 'appTypeRepository' to allow for resolving potential circular references
19:42:59.675 [Test worker] DEBUG org.springframework.beans.factory.support.DefaultListableBeanFactory - Finished creating instance of bean 'appTypeRepository'
19:42:59.675 [Test worker] DEBUG org.springframework.beans.factory.annotation.AutowiredAnnotationBeanPostProcessor - Autowiring by type from bean name 'appTypeService' to bean named 'appTypeRepository'
19:42:59.675 [Test worker] DEBUG org.springframework.beans.factory.annotation.InjectionMetadata - Processing injected element of bean 'appTypeService': AutowiredFieldElement for private com.example.ex.service.AppInstanceService com.example.ex.service.AppTypeService.appInstanceService
19:42:59.675 [Test worker] DEBUG org.springframework.beans.factory.support.DefaultListableBeanFactory - Returning eagerly cached instance of singleton bean 'appInstanceService' that is not fully initialized yet - a consequence of a circular reference
19:42:59.675 [Test worker] DEBUG org.springframework.beans.factory.annotation.AutowiredAnnotationBeanPostProcessor - Autowiring by type from bean name 'appTypeService' to bean named 'appInstanceService'
19:42:59.676 [Test worker] DEBUG org.springframework.beans.factory.support.DefaultListableBeanFactory - Finished creating instance of bean 'appTypeService'
19:42:59.676 [Test worker] DEBUG org.springframework.beans.factory.annotation.AutowiredAnnotationBeanPostProcessor - Autowiring by type from bean name 'appInstanceService' to bean named 'appTypeService'
19:42:59.676 [Test worker] DEBUG org.springframework.beans.factory.annotation.InjectionMetadata - Processing injected element of bean 'appInstanceService': AutowiredFieldElement for private com.example.ex.service.AppJvmService com.example.ex.service.AppInstanceService.appJvmService
19:42:59.676 [Test worker] DEBUG org.springframework.beans.factory.support.DefaultListableBeanFactory - Creating shared instance of singleton bean 'appJvmService'
19:42:59.676 [Test worker] DEBUG org.springframework.beans.factory.support.DefaultListableBeanFactory - Creating instance of bean 'appJvmService'
19:42:59.676 [Test worker] DEBUG org.springframework.beans.factory.support.DefaultListableBeanFactory - Returning cached instance of singleton bean 'fixSessionServiceTest.FixSessionServiceTestContextConfiguration'
19:42:59.678 [Test worker] DEBUG org.springframework.beans.factory.annotation.InjectionMetadata - Registered injected element on class [com.example.ex.service.AppJvmService$MockitoMock$152602120]: AutowiredFieldElement for private com.example.ex.repository.admin.AppJvmRepository com.example.ex.service.AppJvmService.appJvmRepository
19:42:59.678 [Test worker] DEBUG org.springframework.beans.factory.annotation.InjectionMetadata - Registered injected element on class [com.example.ex.service.AppJvmService$MockitoMock$152602120]: AutowiredFieldElement for private com.example.ex.service.AppServerService com.example.ex.service.AppJvmService.appServerService
19:42:59.678 [Test worker] DEBUG org.springframework.beans.factory.annotation.InjectionMetadata - Registered injected element on class [com.example.ex.service.AppJvmService$MockitoMock$152602120]: AutowiredFieldElement for private com.example.ex.service.AppInstanceService com.example.ex.service.AppJvmService.appInstanceService
19:42:59.678 [Test worker] DEBUG org.springframework.beans.factory.support.DefaultListableBeanFactory - Eagerly caching bean 'appJvmService' to allow for resolving potential circular references
19:42:59.678 [Test worker] DEBUG org.springframework.beans.factory.annotation.InjectionMetadata - Processing injected element of bean 'appJvmService': AutowiredFieldElement for private com.example.ex.repository.admin.AppJvmRepository com.example.ex.service.AppJvmService.appJvmRepository
19:42:59.679 [Test worker] DEBUG org.springframework.beans.factory.support.DefaultListableBeanFactory - Creating shared instance of singleton bean 'appJvmRepository'
19:42:59.679 [Test worker] DEBUG org.springframework.beans.factory.support.DefaultListableBeanFactory - Creating instance of bean 'appJvmRepository'
19:42:59.679 [Test worker] DEBUG org.springframework.beans.factory.support.DefaultListableBeanFactory - Returning cached instance of singleton bean 'fixSessionServiceTest.FixSessionServiceTestContextConfiguration'
19:42:59.680 [Test worker] DEBUG org.springframework.beans.factory.support.DefaultListableBeanFactory - Eagerly caching bean 'appJvmRepository' to allow for resolving potential circular references
19:42:59.680 [Test worker] DEBUG org.springframework.beans.factory.support.DefaultListableBeanFactory - Finished creating instance of bean 'appJvmRepository'
19:42:59.680 [Test worker] DEBUG org.springframework.beans.factory.annotation.AutowiredAnnotationBeanPostProcessor - Autowiring by type from bean name 'appJvmService' to bean named 'appJvmRepository'
19:42:59.680 [Test worker] DEBUG org.springframework.beans.factory.annotation.InjectionMetadata - Processing injected element of bean 'appJvmService': AutowiredFieldElement for private com.example.ex.service.AppServerService com.example.ex.service.AppJvmService.appServerService
19:42:59.681 [Test worker] DEBUG org.springframework.beans.factory.support.DefaultListableBeanFactory - Creating shared instance of singleton bean 'appServerService'
19:42:59.681 [Test worker] DEBUG org.springframework.beans.factory.support.DefaultListableBeanFactory - Creating instance of bean 'appServerService'
19:42:59.681 [Test worker] DEBUG org.springframework.beans.factory.support.DefaultListableBeanFactory - Returning cached instance of singleton bean 'fixSessionServiceTest.FixSessionServiceTestContextConfiguration'
19:42:59.682 [Test worker] DEBUG org.springframework.beans.factory.annotation.InjectionMetadata - Registered injected element on class [com.example.ex.service.AppServerService$MockitoMock$164076152]: AutowiredFieldElement for private com.example.ex.repository.admin.AppServerRepository com.example.ex.service.AppServerService.appServerRepository
19:42:59.683 [Test worker] DEBUG org.springframework.beans.factory.annotation.InjectionMetadata - Registered injected element on class [com.example.ex.service.AppServerService$MockitoMock$164076152]: AutowiredFieldElement for private com.example.ex.service.AppJvmService com.example.ex.service.AppServerService.appJvmService
19:42:59.683 [Test worker] DEBUG org.springframework.beans.factory.support.DefaultListableBeanFactory - Eagerly caching bean 'appServerService' to allow for resolving potential circular references
19:42:59.683 [Test worker] DEBUG org.springframework.beans.factory.annotation.InjectionMetadata - Processing injected element of bean 'appServerService': AutowiredFieldElement for private com.example.ex.repository.admin.AppServerRepository com.example.ex.service.AppServerService.appServerRepository
19:42:59.686 [Test worker] DEBUG org.springframework.beans.factory.support.DefaultListableBeanFactory - Creating shared instance of singleton bean 'appServerRepository'
19:42:59.686 [Test worker] DEBUG org.springframework.beans.factory.support.DefaultListableBeanFactory - Creating instance of bean 'appServerRepository'
19:42:59.686 [Test worker] DEBUG org.springframework.beans.factory.support.DefaultListableBeanFactory - Returning cached instance of singleton bean 'fixSessionServiceTest.FixSessionServiceTestContextConfiguration'
19:42:59.688 [Test worker] DEBUG org.springframework.beans.factory.support.DefaultListableBeanFactory - Eagerly caching bean 'appServerRepository' to allow for resolving potential circular references
19:42:59.690 [Test worker] DEBUG org.springframework.beans.factory.support.DefaultListableBeanFactory - Finished creating instance of bean 'appServerRepository'
19:42:59.690 [Test worker] DEBUG org.springframework.beans.factory.annotation.AutowiredAnnotationBeanPostProcessor - Autowiring by type from bean name 'appServerService' to bean named 'appServerRepository'
19:42:59.690 [Test worker] DEBUG org.springframework.beans.factory.annotation.InjectionMetadata - Processing injected element of bean 'appServerService': AutowiredFieldElement for private com.example.ex.service.AppJvmService com.example.ex.service.AppServerService.appJvmService
19:42:59.691 [Test worker] DEBUG org.springframework.beans.factory.support.DefaultListableBeanFactory - Returning eagerly cached instance of singleton bean 'appJvmService' that is not fully initialized yet - a consequence of a circular reference
19:42:59.691 [Test worker] DEBUG org.springframework.beans.factory.annotation.AutowiredAnnotationBeanPostProcessor - Autowiring by type from bean name 'appServerService' to bean named 'appJvmService'
19:42:59.691 [Test worker] DEBUG org.springframework.beans.factory.support.DefaultListableBeanFactory - Finished creating instance of bean 'appServerService'
19:42:59.692 [Test worker] DEBUG org.springframework.beans.factory.annotation.AutowiredAnnotationBeanPostProcessor - Autowiring by type from bean name 'appJvmService' to bean named 'appServerService'
19:42:59.692 [Test worker] DEBUG org.springframework.beans.factory.annotation.InjectionMetadata - Processing injected element of bean 'appJvmService': AutowiredFieldElement for private com.example.ex.service.AppInstanceService com.example.ex.service.AppJvmService.appInstanceService
19:42:59.692 [Test worker] DEBUG org.springframework.beans.factory.support.DefaultListableBeanFactory - Returning eagerly cached instance of singleton bean 'appInstanceService' that is not fully initialized yet - a consequence of a circular reference
19:42:59.692 [Test worker] DEBUG org.springframework.beans.factory.annotation.AutowiredAnnotationBeanPostProcessor - Autowiring by type from bean name 'appJvmService' to bean named 'appInstanceService'
19:42:59.692 [Test worker] DEBUG org.springframework.beans.factory.support.DefaultListableBeanFactory - Finished creating instance of bean 'appJvmService'
19:42:59.692 [Test worker] DEBUG org.springframework.beans.factory.annotation.AutowiredAnnotationBeanPostProcessor - Autowiring by type from bean name 'appInstanceService' to bean named 'appJvmService'
19:42:59.692 [Test worker] DEBUG org.springframework.beans.factory.annotation.InjectionMetadata - Processing injected element of bean 'appInstanceService': AutowiredFieldElement for private com.example.ex.service.FixSessionService com.example.ex.service.AppInstanceService.fixSessionService
19:42:59.693 [Test worker] DEBUG org.springframework.beans.factory.support.DefaultListableBeanFactory - Returning eagerly cached instance of singleton bean 'fixSessionService' that is not fully initialized yet - a consequence of a circular reference
19:42:59.693 [Test worker] DEBUG org.springframework.beans.factory.annotation.AutowiredAnnotationBeanPostProcessor - Autowiring by type from bean name 'appInstanceService' to bean named 'fixSessionService'
19:42:59.694 [Test worker] DEBUG org.springframework.beans.factory.support.DefaultListableBeanFactory - Finished creating instance of bean 'appInstanceService'
19:42:59.694 [Test worker] DEBUG org.springframework.beans.factory.annotation.AutowiredAnnotationBeanPostProcessor - Autowiring by type from bean name 'fixSessionService' to bean named 'appInstanceService'
19:42:59.694 [Test worker] DEBUG org.springframework.beans.factory.annotation.InjectionMetadata - Processing injected element of bean 'fixSessionService': AutowiredFieldElement for private com.example.ex.service.MpidService com.example.ex.service.FixSessionService.mpidService
19:42:59.694 [Test worker] DEBUG org.springframework.beans.factory.support.DefaultListableBeanFactory - Creating shared instance of singleton bean 'mpidService'
19:42:59.694 [Test worker] DEBUG org.springframework.beans.factory.support.DefaultListableBeanFactory - Creating instance of bean 'mpidService'
19:42:59.694 [Test worker] DEBUG org.springframework.beans.factory.support.DefaultListableBeanFactory - Returning cached instance of singleton bean 'fixSessionServiceTest.FixSessionServiceTestContextConfiguration'
19:42:59.697 [Test worker] DEBUG org.springframework.beans.factory.annotation.InjectionMetadata - Registered injected element on class [com.example.ex.service.MpidService$MockitoMock$1351321053]: AutowiredFieldElement for private com.example.ex.repository.admin.MpidRepository com.example.ex.service.MpidService.mpidRepository
19:42:59.697 [Test worker] DEBUG org.springframework.beans.factory.annotation.InjectionMetadata - Registered injected element on class [com.example.ex.service.MpidService$MockitoMock$1351321053]: AutowiredFieldElement for private com.example.ex.service.DealCodeService com.example.ex.service.MpidService.dealCodeService
19:42:59.697 [Test worker] DEBUG org.springframework.beans.factory.annotation.InjectionMetadata - Registered injected element on class [com.example.ex.service.MpidService$MockitoMock$1351321053]: AutowiredFieldElement for private com.example.ex.service.FixSessionMpidService com.example.ex.service.MpidService.fixSessionMpidService
19:42:59.697 [Test worker] DEBUG org.springframework.beans.factory.support.DefaultListableBeanFactory - Eagerly caching bean 'mpidService' to allow for resolving potential circular references
19:42:59.698 [Test worker] DEBUG org.springframework.beans.factory.annotation.InjectionMetadata - Processing injected element of bean 'mpidService': AutowiredFieldElement for private com.example.ex.repository.admin.MpidRepository com.example.ex.service.MpidService.mpidRepository
19:42:59.698 [Test worker] DEBUG org.springframework.beans.factory.support.DefaultListableBeanFactory - Creating shared instance of singleton bean 'mpidRepository'
19:42:59.698 [Test worker] DEBUG org.springframework.beans.factory.support.DefaultListableBeanFactory - Creating instance of bean 'mpidRepository'
19:42:59.698 [Test worker] DEBUG org.springframework.beans.factory.support.DefaultListableBeanFactory - Returning cached instance of singleton bean 'fixSessionServiceTest.FixSessionServiceTestContextConfiguration'
19:42:59.702 [Test worker] DEBUG org.springframework.beans.factory.support.DefaultListableBeanFactory - Eagerly caching bean 'mpidRepository' to allow for resolving potential circular references
19:42:59.702 [Test worker] DEBUG org.springframework.beans.factory.support.DefaultListableBeanFactory - Finished creating instance of bean 'mpidRepository'
19:42:59.702 [Test worker] DEBUG org.springframework.beans.factory.annotation.AutowiredAnnotationBeanPostProcessor - Autowiring by type from bean name 'mpidService' to bean named 'mpidRepository'
19:42:59.703 [Test worker] DEBUG org.springframework.beans.factory.annotation.InjectionMetadata - Processing injected element of bean 'mpidService': AutowiredFieldElement for private com.example.ex.service.DealCodeService com.example.ex.service.MpidService.dealCodeService
19:42:59.703 [Test worker] DEBUG org.springframework.beans.factory.support.DefaultListableBeanFactory - Creating shared instance of singleton bean 'dealCodeService'
19:42:59.703 [Test worker] DEBUG org.springframework.beans.factory.support.DefaultListableBeanFactory - Creating instance of bean 'dealCodeService'
19:42:59.703 [Test worker] DEBUG org.springframework.beans.factory.support.DefaultListableBeanFactory - Returning cached instance of singleton bean 'fixSessionServiceTest.FixSessionServiceTestContextConfiguration'
19:42:59.705 [Test worker] DEBUG org.springframework.beans.factory.annotation.InjectionMetadata - Registered injected element on class [com.example.ex.service.DealCodeService$MockitoMock$946474786]: AutowiredFieldElement for private org.springframework.cache.CacheManager com.example.ex.service.DealCodeService.cacheManager
19:42:59.706 [Test worker] DEBUG org.springframework.beans.factory.annotation.InjectionMetadata - Registered injected element on class [com.example.ex.service.DealCodeService$MockitoMock$946474786]: AutowiredFieldElement for private com.example.ex.repository.admin.DealCodeRepository com.example.ex.service.DealCodeService.dealCodeRepository
19:42:59.706 [Test worker] DEBUG org.springframework.beans.factory.annotation.InjectionMetadata - Registered injected element on class [com.example.ex.service.DealCodeService$MockitoMock$946474786]: AutowiredFieldElement for private com.example.ex.service.FirmService com.example.ex.service.DealCodeService.firmService
19:42:59.706 [Test worker] DEBUG org.springframework.beans.factory.annotation.InjectionMetadata - Registered injected element on class [com.example.ex.service.DealCodeService$MockitoMock$946474786]: AutowiredFieldElement for private com.example.ex.service.MpidService com.example.ex.service.DealCodeService.mpidService
19:42:59.706 [Test worker] DEBUG org.springframework.beans.factory.annotation.InjectionMetadata - Registered injected element on class [com.example.ex.service.DealCodeService$MockitoMock$946474786]: AutowiredFieldElement for private com.example.ex.service.BlockedCounterPartyService com.example.ex.service.DealCodeService.blockedCounterParty
19:42:59.706 [Test worker] DEBUG org.springframework.beans.factory.support.DefaultListableBeanFactory - Eagerly caching bean 'dealCodeService' to allow for resolving potential circular references
19:42:59.707 [Test worker] DEBUG org.springframework.beans.factory.annotation.InjectionMetadata - Processing injected element of bean 'dealCodeService': AutowiredFieldElement for private org.springframework.cache.CacheManager com.example.ex.service.DealCodeService.cacheManager
19:42:59.707 [Test worker] DEBUG org.springframework.beans.factory.support.DefaultListableBeanFactory - Creating shared instance of singleton bean 'cacheManager'
19:42:59.707 [Test worker] DEBUG org.springframework.beans.factory.support.DefaultListableBeanFactory - Creating instance of bean 'cacheManager'
19:42:59.707 [Test worker] DEBUG org.springframework.beans.factory.support.DefaultListableBeanFactory - Returning cached instance of singleton bean 'fixSessionServiceTest.FixSessionServiceTestContextConfiguration'
19:42:59.708 [Test worker] DEBUG org.springframework.beans.factory.support.DefaultListableBeanFactory - Eagerly caching bean 'cacheManager' to allow for resolving potential circular references
19:42:59.708 [Test worker] DEBUG org.springframework.beans.factory.support.DefaultListableBeanFactory - Finished creating instance of bean 'cacheManager'
19:42:59.708 [Test worker] DEBUG org.springframework.beans.factory.annotation.AutowiredAnnotationBeanPostProcessor - Autowiring by type from bean name 'dealCodeService' to bean named 'cacheManager'
19:42:59.708 [Test worker] DEBUG org.springframework.beans.factory.annotation.InjectionMetadata - Processing injected element of bean 'dealCodeService': AutowiredFieldElement for private com.example.ex.repository.admin.DealCodeRepository com.example.ex.service.DealCodeService.dealCodeRepository
19:42:59.709 [Test worker] DEBUG org.springframework.beans.factory.support.DefaultListableBeanFactory - Creating shared instance of singleton bean 'dealCodeRepository'
19:42:59.709 [Test worker] DEBUG org.springframework.beans.factory.support.DefaultListableBeanFactory - Creating instance of bean 'dealCodeRepository'
19:42:59.709 [Test worker] DEBUG org.springframework.beans.factory.support.DefaultListableBeanFactory - Returning cached instance of singleton bean 'fixSessionServiceTest.FixSessionServiceTestContextConfiguration'
19:42:59.710 [Test worker] DEBUG org.springframework.beans.factory.support.DefaultListableBeanFactory - Eagerly caching bean 'dealCodeRepository' to allow for resolving potential circular references
19:42:59.711 [Test worker] DEBUG org.springframework.beans.factory.support.DefaultListableBeanFactory - Finished creating instance of bean 'dealCodeRepository'
19:42:59.711 [Test worker] DEBUG org.springframework.beans.factory.annotation.AutowiredAnnotationBeanPostProcessor - Autowiring by type from bean name 'dealCodeService' to bean named 'dealCodeRepository'
19:42:59.711 [Test worker] DEBUG org.springframework.beans.factory.annotation.InjectionMetadata - Processing injected element of bean 'dealCodeService': AutowiredFieldElement for private com.example.ex.service.FirmService com.example.ex.service.DealCodeService.firmService
19:42:59.711 [Test worker] DEBUG org.springframework.beans.factory.support.DefaultListableBeanFactory - Creating shared instance of singleton bean 'firmService'
19:42:59.711 [Test worker] DEBUG org.springframework.beans.factory.support.DefaultListableBeanFactory - Creating instance of bean 'firmService'
19:42:59.711 [Test worker] DEBUG org.springframework.beans.factory.support.DefaultListableBeanFactory - Returning cached instance of singleton bean 'fixSessionServiceTest.FixSessionServiceTestContextConfiguration'
19:42:59.715 [Test worker] DEBUG org.springframework.beans.factory.annotation.InjectionMetadata - Registered injected element on class [com.example.ex.service.FirmService$MockitoMock$1677429440]: AutowiredFieldElement for private com.example.ex.repository.admin.FirmRepository com.example.ex.service.FirmService.firmRepository
19:42:59.715 [Test worker] DEBUG org.springframework.beans.factory.annotation.InjectionMetadata - Registered injected element on class [com.example.ex.service.FirmService$MockitoMock$1677429440]: AutowiredFieldElement for private com.example.ex.service.DealCodeService com.example.ex.service.FirmService.dealCodeService
19:42:59.715 [Test worker] DEBUG org.springframework.beans.factory.annotation.InjectionMetadata - Registered injected element on class [com.example.ex.service.FirmService$MockitoMock$1677429440]: AutowiredFieldElement for private com.example.ex.service.BlockedCounterPartyService com.example.ex.service.FirmService.blockedCounterParty
19:42:59.715 [Test worker] DEBUG org.springframework.beans.factory.annotation.InjectionMetadata - Registered injected element on class [com.example.ex.service.FirmService$MockitoMock$1677429440]: AutowiredFieldElement for private com.example.ex.service.CreditPoolService com.example.ex.service.FirmService.creditPoolService
19:42:59.715 [Test worker] DEBUG org.springframework.beans.factory.annotation.InjectionMetadata - Registered injected element on class [com.example.ex.service.FirmService$MockitoMock$1677429440]: AutowiredFieldElement for private com.example.ex.service.CreditLineService com.example.ex.service.FirmService.creditLineService
19:42:59.715 [Test worker] DEBUG org.springframework.beans.factory.support.DefaultListableBeanFactory - Eagerly caching bean 'firmService' to allow for resolving potential circular references
19:42:59.715 [Test worker] DEBUG org.springframework.beans.factory.annotation.InjectionMetadata - Processing injected element of bean 'firmService': AutowiredFieldElement for private com.example.ex.repository.admin.FirmRepository com.example.ex.service.FirmService.firmRepository
19:42:59.716 [Test worker] DEBUG org.springframework.beans.factory.support.DefaultListableBeanFactory - Creating shared instance of singleton bean 'firmRepository'
19:42:59.716 [Test worker] DEBUG org.springframework.beans.factory.support.DefaultListableBeanFactory - Creating instance of bean 'firmRepository'
19:42:59.716 [Test worker] DEBUG org.springframework.beans.factory.support.DefaultListableBeanFactory - Returning cached instance of singleton bean 'fixSessionServiceTest.FixSessionServiceTestContextConfiguration'
19:42:59.721 [Test worker] DEBUG org.springframework.beans.factory.support.DefaultListableBeanFactory - Eagerly caching bean 'firmRepository' to allow for resolving potential circular references
19:42:59.722 [Test worker] DEBUG org.springframework.beans.factory.support.DefaultListableBeanFactory - Finished creating instance of bean 'firmRepository'
19:42:59.722 [Test worker] DEBUG org.springframework.beans.factory.annotation.AutowiredAnnotationBeanPostProcessor - Autowiring by type from bean name 'firmService' to bean named 'firmRepository'
19:42:59.722 [Test worker] DEBUG org.springframework.beans.factory.annotation.InjectionMetadata - Processing injected element of bean 'firmService': AutowiredFieldElement for private com.example.ex.service.DealCodeService com.example.ex.service.FirmService.dealCodeService
19:42:59.722 [Test worker] DEBUG org.springframework.beans.factory.support.DefaultListableBeanFactory - Returning eagerly cached instance of singleton bean 'dealCodeService' that is not fully initialized yet - a consequence of a circular reference
19:42:59.722 [Test worker] DEBUG org.springframework.beans.factory.annotation.AutowiredAnnotationBeanPostProcessor - Autowiring by type from bean name 'firmService' to bean named 'dealCodeService'
19:42:59.722 [Test worker] DEBUG org.springframework.beans.factory.annotation.InjectionMetadata - Processing injected element of bean 'firmService': AutowiredFieldElement for private com.example.ex.service.BlockedCounterPartyService com.example.ex.service.FirmService.blockedCounterParty
19:42:59.722 [Test worker] DEBUG org.springframework.beans.factory.support.DefaultListableBeanFactory - Creating shared instance of singleton bean 'blockedCounterPartyService'
19:42:59.722 [Test worker] DEBUG org.springframework.beans.factory.support.DefaultListableBeanFactory - Creating instance of bean 'blockedCounterPartyService'
19:42:59.722 [Test worker] DEBUG org.springframework.beans.factory.support.DefaultListableBeanFactory - Returning cached instance of singleton bean 'fixSessionServiceTest.FixSessionServiceTestContextConfiguration'
19:42:59.725 [Test worker] DEBUG org.springframework.beans.factory.annotation.InjectionMetadata - Registered injected element on class [com.example.ex.service.BlockedCounterPartyService$MockitoMock$308567953]: AutowiredFieldElement for private com.example.ex.repository.admin.BlockedCounterPartyRepository com.example.ex.service.BlockedCounterPartyService.blockedCounterPartyRepository
19:42:59.725 [Test worker] DEBUG org.springframework.beans.factory.annotation.InjectionMetadata - Registered injected element on class [com.example.ex.service.BlockedCounterPartyService$MockitoMock$308567953]: AutowiredFieldElement for private com.example.ex.service.FirmService com.example.ex.service.BlockedCounterPartyService.firmService
19:42:59.725 [Test worker] DEBUG org.springframework.beans.factory.annotation.InjectionMetadata - Registered injected element on class [com.example.ex.service.BlockedCounterPartyService$MockitoMock$308567953]: AutowiredFieldElement for private com.example.ex.service.DealCodeService com.example.ex.service.BlockedCounterPartyService.dealCodeService
19:42:59.725 [Test worker] DEBUG org.springframework.beans.factory.support.DefaultListableBeanFactory - Eagerly caching bean 'blockedCounterPartyService' to allow for resolving potential circular references
19:42:59.725 [Test worker] DEBUG org.springframework.beans.factory.annotation.InjectionMetadata - Processing injected element of bean 'blockedCounterPartyService': AutowiredFieldElement for private com.example.ex.repository.admin.BlockedCounterPartyRepository com.example.ex.service.BlockedCounterPartyService.blockedCounterPartyRepository
19:42:59.726 [Test worker] DEBUG org.springframework.beans.factory.support.DefaultListableBeanFactory - Creating shared instance of singleton bean 'blockedCounterPartyRepository'
19:42:59.726 [Test worker] DEBUG org.springframework.beans.factory.support.DefaultListableBeanFactory - Creating instance of bean 'blockedCounterPartyRepository'
19:42:59.726 [Test worker] DEBUG org.springframework.beans.factory.support.DefaultListableBeanFactory - Returning cached instance of singleton bean 'fixSessionServiceTest.FixSessionServiceTestContextConfiguration'
19:42:59.728 [Test worker] DEBUG org.springframework.beans.factory.support.DefaultListableBeanFactory - Eagerly caching bean 'blockedCounterPartyRepository' to allow for resolving potential circular references
19:42:59.728 [Test worker] DEBUG org.springframework.beans.factory.support.DefaultListableBeanFactory - Finished creating instance of bean 'blockedCounterPartyRepository'
19:42:59.728 [Test worker] DEBUG org.springframework.beans.factory.annotation.AutowiredAnnotationBeanPostProcessor - Autowiring by type from bean name 'blockedCounterPartyService' to bean named 'blockedCounterPartyRepository'
19:42:59.728 [Test worker] DEBUG org.springframework.beans.factory.annotation.InjectionMetadata - Processing injected element of bean 'blockedCounterPartyService': AutowiredFieldElement for private com.example.ex.service.FirmService com.example.ex.service.BlockedCounterPartyService.firmService
19:42:59.728 [Test worker] DEBUG org.springframework.beans.factory.support.DefaultListableBeanFactory - Returning eagerly cached instance of singleton bean 'firmService' that is not fully initialized yet - a consequence of a circular reference
19:42:59.728 [Test worker] DEBUG org.springframework.beans.factory.annotation.AutowiredAnnotationBeanPostProcessor - Autowiring by type from bean name 'blockedCounterPartyService' to bean named 'firmService'
19:42:59.728 [Test worker] DEBUG org.springframework.beans.factory.annotation.InjectionMetadata - Processing injected element of bean 'blockedCounterPartyService': AutowiredFieldElement for private com.example.ex.service.DealCodeService com.example.ex.service.BlockedCounterPartyService.dealCodeService
19:42:59.729 [Test worker] DEBUG org.springframework.beans.factory.support.DefaultListableBeanFactory - Returning eagerly cached instance of singleton bean 'dealCodeService' that is not fully initialized yet - a consequence of a circular reference
19:42:59.729 [Test worker] DEBUG org.springframework.beans.factory.annotation.AutowiredAnnotationBeanPostProcessor - Autowiring by type from bean name 'blockedCounterPartyService' to bean named 'dealCodeService'
19:42:59.729 [Test worker] DEBUG org.springframework.beans.factory.support.DefaultListableBeanFactory - Finished creating instance of bean 'blockedCounterPartyService'
19:42:59.729 [Test worker] DEBUG org.springframework.beans.factory.annotation.AutowiredAnnotationBeanPostProcessor - Autowiring by type from bean name 'firmService' to bean named 'blockedCounterPartyService'
19:42:59.729 [Test worker] DEBUG org.springframework.beans.factory.annotation.InjectionMetadata - Processing injected element of bean 'firmService': AutowiredFieldElement for private com.example.ex.service.CreditPoolService com.example.ex.service.FirmService.creditPoolService
19:42:59.729 [Test worker] DEBUG org.springframework.beans.factory.support.DefaultListableBeanFactory - Creating shared instance of singleton bean 'creditPoolService'
19:42:59.729 [Test worker] DEBUG org.springframework.beans.factory.support.DefaultListableBeanFactory - Creating instance of bean 'creditPoolService'
19:42:59.729 [Test worker] DEBUG org.springframework.beans.factory.support.DefaultListableBeanFactory - Returning cached instance of singleton bean 'fixSessionServiceTest.FixSessionServiceTestContextConfiguration'
19:42:59.732 [Test worker] DEBUG org.springframework.beans.factory.annotation.InjectionMetadata - Registered injected element on class [com.example.ex.service.CreditPoolService$MockitoMock$1926970147]: AutowiredFieldElement for private com.example.ex.repository.admin.CreditPoolRepository com.example.ex.service.CreditPoolService.creditPoolRepository
19:42:59.732 [Test worker] DEBUG org.springframework.beans.factory.annotation.InjectionMetadata - Registered injected element on class [com.example.ex.service.CreditPoolService$MockitoMock$1926970147]: AutowiredFieldElement for private com.example.ex.service.CreditLineService com.example.ex.service.CreditPoolService.creditLineService
19:42:59.732 [Test worker] DEBUG org.springframework.beans.factory.annotation.InjectionMetadata - Registered injected element on class [com.example.ex.service.CreditPoolService$MockitoMock$1926970147]: AutowiredFieldElement for private com.example.ex.service.FirmService com.example.ex.service.CreditPoolService.firmService
19:42:59.732 [Test worker] DEBUG org.springframework.beans.factory.support.DefaultListableBeanFactory - Eagerly caching bean 'creditPoolService' to allow for resolving potential circular references
19:42:59.732 [Test worker] DEBUG org.springframework.beans.factory.annotation.InjectionMetadata - Processing injected element of bean 'creditPoolService': AutowiredFieldElement for private com.example.ex.repository.admin.CreditPoolRepository com.example.ex.service.CreditPoolService.creditPoolRepository
19:42:59.733 [Test worker] DEBUG org.springframework.beans.factory.support.DefaultListableBeanFactory - Creating shared instance of singleton bean 'creditPooLRepository'
19:42:59.733 [Test worker] DEBUG org.springframework.beans.factory.support.DefaultListableBeanFactory - Creating instance of bean 'creditPooLRepository'
19:42:59.734 [Test worker] DEBUG org.springframework.beans.factory.support.DefaultListableBeanFactory - Returning cached instance of singleton bean 'fixSessionServiceTest.FixSessionServiceTestContextConfiguration'
19:42:59.738 [Test worker] DEBUG org.springframework.beans.factory.support.DefaultListableBeanFactory - Eagerly caching bean 'creditPooLRepository' to allow for resolving potential circular references
19:42:59.738 [Test worker] DEBUG org.springframework.beans.factory.support.DefaultListableBeanFactory - Finished creating instance of bean 'creditPooLRepository'
19:42:59.738 [Test worker] DEBUG org.springframework.beans.factory.annotation.AutowiredAnnotationBeanPostProcessor - Autowiring by type from bean name 'creditPoolService' to bean named 'creditPooLRepository'
19:42:59.738 [Test worker] DEBUG org.springframework.beans.factory.annotation.InjectionMetadata - Processing injected element of bean 'creditPoolService': AutowiredFieldElement for private com.example.ex.service.CreditLineService com.example.ex.service.CreditPoolService.creditLineService
19:42:59.738 [Test worker] DEBUG org.springframework.beans.factory.support.DefaultListableBeanFactory - Creating shared instance of singleton bean 'creditLineService'
19:42:59.738 [Test worker] DEBUG org.springframework.beans.factory.support.DefaultListableBeanFactory - Creating instance of bean 'creditLineService'
19:42:59.739 [Test worker] DEBUG org.springframework.beans.factory.support.DefaultListableBeanFactory - Returning cached instance of singleton bean 'fixSessionServiceTest.FixSessionServiceTestContextConfiguration'
19:42:59.741 [Test worker] DEBUG org.springframework.beans.factory.annotation.InjectionMetadata - Registered injected element on class [com.example.ex.service.CreditLineService$MockitoMock$1128094634]: AutowiredFieldElement for private com.example.ex.repository.admin.CreditLineRepository com.example.ex.service.CreditLineService.creditLineRepository
19:42:59.741 [Test worker] DEBUG org.springframework.beans.factory.annotation.InjectionMetadata - Registered injected element on class [com.example.ex.service.CreditLineService$MockitoMock$1128094634]: AutowiredFieldElement for private com.example.ex.service.CreditPoolService com.example.ex.service.CreditLineService.creditPoolService
19:42:59.741 [Test worker] DEBUG org.springframework.beans.factory.annotation.InjectionMetadata - Registered injected element on class [com.example.ex.service.CreditLineService$MockitoMock$1128094634]: AutowiredFieldElement for private com.example.ex.service.FirmService com.example.ex.service.CreditLineService.firmService
19:42:59.741 [Test worker] DEBUG org.springframework.beans.factory.support.DefaultListableBeanFactory - Eagerly caching bean 'creditLineService' to allow for resolving potential circular references
19:42:59.742 [Test worker] DEBUG org.springframework.beans.factory.annotation.InjectionMetadata - Processing injected element of bean 'creditLineService': AutowiredFieldElement for private com.example.ex.repository.admin.CreditLineRepository com.example.ex.service.CreditLineService.creditLineRepository
19:42:59.742 [Test worker] DEBUG org.springframework.beans.factory.support.DefaultListableBeanFactory - Creating shared instance of singleton bean 'creditLineRepository'
19:42:59.742 [Test worker] DEBUG org.springframework.beans.factory.support.DefaultListableBeanFactory - Creating instance of bean 'creditLineRepository'
19:42:59.742 [Test worker] DEBUG org.springframework.beans.factory.support.DefaultListableBeanFactory - Returning cached instance of singleton bean 'fixSessionServiceTest.FixSessionServiceTestContextConfiguration'
19:42:59.744 [Test worker] DEBUG org.springframework.beans.factory.support.DefaultListableBeanFactory - Eagerly caching bean 'creditLineRepository' to allow for resolving potential circular references
19:42:59.744 [Test worker] DEBUG org.springframework.beans.factory.support.DefaultListableBeanFactory - Finished creating instance of bean 'creditLineRepository'
19:42:59.744 [Test worker] DEBUG org.springframework.beans.factory.annotation.AutowiredAnnotationBeanPostProcessor - Autowiring by type from bean name 'creditLineService' to bean named 'creditLineRepository'
19:42:59.744 [Test worker] DEBUG org.springframework.beans.factory.annotation.InjectionMetadata - Processing injected element of bean 'creditLineService': AutowiredFieldElement for private com.example.ex.service.CreditPoolService com.example.ex.service.CreditLineService.creditPoolService
19:42:59.744 [Test worker] DEBUG org.springframework.beans.factory.support.DefaultListableBeanFactory - Returning eagerly cached instance of singleton bean 'creditPoolService' that is not fully initialized yet - a consequence of a circular reference
19:42:59.744 [Test worker] DEBUG org.springframework.beans.factory.annotation.AutowiredAnnotationBeanPostProcessor - Autowiring by type from bean name 'creditLineService' to bean named 'creditPoolService'
19:42:59.745 [Test worker] DEBUG org.springframework.beans.factory.annotation.InjectionMetadata - Processing injected element of bean 'creditLineService': AutowiredFieldElement for private com.example.ex.service.FirmService com.example.ex.service.CreditLineService.firmService
19:42:59.745 [Test worker] DEBUG org.springframework.beans.factory.support.DefaultListableBeanFactory - Returning eagerly cached instance of singleton bean 'firmService' that is not fully initialized yet - a consequence of a circular reference
19:42:59.745 [Test worker] DEBUG org.springframework.beans.factory.annotation.AutowiredAnnotationBeanPostProcessor - Autowiring by type from bean name 'creditLineService' to bean named 'firmService'
19:42:59.745 [Test worker] DEBUG org.springframework.beans.factory.support.DefaultListableBeanFactory - Finished creating instance of bean 'creditLineService'
19:42:59.745 [Test worker] DEBUG org.springframework.beans.factory.annotation.AutowiredAnnotationBeanPostProcessor - Autowiring by type from bean name 'creditPoolService' to bean named 'creditLineService'
19:42:59.746 [Test worker] DEBUG org.springframework.beans.factory.annotation.InjectionMetadata - Processing injected element of bean 'creditPoolService': AutowiredFieldElement for private com.example.ex.service.FirmService com.example.ex.service.CreditPoolService.firmService
19:42:59.746 [Test worker] DEBUG org.springframework.beans.factory.support.DefaultListableBeanFactory - Returning eagerly cached instance of singleton bean 'firmService' that is not fully initialized yet - a consequence of a circular reference
19:42:59.746 [Test worker] DEBUG org.springframework.beans.factory.annotation.AutowiredAnnotationBeanPostProcessor - Autowiring by type from bean name 'creditPoolService' to bean named 'firmService'
19:42:59.746 [Test worker] DEBUG org.springframework.beans.factory.support.DefaultListableBeanFactory - Finished creating instance of bean 'creditPoolService'
19:42:59.746 [Test worker] DEBUG org.springframework.beans.factory.annotation.AutowiredAnnotationBeanPostProcessor - Autowiring by type from bean name 'firmService' to bean named 'creditPoolService'
19:42:59.746 [Test worker] DEBUG org.springframework.beans.factory.annotation.InjectionMetadata - Processing injected element of bean 'firmService': AutowiredFieldElement for private com.example.ex.service.CreditLineService com.example.ex.service.FirmService.creditLineService
19:42:59.746 [Test worker] DEBUG org.springframework.beans.factory.support.DefaultListableBeanFactory - Returning cached instance of singleton bean 'creditLineService'
19:42:59.746 [Test worker] DEBUG org.springframework.beans.factory.annotation.AutowiredAnnotationBeanPostProcessor - Autowiring by type from bean name 'firmService' to bean named 'creditLineService'
19:42:59.746 [Test worker] DEBUG org.springframework.beans.factory.support.DefaultListableBeanFactory - Finished creating instance of bean 'firmService'
19:42:59.746 [Test worker] DEBUG org.springframework.beans.factory.annotation.AutowiredAnnotationBeanPostProcessor - Autowiring by type from bean name 'dealCodeService' to bean named 'firmService'
19:42:59.746 [Test worker] DEBUG org.springframework.beans.factory.annotation.InjectionMetadata - Processing injected element of bean 'dealCodeService': AutowiredFieldElement for private com.example.ex.service.MpidService com.example.ex.service.DealCodeService.mpidService
19:42:59.746 [Test worker] DEBUG org.springframework.beans.factory.support.DefaultListableBeanFactory - Returning eagerly cached instance of singleton bean 'mpidService' that is not fully initialized yet - a consequence of a circular reference
19:42:59.746 [Test worker] DEBUG org.springframework.beans.factory.annotation.AutowiredAnnotationBeanPostProcessor - Autowiring by type from bean name 'dealCodeService' to bean named 'mpidService'
19:42:59.746 [Test worker] DEBUG org.springframework.beans.factory.annotation.InjectionMetadata - Processing injected element of bean 'dealCodeService': AutowiredFieldElement for private com.example.ex.service.BlockedCounterPartyService com.example.ex.service.DealCodeService.blockedCounterParty
19:42:59.746 [Test worker] DEBUG org.springframework.beans.factory.support.DefaultListableBeanFactory - Returning cached instance of singleton bean 'blockedCounterPartyService'
19:42:59.746 [Test worker] DEBUG org.springframework.beans.factory.annotation.AutowiredAnnotationBeanPostProcessor - Autowiring by type from bean name 'dealCodeService' to bean named 'blockedCounterPartyService'
19:42:59.746 [Test worker] DEBUG org.springframework.beans.factory.support.DefaultListableBeanFactory - Finished creating instance of bean 'dealCodeService'
19:42:59.746 [Test worker] DEBUG org.springframework.beans.factory.annotation.AutowiredAnnotationBeanPostProcessor - Autowiring by type from bean name 'mpidService' to bean named 'dealCodeService'
19:42:59.746 [Test worker] DEBUG org.springframework.beans.factory.annotation.InjectionMetadata - Processing injected element of bean 'mpidService': AutowiredFieldElement for private com.example.ex.service.FixSessionMpidService com.example.ex.service.MpidService.fixSessionMpidService
19:42:59.747 [Test worker] DEBUG org.springframework.beans.factory.support.DefaultListableBeanFactory - Creating shared instance of singleton bean 'fixSessionMpidService'
19:42:59.747 [Test worker] DEBUG org.springframework.beans.factory.support.DefaultListableBeanFactory - Creating instance of bean 'fixSessionMpidService'
19:42:59.747 [Test worker] DEBUG org.springframework.beans.factory.support.DefaultListableBeanFactory - Returning cached instance of singleton bean 'fixSessionServiceTest.FixSessionServiceTestContextConfiguration'
19:42:59.751 [Test worker] DEBUG org.springframework.beans.factory.annotation.InjectionMetadata - Registered injected element on class [com.example.ex.service.FixSessionMpidService$MockitoMock$2059196230]: AutowiredFieldElement for private com.example.ex.repository.admin.FixSessionMpidRepository com.example.ex.service.FixSessionMpidService.fixSessionMpidRepository
19:42:59.751 [Test worker] DEBUG org.springframework.beans.factory.annotation.InjectionMetadata - Registered injected element on class [com.example.ex.service.FixSessionMpidService$MockitoMock$2059196230]: AutowiredFieldElement for private com.example.ex.service.FixSessionService com.example.ex.service.FixSessionMpidService.fixSessionService
19:42:59.751 [Test worker] DEBUG org.springframework.beans.factory.annotation.InjectionMetadata - Registered injected element on class [com.example.ex.service.FixSessionMpidService$MockitoMock$2059196230]: AutowiredFieldElement for private com.example.ex.service.MpidService com.example.ex.service.FixSessionMpidService.mpidService
19:42:59.751 [Test worker] DEBUG org.springframework.beans.factory.support.DefaultListableBeanFactory - Eagerly caching bean 'fixSessionMpidService' to allow for resolving potential circular references
19:42:59.751 [Test worker] DEBUG org.springframework.beans.factory.annotation.InjectionMetadata - Processing injected element of bean 'fixSessionMpidService': AutowiredFieldElement for private com.example.ex.repository.admin.FixSessionMpidRepository com.example.ex.service.FixSessionMpidService.fixSessionMpidRepository
19:42:59.751 [Test worker] DEBUG org.springframework.beans.factory.support.DefaultListableBeanFactory - Creating shared instance of singleton bean 'fixSessionMpidRepository'
19:42:59.751 [Test worker] DEBUG org.springframework.beans.factory.support.DefaultListableBeanFactory - Creating instance of bean 'fixSessionMpidRepository'
19:42:59.751 [Test worker] DEBUG org.springframework.beans.factory.support.DefaultListableBeanFactory - Returning cached instance of singleton bean 'fixSessionServiceTest.FixSessionServiceTestContextConfiguration'
19:42:59.753 [Test worker] DEBUG org.springframework.beans.factory.support.DefaultListableBeanFactory - Eagerly caching bean 'fixSessionMpidRepository' to allow for resolving potential circular references
19:42:59.755 [Test worker] DEBUG org.springframework.beans.factory.support.DefaultListableBeanFactory - Finished creating instance of bean 'fixSessionMpidRepository'
19:42:59.755 [Test worker] DEBUG org.springframework.beans.factory.annotation.AutowiredAnnotationBeanPostProcessor - Autowiring by type from bean name 'fixSessionMpidService' to bean named 'fixSessionMpidRepository'
19:42:59.755 [Test worker] DEBUG org.springframework.beans.factory.annotation.InjectionMetadata - Processing injected element of bean 'fixSessionMpidService': AutowiredFieldElement for private com.example.ex.service.FixSessionService com.example.ex.service.FixSessionMpidService.fixSessionService
19:42:59.755 [Test worker] DEBUG org.springframework.beans.factory.support.DefaultListableBeanFactory - Returning eagerly cached instance of singleton bean 'fixSessionService' that is not fully initialized yet - a consequence of a circular reference
19:42:59.755 [Test worker] DEBUG org.springframework.beans.factory.annotation.AutowiredAnnotationBeanPostProcessor - Autowiring by type from bean name 'fixSessionMpidService' to bean named 'fixSessionService'
19:42:59.755 [Test worker] DEBUG org.springframework.beans.factory.annotation.InjectionMetadata - Processing injected element of bean 'fixSessionMpidService': AutowiredFieldElement for private com.example.ex.service.MpidService com.example.ex.service.FixSessionMpidService.mpidService
19:42:59.755 [Test worker] DEBUG org.springframework.beans.factory.support.DefaultListableBeanFactory - Returning eagerly cached instance of singleton bean 'mpidService' that is not fully initialized yet - a consequence of a circular reference
19:42:59.756 [Test worker] DEBUG org.springframework.beans.factory.annotation.AutowiredAnnotationBeanPostProcessor - Autowiring by type from bean name 'fixSessionMpidService' to bean named 'mpidService'
19:42:59.756 [Test worker] DEBUG org.springframework.beans.factory.support.DefaultListableBeanFactory - Finished creating instance of bean 'fixSessionMpidService'
19:42:59.756 [Test worker] DEBUG org.springframework.beans.factory.annotation.AutowiredAnnotationBeanPostProcessor - Autowiring by type from bean name 'mpidService' to bean named 'fixSessionMpidService'
19:42:59.757 [Test worker] DEBUG org.springframework.beans.factory.support.DefaultListableBeanFactory - Finished creating instance of bean 'mpidService'
19:42:59.757 [Test worker] DEBUG org.springframework.beans.factory.annotation.AutowiredAnnotationBeanPostProcessor - Autowiring by type from bean name 'fixSessionService' to bean named 'mpidService'
19:42:59.757 [Test worker] DEBUG org.springframework.beans.factory.annotation.InjectionMetadata - Processing injected element of bean 'fixSessionService': AutowiredFieldElement for private com.example.ex.service.FixSessionMpidService com.example.ex.service.FixSessionService.fixSessionMpidService
19:42:59.758 [Test worker] DEBUG org.springframework.beans.factory.support.DefaultListableBeanFactory - Returning cached instance of singleton bean 'fixSessionMpidService'
19:42:59.758 [Test worker] DEBUG org.springframework.beans.factory.annotation.AutowiredAnnotationBeanPostProcessor - Autowiring by type from bean name 'fixSessionService' to bean named 'fixSessionMpidService'
19:42:59.758 [Test worker] DEBUG org.springframework.beans.factory.support.DefaultListableBeanFactory - Finished creating instance of bean 'fixSessionService'
19:42:59.758 [Test worker] DEBUG org.springframework.beans.factory.support.DefaultListableBeanFactory - Creating shared instance of singleton bean 'holidayService'
19:42:59.758 [Test worker] DEBUG org.springframework.beans.factory.support.DefaultListableBeanFactory - Creating instance of bean 'holidayService'
19:42:59.758 [Test worker] DEBUG org.springframework.beans.factory.support.DefaultListableBeanFactory - Returning cached instance of singleton bean 'fixSessionServiceTest.FixSessionServiceTestContextConfiguration'
19:42:59.760 [Test worker] DEBUG org.springframework.beans.factory.annotation.InjectionMetadata - Registered injected element on class [com.example.ex.service.HolidayService$MockitoMock$1198094103]: AutowiredFieldElement for private com.example.ex.repository.admin.HolidayRepository com.example.ex.service.HolidayService.holidayRepository
19:42:59.760 [Test worker] DEBUG org.springframework.beans.factory.annotation.InjectionMetadata - Registered injected element on class [com.example.ex.service.HolidayService$MockitoMock$1198094103]: AutowiredFieldElement for private com.example.ex.service.CurrencyService com.example.ex.service.HolidayService.currencyService
19:42:59.760 [Test worker] DEBUG org.springframework.beans.factory.support.DefaultListableBeanFactory - Eagerly caching bean 'holidayService' to allow for resolving potential circular references
19:42:59.761 [Test worker] DEBUG org.springframework.beans.factory.annotation.InjectionMetadata - Processing injected element of bean 'holidayService': AutowiredFieldElement for private com.example.ex.repository.admin.HolidayRepository com.example.ex.service.HolidayService.holidayRepository
19:42:59.761 [Test worker] DEBUG org.springframework.beans.factory.support.DefaultListableBeanFactory - Creating shared instance of singleton bean 'holidayRepository'
19:42:59.761 [Test worker] DEBUG org.springframework.beans.factory.support.DefaultListableBeanFactory - Creating instance of bean 'holidayRepository'
19:42:59.761 [Test worker] DEBUG org.springframework.beans.factory.support.DefaultListableBeanFactory - Returning cached instance of singleton bean 'fixSessionServiceTest.FixSessionServiceTestContextConfiguration'
19:42:59.762 [Test worker] DEBUG org.springframework.beans.factory.support.DefaultListableBeanFactory - Eagerly caching bean 'holidayRepository' to allow for resolving potential circular references
19:42:59.762 [Test worker] DEBUG org.springframework.beans.factory.support.DefaultListableBeanFactory - Finished creating instance of bean 'holidayRepository'
19:42:59.763 [Test worker] DEBUG org.springframework.beans.factory.annotation.AutowiredAnnotationBeanPostProcessor - Autowiring by type from bean name 'holidayService' to bean named 'holidayRepository'
19:42:59.763 [Test worker] DEBUG org.springframework.beans.factory.annotation.InjectionMetadata - Processing injected element of bean 'holidayService': AutowiredFieldElement for private com.example.ex.service.CurrencyService com.example.ex.service.HolidayService.currencyService
19:42:59.763 [Test worker] DEBUG org.springframework.beans.factory.support.DefaultListableBeanFactory - Creating shared instance of singleton bean 'currencyService'
19:42:59.763 [Test worker] DEBUG org.springframework.beans.factory.support.DefaultListableBeanFactory - Creating instance of bean 'currencyService'
19:42:59.763 [Test worker] DEBUG org.springframework.beans.factory.support.DefaultListableBeanFactory - Returning cached instance of singleton bean 'fixSessionServiceTest.FixSessionServiceTestContextConfiguration'
19:42:59.766 [Test worker] DEBUG org.springframework.beans.factory.annotation.InjectionMetadata - Registered injected element on class [com.example.ex.service.CurrencyService$MockitoMock$263505639]: AutowiredFieldElement for private com.example.ex.repository.admin.CurrencyRepository com.example.ex.service.CurrencyService.currencyRepository
19:42:59.766 [Test worker] DEBUG org.springframework.beans.factory.annotation.InjectionMetadata - Registered injected element on class [com.example.ex.service.CurrencyService$MockitoMock$263505639]: AutowiredFieldElement for private com.example.ex.service.CurrencyPairService com.example.ex.service.CurrencyService.currencyPairService
19:42:59.766 [Test worker] DEBUG org.springframework.beans.factory.annotation.InjectionMetadata - Registered injected element on class [com.example.ex.service.CurrencyService$MockitoMock$263505639]: AutowiredFieldElement for private com.example.ex.service.SystemStateService com.example.ex.service.CurrencyService.systemStateService
19:42:59.766 [Test worker] DEBUG org.springframework.beans.factory.annotation.InjectionMetadata - Registered injected element on class [com.example.ex.service.CurrencyService$MockitoMock$263505639]: AutowiredFieldElement for private com.example.ex.service.HolidayService com.example.ex.service.CurrencyService.holidayService
19:42:59.766 [Test worker] DEBUG org.springframework.beans.factory.support.DefaultListableBeanFactory - Eagerly caching bean 'currencyService' to allow for resolving potential circular references
19:42:59.766 [Test worker] DEBUG org.springframework.beans.factory.annotation.InjectionMetadata - Processing injected element of bean 'currencyService': AutowiredFieldElement for private com.example.ex.repository.admin.CurrencyRepository com.example.ex.service.CurrencyService.currencyRepository
19:42:59.767 [Test worker] DEBUG org.springframework.beans.factory.support.DefaultListableBeanFactory - Creating shared instance of singleton bean 'currencyRepository'
19:42:59.771 [Test worker] DEBUG org.springframework.beans.factory.support.DefaultListableBeanFactory - Creating instance of bean 'currencyRepository'
19:42:59.771 [Test worker] DEBUG org.springframework.beans.factory.support.DefaultListableBeanFactory - Returning cached instance of singleton bean 'fixSessionServiceTest.FixSessionServiceTestContextConfiguration'
19:42:59.773 [Test worker] DEBUG org.springframework.beans.factory.support.DefaultListableBeanFactory - Eagerly caching bean 'currencyRepository' to allow for resolving potential circular references
19:42:59.774 [Test worker] DEBUG org.springframework.beans.factory.support.DefaultListableBeanFactory - Finished creating instance of bean 'currencyRepository'
19:42:59.774 [Test worker] DEBUG org.springframework.beans.factory.annotation.AutowiredAnnotationBeanPostProcessor - Autowiring by type from bean name 'currencyService' to bean named 'currencyRepository'
19:42:59.774 [Test worker] DEBUG org.springframework.beans.factory.annotation.InjectionMetadata - Processing injected element of bean 'currencyService': AutowiredFieldElement for private com.example.ex.service.CurrencyPairService com.example.ex.service.CurrencyService.currencyPairService
19:42:59.774 [Test worker] DEBUG org.springframework.beans.factory.support.DefaultListableBeanFactory - Creating shared instance of singleton bean 'currencyPairService'
19:42:59.774 [Test worker] DEBUG org.springframework.beans.factory.support.DefaultListableBeanFactory - Creating instance of bean 'currencyPairService'
19:42:59.774 [Test worker] DEBUG org.springframework.beans.factory.support.DefaultListableBeanFactory - Returning cached instance of singleton bean 'fixSessionServiceTest.FixSessionServiceTestContextConfiguration'
19:42:59.777 [Test worker] DEBUG org.springframework.beans.factory.annotation.InjectionMetadata - Registered injected element on class [com.example.ex.service.CurrencyPairService$MockitoMock$1965995869]: AutowiredFieldElement for private com.example.ex.repository.admin.CurrencyPairRepository com.example.ex.service.CurrencyPairService.currencyPairRepository
19:42:59.777 [Test worker] DEBUG org.springframework.beans.factory.annotation.InjectionMetadata - Registered injected element on class [com.example.ex.service.CurrencyPairService$MockitoMock$1965995869]: AutowiredFieldElement for private com.example.ex.service.CurrencyService com.example.ex.service.CurrencyPairService.currencyService
19:42:59.777 [Test worker] DEBUG org.springframework.beans.factory.annotation.InjectionMetadata - Registered injected element on class [com.example.ex.service.CurrencyPairService$MockitoMock$1965995869]: AutowiredFieldElement for private com.example.ex.service.CurrencyPairSettleDateService com.example.ex.service.CurrencyPairService.currencyPairSettleDateService
19:42:59.777 [Test worker] DEBUG org.springframework.beans.factory.support.DefaultListableBeanFactory - Eagerly caching bean 'currencyPairService' to allow for resolving potential circular references
19:42:59.778 [Test worker] DEBUG org.springframework.beans.factory.annotation.InjectionMetadata - Processing injected element of bean 'currencyPairService': AutowiredFieldElement for private com.example.ex.repository.admin.CurrencyPairRepository com.example.ex.service.CurrencyPairService.currencyPairRepository
19:42:59.778 [Test worker] DEBUG org.springframework.beans.factory.support.DefaultListableBeanFactory - Creating shared instance of singleton bean 'currencyPairRepository'
19:42:59.778 [Test worker] DEBUG org.springframework.beans.factory.support.DefaultListableBeanFactory - Creating instance of bean 'currencyPairRepository'
19:42:59.778 [Test worker] DEBUG org.springframework.beans.factory.support.DefaultListableBeanFactory - Returning cached instance of singleton bean 'fixSessionServiceTest.FixSessionServiceTestContextConfiguration'
19:42:59.780 [Test worker] DEBUG org.springframework.beans.factory.support.DefaultListableBeanFactory - Eagerly caching bean 'currencyPairRepository' to allow for resolving potential circular references
19:42:59.780 [Test worker] DEBUG org.springframework.beans.factory.support.DefaultListableBeanFactory - Finished creating instance of bean 'currencyPairRepository'
19:42:59.781 [Test worker] DEBUG org.springframework.beans.factory.annotation.AutowiredAnnotationBeanPostProcessor - Autowiring by type from bean name 'currencyPairService' to bean named 'currencyPairRepository'
19:42:59.781 [Test worker] DEBUG org.springframework.beans.factory.annotation.InjectionMetadata - Processing injected element of bean 'currencyPairService': AutowiredFieldElement for private com.example.ex.service.CurrencyService com.example.ex.service.CurrencyPairService.currencyService
19:42:59.781 [Test worker] DEBUG org.springframework.beans.factory.support.DefaultListableBeanFactory - Returning eagerly cached instance of singleton bean 'currencyService' that is not fully initialized yet - a consequence of a circular reference
19:42:59.781 [Test worker] DEBUG org.springframework.beans.factory.annotation.AutowiredAnnotationBeanPostProcessor - Autowiring by type from bean name 'currencyPairService' to bean named 'currencyService'
19:42:59.781 [Test worker] DEBUG org.springframework.beans.factory.annotation.InjectionMetadata - Processing injected element of bean 'currencyPairService': AutowiredFieldElement for private com.example.ex.service.CurrencyPairSettleDateService com.example.ex.service.CurrencyPairService.currencyPairSettleDateService
19:42:59.782 [Test worker] DEBUG org.springframework.beans.factory.support.DefaultListableBeanFactory - Creating shared instance of singleton bean 'currencyPairSettleDateService'
19:42:59.782 [Test worker] DEBUG org.springframework.beans.factory.support.DefaultListableBeanFactory - Creating instance of bean 'currencyPairSettleDateService'
19:42:59.782 [Test worker] DEBUG org.springframework.beans.factory.support.DefaultListableBeanFactory - Returning cached instance of singleton bean 'fixSessionServiceTest.FixSessionServiceTestContextConfiguration'
19:42:59.789 [Test worker] DEBUG org.springframework.beans.factory.annotation.InjectionMetadata - Registered injected element on class [com.example.ex.service.CurrencyPairSettleDateService$MockitoMock$2024736814]: AutowiredFieldElement for private com.example.ex.repository.admin.CurrencyPairSettleDateRepository com.example.ex.service.CurrencyPairSettleDateService.currencyPairSettleDateRepository
19:42:59.789 [Test worker] DEBUG org.springframework.beans.factory.annotation.InjectionMetadata - Registered injected element on class [com.example.ex.service.CurrencyPairSettleDateService$MockitoMock$2024736814]: AutowiredFieldElement for private com.example.ex.service.CurrencyPairService com.example.ex.service.CurrencyPairSettleDateService.currencyPairService
19:42:59.789 [Test worker] DEBUG org.springframework.beans.factory.support.DefaultListableBeanFactory - Eagerly caching bean 'currencyPairSettleDateService' to allow for resolving potential circular references
19:42:59.789 [Test worker] DEBUG org.springframework.beans.factory.annotation.InjectionMetadata - Processing injected element of bean 'currencyPairSettleDateService': AutowiredFieldElement for private com.example.ex.repository.admin.CurrencyPairSettleDateRepository com.example.ex.service.CurrencyPairSettleDateService.currencyPairSettleDateRepository
19:42:59.790 [Test worker] DEBUG org.springframework.beans.factory.support.DefaultListableBeanFactory - Creating shared instance of singleton bean 'currencyPairSettleDateRepository'
19:42:59.790 [Test worker] DEBUG org.springframework.beans.factory.support.DefaultListableBeanFactory - Creating instance of bean 'currencyPairSettleDateRepository'
19:42:59.790 [Test worker] DEBUG org.springframework.beans.factory.support.DefaultListableBeanFactory - Returning cached instance of singleton bean 'fixSessionServiceTest.FixSessionServiceTestContextConfiguration'
19:42:59.792 [Test worker] DEBUG org.springframework.beans.factory.support.DefaultListableBeanFactory - Eagerly caching bean 'currencyPairSettleDateRepository' to allow for resolving potential circular references
19:42:59.792 [Test worker] DEBUG org.springframework.beans.factory.support.DefaultListableBeanFactory - Finished creating instance of bean 'currencyPairSettleDateRepository'
19:42:59.792 [Test worker] DEBUG org.springframework.beans.factory.annotation.AutowiredAnnotationBeanPostProcessor - Autowiring by type from bean name 'currencyPairSettleDateService' to bean named 'currencyPairSettleDateRepository'
19:42:59.792 [Test worker] DEBUG org.springframework.beans.factory.annotation.InjectionMetadata - Processing injected element of bean 'currencyPairSettleDateService': AutowiredFieldElement for private com.example.ex.service.CurrencyPairService com.example.ex.service.CurrencyPairSettleDateService.currencyPairService
19:42:59.793 [Test worker] DEBUG org.springframework.beans.factory.support.DefaultListableBeanFactory - Returning eagerly cached instance of singleton bean 'currencyPairService' that is not fully initialized yet - a consequence of a circular reference
19:42:59.793 [Test worker] DEBUG org.springframework.beans.factory.annotation.AutowiredAnnotationBeanPostProcessor - Autowiring by type from bean name 'currencyPairSettleDateService' to bean named 'currencyPairService'
19:42:59.793 [Test worker] DEBUG org.springframework.beans.factory.support.DefaultListableBeanFactory - Finished creating instance of bean 'currencyPairSettleDateService'
19:42:59.793 [Test worker] DEBUG org.springframework.beans.factory.annotation.AutowiredAnnotationBeanPostProcessor - Autowiring by type from bean name 'currencyPairService' to bean named 'currencyPairSettleDateService'
19:42:59.793 [Test worker] DEBUG org.springframework.beans.factory.support.DefaultListableBeanFactory - Finished creating instance of bean 'currencyPairService'
19:42:59.793 [Test worker] DEBUG org.springframework.beans.factory.annotation.AutowiredAnnotationBeanPostProcessor - Autowiring by type from bean name 'currencyService' to bean named 'currencyPairService'
19:42:59.793 [Test worker] DEBUG org.springframework.beans.factory.annotation.InjectionMetadata - Processing injected element of bean 'currencyService': AutowiredFieldElement for private com.example.ex.service.SystemStateService com.example.ex.service.CurrencyService.systemStateService
19:42:59.794 [Test worker] DEBUG org.springframework.beans.factory.support.DefaultListableBeanFactory - Creating shared instance of singleton bean 'systemStateService'
19:42:59.794 [Test worker] DEBUG org.springframework.beans.factory.support.DefaultListableBeanFactory - Creating instance of bean 'systemStateService'
19:42:59.794 [Test worker] DEBUG org.springframework.beans.factory.support.DefaultListableBeanFactory - Returning cached instance of singleton bean 'fixSessionServiceTest.FixSessionServiceTestContextConfiguration'
19:42:59.797 [Test worker] DEBUG org.springframework.beans.factory.annotation.InjectionMetadata - Registered injected element on class [com.example.ex.service.SystemStateService$MockitoMock$1755552568]: AutowiredFieldElement for private com.example.ex.repository.admin.SystemStateRepository com.example.ex.service.SystemStateService.systemStateRepository
19:42:59.797 [Test worker] DEBUG org.springframework.beans.factory.annotation.InjectionMetadata - Registered injected element on class [com.example.ex.service.SystemStateService$MockitoMock$1755552568]: AutowiredFieldElement for private com.example.ex.service.CurrencyService com.example.ex.service.SystemStateService.currencyService
19:42:59.797 [Test worker] DEBUG org.springframework.beans.factory.support.DefaultListableBeanFactory - Eagerly caching bean 'systemStateService' to allow for resolving potential circular references
19:42:59.798 [Test worker] DEBUG org.springframework.beans.factory.annotation.InjectionMetadata - Processing injected element of bean 'systemStateService': AutowiredFieldElement for private com.example.ex.repository.admin.SystemStateRepository com.example.ex.service.SystemStateService.systemStateRepository
19:42:59.798 [Test worker] DEBUG org.springframework.beans.factory.support.DefaultListableBeanFactory - Creating shared instance of singleton bean 'systemStateRepository'
19:42:59.798 [Test worker] DEBUG org.springframework.beans.factory.support.DefaultListableBeanFactory - Creating instance of bean 'systemStateRepository'
19:42:59.798 [Test worker] DEBUG org.springframework.beans.factory.support.DefaultListableBeanFactory - Returning cached instance of singleton bean 'fixSessionServiceTest.FixSessionServiceTestContextConfiguration'
19:42:59.800 [Test worker] DEBUG org.springframework.beans.factory.support.DefaultListableBeanFactory - Eagerly caching bean 'systemStateRepository' to allow for resolving potential circular references
19:42:59.802 [Test worker] DEBUG org.springframework.beans.factory.support.DefaultListableBeanFactory - Finished creating instance of bean 'systemStateRepository'
19:42:59.802 [Test worker] DEBUG org.springframework.beans.factory.annotation.AutowiredAnnotationBeanPostProcessor - Autowiring by type from bean name 'systemStateService' to bean named 'systemStateRepository'
19:42:59.802 [Test worker] DEBUG org.springframework.beans.factory.annotation.InjectionMetadata - Processing injected element of bean 'systemStateService': AutowiredFieldElement for private com.example.ex.service.CurrencyService com.example.ex.service.SystemStateService.currencyService
19:42:59.802 [Test worker] DEBUG org.springframework.beans.factory.support.DefaultListableBeanFactory - Returning eagerly cached instance of singleton bean 'currencyService' that is not fully initialized yet - a consequence of a circular reference
19:42:59.802 [Test worker] DEBUG org.springframework.beans.factory.annotation.AutowiredAnnotationBeanPostProcessor - Autowiring by type from bean name 'systemStateService' to bean named 'currencyService'
19:42:59.803 [Test worker] DEBUG org.springframework.beans.factory.support.DefaultListableBeanFactory - Finished creating instance of bean 'systemStateService'
19:42:59.803 [Test worker] DEBUG org.springframework.beans.factory.annotation.AutowiredAnnotationBeanPostProcessor - Autowiring by type from bean name 'currencyService' to bean named 'systemStateService'
19:42:59.803 [Test worker] DEBUG org.springframework.beans.factory.annotation.InjectionMetadata - Processing injected element of bean 'currencyService': AutowiredFieldElement for private com.example.ex.service.HolidayService com.example.ex.service.CurrencyService.holidayService
19:42:59.803 [Test worker] DEBUG org.springframework.beans.factory.support.DefaultListableBeanFactory - Returning eagerly cached instance of singleton bean 'holidayService' that is not fully initialized yet - a consequence of a circular reference
19:42:59.803 [Test worker] DEBUG org.springframework.beans.factory.annotation.AutowiredAnnotationBeanPostProcessor - Autowiring by type from bean name 'currencyService' to bean named 'holidayService'
19:42:59.803 [Test worker] DEBUG org.springframework.beans.factory.support.DefaultListableBeanFactory - Finished creating instance of bean 'currencyService'
19:42:59.803 [Test worker] DEBUG org.springframework.beans.factory.annotation.AutowiredAnnotationBeanPostProcessor - Autowiring by type from bean name 'holidayService' to bean named 'currencyService'
19:42:59.804 [Test worker] DEBUG org.springframework.beans.factory.support.DefaultListableBeanFactory - Finished creating instance of bean 'holidayService'
19:42:59.804 [Test worker] DEBUG org.springframework.beans.factory.support.DefaultListableBeanFactory - Returning cached instance of singleton bean 'currencyPairSettleDateService'
19:42:59.804 [Test worker] DEBUG org.springframework.beans.factory.support.DefaultListableBeanFactory - Returning cached instance of singleton bean 'systemStateService'
19:42:59.804 [Test worker] DEBUG org.springframework.beans.factory.support.DefaultListableBeanFactory - Returning cached instance of singleton bean 'currencyPairService'
19:42:59.804 [Test worker] DEBUG org.springframework.beans.factory.support.DefaultListableBeanFactory - Returning cached instance of singleton bean 'creditLineService'
19:42:59.804 [Test worker] DEBUG org.springframework.beans.factory.support.DefaultListableBeanFactory - Returning cached instance of singleton bean 'currencyService'
19:42:59.804 [Test worker] DEBUG org.springframework.beans.factory.support.DefaultListableBeanFactory - Returning cached instance of singleton bean 'blockedCounterPartyService'
19:42:59.804 [Test worker] DEBUG org.springframework.beans.factory.support.DefaultListableBeanFactory - Returning cached instance of singleton bean 'dealCodeService'
19:42:59.804 [Test worker] DEBUG org.springframework.beans.factory.support.DefaultListableBeanFactory - Returning cached instance of singleton bean 'mpidService'
19:42:59.804 [Test worker] DEBUG org.springframework.beans.factory.support.DefaultListableBeanFactory - Returning cached instance of singleton bean 'fixSessionMpidService'
19:42:59.804 [Test worker] DEBUG org.springframework.beans.factory.support.DefaultListableBeanFactory - Returning cached instance of singleton bean 'appInstanceService'
19:42:59.805 [Test worker] DEBUG org.springframework.beans.factory.support.DefaultListableBeanFactory - Returning cached instance of singleton bean 'appJvmService'
19:42:59.805 [Test worker] DEBUG org.springframework.beans.factory.support.DefaultListableBeanFactory - Returning cached instance of singleton bean 'appServerService'
19:42:59.805 [Test worker] DEBUG org.springframework.beans.factory.support.DefaultListableBeanFactory - Returning cached instance of singleton bean 'appTypeService'
19:42:59.805 [Test worker] DEBUG org.springframework.beans.factory.support.DefaultListableBeanFactory - Returning cached instance of singleton bean 'firmService'
19:42:59.805 [Test worker] DEBUG org.springframework.beans.factory.support.DefaultListableBeanFactory - Returning cached instance of singleton bean 'creditPoolService'
19:42:59.805 [Test worker] DEBUG org.springframework.beans.factory.support.DefaultListableBeanFactory - Creating shared instance of singleton bean 'tradeNotificationRuleRepository'
19:42:59.805 [Test worker] DEBUG org.springframework.beans.factory.support.DefaultListableBeanFactory - Creating instance of bean 'tradeNotificationRuleRepository'
19:42:59.805 [Test worker] DEBUG org.springframework.beans.factory.support.DefaultListableBeanFactory - Returning cached instance of singleton bean 'fixSessionServiceTest.FixSessionServiceTestContextConfiguration'
19:42:59.807 [Test worker] DEBUG org.springframework.beans.factory.support.DefaultListableBeanFactory - Eagerly caching bean 'tradeNotificationRuleRepository' to allow for resolving potential circular references
19:42:59.807 [Test worker] DEBUG org.springframework.beans.factory.support.DefaultListableBeanFactory - Finished creating instance of bean 'tradeNotificationRuleRepository'
19:42:59.807 [Test worker] DEBUG org.springframework.beans.factory.support.DefaultListableBeanFactory - Returning cached instance of singleton bean 'blockedCounterPartyRepository'
19:42:59.807 [Test worker] DEBUG org.springframework.beans.factory.support.DefaultListableBeanFactory - Returning cached instance of singleton bean 'dealCodeRepository'
19:42:59.807 [Test worker] DEBUG org.springframework.beans.factory.support.DefaultListableBeanFactory - Returning cached instance of singleton bean 'mpidRepository'
19:42:59.807 [Test worker] DEBUG org.springframework.beans.factory.support.DefaultListableBeanFactory - Returning cached instance of singleton bean 'fixSessionMpidRepository'
19:42:59.807 [Test worker] DEBUG org.springframework.beans.factory.support.DefaultListableBeanFactory - Returning cached instance of singleton bean 'appInstanceRepository'
19:42:59.807 [Test worker] DEBUG org.springframework.beans.factory.support.DefaultListableBeanFactory - Returning cached instance of singleton bean 'appJvmRepository'
19:42:59.807 [Test worker] DEBUG org.springframework.beans.factory.support.DefaultListableBeanFactory - Returning cached instance of singleton bean 'appServerRepository'
19:42:59.807 [Test worker] DEBUG org.springframework.beans.factory.support.DefaultListableBeanFactory - Returning cached instance of singleton bean 'appTypeRepository'
19:42:59.807 [Test worker] DEBUG org.springframework.beans.factory.support.DefaultListableBeanFactory - Returning cached instance of singleton bean 'firmRepository'
19:42:59.807 [Test worker] DEBUG org.springframework.beans.factory.support.DefaultListableBeanFactory - Returning cached instance of singleton bean 'creditPooLRepository'
19:42:59.807 [Test worker] DEBUG org.springframework.beans.factory.support.DefaultListableBeanFactory - Returning cached instance of singleton bean 'creditLineRepository'
19:42:59.808 [Test worker] DEBUG org.springframework.beans.factory.support.DefaultListableBeanFactory - Returning cached instance of singleton bean 'currencyRepository'
19:42:59.808 [Test worker] DEBUG org.springframework.beans.factory.support.DefaultListableBeanFactory - Returning cached instance of singleton bean 'currencyPairRepository'
19:42:59.808 [Test worker] DEBUG org.springframework.beans.factory.support.DefaultListableBeanFactory - Returning cached instance of singleton bean 'systemStateRepository'
19:42:59.808 [Test worker] DEBUG org.springframework.beans.factory.support.DefaultListableBeanFactory - Returning cached instance of singleton bean 'currencyPairSettleDateRepository'
19:42:59.808 [Test worker] DEBUG org.springframework.beans.factory.support.DefaultListableBeanFactory - Returning cached instance of singleton bean 'holidayRepository'
19:42:59.808 [Test worker] DEBUG org.springframework.beans.factory.support.DefaultListableBeanFactory - Creating shared instance of singleton bean 'scheduledEventRepository'
19:42:59.808 [Test worker] DEBUG org.springframework.beans.factory.support.DefaultListableBeanFactory - Creating instance of bean 'scheduledEventRepository'
19:42:59.808 [Test worker] DEBUG org.springframework.beans.factory.support.DefaultListableBeanFactory - Returning cached instance of singleton bean 'fixSessionServiceTest.FixSessionServiceTestContextConfiguration'
19:42:59.810 [Test worker] DEBUG org.springframework.beans.factory.support.DefaultListableBeanFactory - Eagerly caching bean 'scheduledEventRepository' to allow for resolving potential circular references
19:42:59.810 [Test worker] DEBUG org.springframework.beans.factory.support.DefaultListableBeanFactory - Finished creating instance of bean 'scheduledEventRepository'
19:42:59.810 [Test worker] DEBUG org.springframework.beans.factory.support.DefaultListableBeanFactory - Creating shared instance of singleton bean 'venueRepository'
19:42:59.810 [Test worker] DEBUG org.springframework.beans.factory.support.DefaultListableBeanFactory - Creating instance of bean 'venueRepository'
19:42:59.810 [Test worker] DEBUG org.springframework.beans.factory.support.DefaultListableBeanFactory - Returning cached instance of singleton bean 'fixSessionServiceTest.FixSessionServiceTestContextConfiguration'
19:42:59.811 [Test worker] DEBUG org.springframework.beans.factory.support.DefaultListableBeanFactory - Eagerly caching bean 'venueRepository' to allow for resolving potential circular references
19:42:59.812 [Test worker] DEBUG org.springframework.beans.factory.support.DefaultListableBeanFactory - Finished creating instance of bean 'venueRepository'
19:42:59.812 [Test worker] DEBUG org.springframework.beans.factory.support.DefaultListableBeanFactory - Creating shared instance of singleton bean 'refdBrokerSessionMpidRepository'
19:42:59.812 [Test worker] DEBUG org.springframework.beans.factory.support.DefaultListableBeanFactory - Creating instance of bean 'refdBrokerSessionMpidRepository'
19:42:59.813 [Test worker] DEBUG org.springframework.beans.factory.support.DefaultListableBeanFactory - Returning cached instance of singleton bean 'fixSessionServiceTest.FixSessionServiceTestContextConfiguration'
19:42:59.814 [Test worker] DEBUG org.springframework.beans.factory.support.DefaultListableBeanFactory - Eagerly caching bean 'refdBrokerSessionMpidRepository' to allow for resolving potential circular references
19:42:59.815 [Test worker] DEBUG org.springframework.beans.factory.support.DefaultListableBeanFactory - Finished creating instance of bean 'refdBrokerSessionMpidRepository'
19:42:59.815 [Test worker] DEBUG org.springframework.beans.factory.support.DefaultListableBeanFactory - Returning cached instance of singleton bean 'cacheManager'
19:42:59.815 [Test worker] DEBUG org.springframework.beans.factory.support.DefaultListableBeanFactory - Returning cached instance of singleton bean 'fixSessionRepository'
19:42:59.815 [Test worker] DEBUG org.springframework.beans.factory.support.DefaultListableBeanFactory - Returning cached instance of singleton bean 'org.springframework.context.event.internalEventListenerFactory'
19:42:59.833 [Test worker] DEBUG org.springframework.context.support.GenericApplicationContext - Unable to locate LifecycleProcessor with name 'lifecycleProcessor': using default [org.springframework.context.support.DefaultLifecycleProcessor@5074fab0]
19:42:59.835 [Test worker] DEBUG org.springframework.beans.factory.support.DefaultListableBeanFactory - Returning cached instance of singleton bean 'lifecycleProcessor'
19:42:59.835 [Test worker] DEBUG org.springframework.core.env.PropertySourcesPropertyResolver - Could not find key 'spring.liveBeansView.mbeanDomain' in any property source
19:42:59.836 [Test worker] DEBUG org.springframework.test.context.cache.DefaultCacheAwareContextLoaderDelegate - Storing ApplicationContext in cache under key [[MergedContextConfiguration@41d2251d testClass = FixSessionServiceTest, locations = '{}', classes = '{class com.example.ex.service.FixSessionServiceTest$FixSessionServiceTestContextConfiguration}', contextInitializerClasses = '[]', activeProfiles = '{}', propertySourceLocations = '{}', propertySourceProperties = '{}', contextCustomizers = set[org.springframework.boot.test.autoconfigure.properties.PropertyMappingContextCustomizer@0, org.springframework.boot.test.autoconfigure.web.servlet.WebDriverContextCustomizerFactory$Customizer@63ceb46d, org.springframework.boot.test.context.filter.ExcludeFilterContextCustomizer@4faffabb, org.springframework.boot.test.json.DuplicateJsonObjectContextCustomizerFactory$DuplicateJsonObjectContextCustomizer@54b71d23, org.springframework.boot.test.mock.mockito.MockitoContextCustomizer@55cb322c], contextLoader = 'org.springframework.test.context.support.DelegatingSmartContextLoader', parent = [null]]]
19:42:59.837 [Test worker] DEBUG org.springframework.test.context.cache - Spring test ApplicationContext cache statistics: [DefaultContextCache@31ee0133 size = 17, maxSize = 32, parentContextCount = 0, hitCount = 847, missCount = 17]
19:42:59.837 [Test worker] DEBUG org.springframework.beans.factory.support.DefaultListableBeanFactory - Returning cached instance of singleton bean 'org.springframework.boot.test.mock.mockito.MockitoPostProcessor'
19:42:59.837 [Test worker] DEBUG org.springframework.beans.factory.support.DefaultListableBeanFactory - Returning cached instance of singleton bean 'fixSessionRepository'
19:42:59.837 [Test worker] DEBUG org.springframework.test.context.support.DependencyInjectionTestExecutionListener - Performing dependency injection for test context [[DefaultTestContext@279b4f10 testClass = FixSessionServiceTest, testInstance = com.example.ex.service.FixSessionServiceTest@1a1d0f14, testMethod = [null], testException = [null], mergedContextConfiguration = [MergedContextConfiguration@41d2251d testClass = FixSessionServiceTest, locations = '{}', classes = '{class com.example.ex.service.FixSessionServiceTest$FixSessionServiceTestContextConfiguration}', contextInitializerClasses = '[]', activeProfiles = '{}', propertySourceLocations = '{}', propertySourceProperties = '{}', contextCustomizers = set[org.springframework.boot.test.autoconfigure.properties.PropertyMappingContextCustomizer@0, org.springframework.boot.test.autoconfigure.web.servlet.WebDriverContextCustomizerFactory$Customizer@63ceb46d, org.springframework.boot.test.context.filter.ExcludeFilterContextCustomizer@4faffabb, org.springframework.boot.test.json.DuplicateJsonObjectContextCustomizerFactory$DuplicateJsonObjectContextCustomizer@54b71d23, org.springframework.boot.test.mock.mockito.MockitoContextCustomizer@55cb322c], contextLoader = 'org.springframework.test.context.support.DelegatingSmartContextLoader', parent = [null]], attributes = map[[empty]]]].
19:42:59.838 [Test worker] DEBUG org.springframework.test.context.cache.DefaultCacheAwareContextLoaderDelegate - Retrieved ApplicationContext from cache with key [[MergedContextConfiguration@41d2251d testClass = FixSessionServiceTest, locations = '{}', classes = '{class com.example.ex.service.FixSessionServiceTest$FixSessionServiceTestContextConfiguration}', contextInitializerClasses = '[]', activeProfiles = '{}', propertySourceLocations = '{}', propertySourceProperties = '{}', contextCustomizers = set[org.springframework.boot.test.autoconfigure.properties.PropertyMappingContextCustomizer@0, org.springframework.boot.test.autoconfigure.web.servlet.WebDriverContextCustomizerFactory$Customizer@63ceb46d, org.springframework.boot.test.context.filter.ExcludeFilterContextCustomizer@4faffabb, org.springframework.boot.test.json.DuplicateJsonObjectContextCustomizerFactory$DuplicateJsonObjectContextCustomizer@54b71d23, org.springframework.boot.test.mock.mockito.MockitoContextCustomizer@55cb322c], contextLoader = 'org.springframework.test.context.support.DelegatingSmartContextLoader', parent = [null]]]
19:42:59.838 [Test worker] DEBUG org.springframework.test.context.cache - Spring test ApplicationContext cache statistics: [DefaultContextCache@31ee0133 size = 17, maxSize = 32, parentContextCount = 0, hitCount = 848, missCount = 17]
19:42:59.841 [Test worker] DEBUG org.springframework.beans.factory.annotation.InjectionMetadata - Processing injected element of bean 'com.example.ex.service.FixSessionServiceTest': AutowiredFieldElement for private com.example.ex.service.FixSessionService com.example.ex.service.FixSessionServiceTest.fixSessionService
19:42:59.842 [Test worker] DEBUG org.springframework.beans.factory.support.DefaultListableBeanFactory - Returning cached instance of singleton bean 'fixSessionService'
19:42:59.842 [Test worker] DEBUG org.springframework.beans.factory.annotation.AutowiredAnnotationBeanPostProcessor - Autowiring by type from bean name 'com.example.ex.service.FixSessionServiceTest' to bean named 'fixSessionService'
19:42:59.842 [Test worker] DEBUG org.springframework.beans.factory.annotation.InjectionMetadata - Processing injected element of bean 'com.example.ex.service.FixSessionServiceTest': AutowiredFieldElement for private com.example.ex.service.MpidService com.example.ex.service.FixSessionServiceTest.mpidService
19:42:59.843 [Test worker] DEBUG org.springframework.beans.factory.support.DefaultListableBeanFactory - Returning cached instance of singleton bean 'mpidService'
19:42:59.843 [Test worker] DEBUG org.springframework.beans.factory.annotation.AutowiredAnnotationBeanPostProcessor - Autowiring by type from bean name 'com.example.ex.service.FixSessionServiceTest' to bean named 'mpidService'
19:42:59.843 [Test worker] DEBUG org.springframework.beans.factory.annotation.InjectionMetadata - Processing injected element of bean 'com.example.ex.service.FixSessionServiceTest': AutowiredFieldElement for private com.example.ex.service.AppInstanceService com.example.ex.service.FixSessionServiceTest.appInstanceService
19:42:59.843 [Test worker] DEBUG org.springframework.beans.factory.support.DefaultListableBeanFactory - Returning cached instance of singleton bean 'appInstanceService'
19:42:59.843 [Test worker] DEBUG org.springframework.beans.factory.annotation.AutowiredAnnotationBeanPostProcessor - Autowiring by type from bean name 'com.example.ex.service.FixSessionServiceTest' to bean named 'appInstanceService'
19:42:59.843 [Test worker] DEBUG org.springframework.beans.factory.annotation.InjectionMetadata - Processing injected element of bean 'com.example.ex.service.FixSessionServiceTest': AutowiredFieldElement for private com.example.ex.service.FixSessionMpidService com.example.ex.service.FixSessionServiceTest.fixSessionMpidService
19:42:59.843 [Test worker] DEBUG org.springframework.beans.factory.support.DefaultListableBeanFactory - Returning cached instance of singleton bean 'fixSessionMpidService'
19:42:59.843 [Test worker] DEBUG org.springframework.beans.factory.annotation.AutowiredAnnotationBeanPostProcessor - Autowiring by type from bean name 'com.example.ex.service.FixSessionServiceTest' to bean named 'fixSessionMpidService'
19:42:59.844 [Test worker] DEBUG org.springframework.test.context.support.AbstractDirtiesContextTestExecutionListener - Before test method: context [DefaultTestContext@279b4f10 testClass = FixSessionServiceTest, testInstance = com.example.ex.service.FixSessionServiceTest@1a1d0f14, testMethod = shouldDeleteFixSession@FixSessionServiceTest, testException = [null], mergedContextConfiguration = [MergedContextConfiguration@41d2251d testClass = FixSessionServiceTest, locations = '{}', classes = '{class com.example.ex.service.FixSessionServiceTest$FixSessionServiceTestContextConfiguration}', contextInitializerClasses = '[]', activeProfiles = '{}', propertySourceLocations = '{}', propertySourceProperties = '{}', contextCustomizers = set[org.springframework.boot.test.autoconfigure.properties.PropertyMappingContextCustomizer@0, org.springframework.boot.test.autoconfigure.web.servlet.WebDriverContextCustomizerFactory$Customizer@63ceb46d, org.springframework.boot.test.context.filter.ExcludeFilterContextCustomizer@4faffabb, org.springframework.boot.test.json.DuplicateJsonObjectContextCustomizerFactory$DuplicateJsonObjectContextCustomizer@54b71d23, org.springframework.boot.test.mock.mockito.MockitoContextCustomizer@55cb322c], contextLoader = 'org.springframework.test.context.support.DelegatingSmartContextLoader', parent = [null]], attributes = map[[empty]]], class annotated with @DirtiesContext [false] with mode [null], method annotated with @DirtiesContext [false] with mode [null].
19:42:59.846 [Test worker] DEBUG org.springframework.test.context.cache.DefaultCacheAwareContextLoaderDelegate - Retrieved ApplicationContext from cache with key [[MergedContextConfiguration@41d2251d testClass = FixSessionServiceTest, locations = '{}', classes = '{class com.example.ex.service.FixSessionServiceTest$FixSessionServiceTestContextConfiguration}', contextInitializerClasses = '[]', activeProfiles = '{}', propertySourceLocations = '{}', propertySourceProperties = '{}', contextCustomizers = set[org.springframework.boot.test.autoconfigure.properties.PropertyMappingContextCustomizer@0, org.springframework.boot.test.autoconfigure.web.servlet.WebDriverContextCustomizerFactory$Customizer@63ceb46d, org.springframework.boot.test.context.filter.ExcludeFilterContextCustomizer@4faffabb, org.springframework.boot.test.json.DuplicateJsonObjectContextCustomizerFactory$DuplicateJsonObjectContextCustomizer@54b71d23, org.springframework.boot.test.mock.mockito.MockitoContextCustomizer@55cb322c], contextLoader = 'org.springframework.test.context.support.DelegatingSmartContextLoader', parent = [null]]]
19:42:59.846 [Test worker] DEBUG org.springframework.test.context.cache - Spring test ApplicationContext cache statistics: [DefaultContextCache@31ee0133 size = 17, maxSize = 32, parentContextCount = 0, hitCount = 849, missCount = 17]
19:42:59.846 [Test worker] DEBUG org.springframework.beans.factory.support.DefaultListableBeanFactory - Returning cached instance of singleton bean 'org.springframework.boot.test.mock.mockito.MockitoBeans'
19:42:59.850 [Test worker] DEBUG com.example.ex.service.FixSessionService - checking if fix session id <1> exists
19:42:59.850 [Test worker] DEBUG com.example.ex.service.FixSessionService - checking if fix session handle <exxx-cg> is referenced by fix session mpids
19:42:59.852 [Test worker] DEBUG org.springframework.test.context.cache.DefaultCacheAwareContextLoaderDelegate - Retrieved ApplicationContext from cache with key [[MergedContextConfiguration@41d2251d testClass = FixSessionServiceTest, locations = '{}', classes = '{class com.example.ex.service.FixSessionServiceTest$FixSessionServiceTestContextConfiguration}', contextInitializerClasses = '[]', activeProfiles = '{}', propertySourceLocations = '{}', propertySourceProperties = '{}', contextCustomizers = set[org.springframework.boot.test.autoconfigure.properties.PropertyMappingContextCustomizer@0, org.springframework.boot.test.autoconfigure.web.servlet.WebDriverContextCustomizerFactory$Customizer@63ceb46d, org.springframework.boot.test.context.filter.ExcludeFilterContextCustomizer@4faffabb, org.springframework.boot.test.json.DuplicateJsonObjectContextCustomizerFactory$DuplicateJsonObjectContextCustomizer@54b71d23, org.springframework.boot.test.mock.mockito.MockitoContextCustomizer@55cb322c], contextLoader = 'org.springframework.test.context.support.DelegatingSmartContextLoader', parent = [null]]]
19:42:59.853 [Test worker] DEBUG org.springframework.test.context.cache - Spring test ApplicationContext cache statistics: [DefaultContextCache@31ee0133 size = 17, maxSize = 32, parentContextCount = 0, hitCount = 850, missCount = 17]
19:42:59.854 [Test worker] DEBUG org.springframework.beans.factory.support.DefaultListableBeanFactory - Returning cached instance of singleton bean 'org.springframework.boot.test.mock.mockito.MockitoBeans'
19:42:59.855 [Test worker] DEBUG org.springframework.test.context.cache.DefaultCacheAwareContextLoaderDelegate - Retrieved ApplicationContext from cache with key [[MergedContextConfiguration@41d2251d testClass = FixSessionServiceTest, locations = '{}', classes = '{class com.example.ex.service.FixSessionServiceTest$FixSessionServiceTestContextConfiguration}', contextInitializerClasses = '[]', activeProfiles = '{}', propertySourceLocations = '{}', propertySourceProperties = '{}', contextCustomizers = set[org.springframework.boot.test.autoconfigure.properties.PropertyMappingContextCustomizer@0, org.springframework.boot.test.autoconfigure.web.servlet.WebDriverContextCustomizerFactory$Customizer@63ceb46d, org.springframework.boot.test.context.filter.ExcludeFilterContextCustomizer@4faffabb, org.springframework.boot.test.json.DuplicateJsonObjectContextCustomizerFactory$DuplicateJsonObjectContextCustomizer@54b71d23, org.springframework.boot.test.mock.mockito.MockitoContextCustomizer@55cb322c], contextLoader = 'org.springframework.test.context.support.DelegatingSmartContextLoader', parent = [null]]]
19:42:59.855 [Test worker] DEBUG org.springframework.test.context.cache - Spring test ApplicationContext cache statistics: [DefaultContextCache@31ee0133 size = 17, maxSize = 32, parentContextCount = 0, hitCount = 851, missCount = 17]
19:42:59.855 [Test worker] DEBUG org.springframework.test.context.cache.DefaultCacheAwareContextLoaderDelegate - Retrieved ApplicationContext from cache with key [[MergedContextConfiguration@41d2251d testClass = FixSessionServiceTest, locations = '{}', classes = '{class com.example.ex.service.FixSessionServiceTest$FixSessionServiceTestContextConfiguration}', contextInitializerClasses = '[]', activeProfiles = '{}', propertySourceLocations = '{}', propertySourceProperties = '{}', contextCustomizers = set[org.springframework.boot.test.autoconfigure.properties.PropertyMappingContextCustomizer@0, org.springframework.boot.test.autoconfigure.web.servlet.WebDriverContextCustomizerFactory$Customizer@63ceb46d, org.springframework.boot.test.context.filter.ExcludeFilterContextCustomizer@4faffabb, org.springframework.boot.test.json.DuplicateJsonObjectContextCustomizerFactory$DuplicateJsonObjectContextCustomizer@54b71d23, org.springframework.boot.test.mock.mockito.MockitoContextCustomizer@55cb322c], contextLoader = 'org.springframework.test.context.support.DelegatingSmartContextLoader', parent = [null]]]
19:42:59.855 [Test worker] DEBUG org.springframework.test.context.cache - Spring test ApplicationContext cache statistics: [DefaultContextCache@31ee0133 size = 17, maxSize = 32, parentContextCount = 0, hitCount = 852, missCount = 17]
19:42:59.858 [Test worker] DEBUG org.springframework.test.context.support.AbstractDirtiesContextTestExecutionListener - After test method: context [DefaultTestContext@279b4f10 testClass = FixSessionServiceTest, testInstance = com.example.ex.service.FixSessionServiceTest@1a1d0f14, testMethod = shouldDeleteFixSession@FixSessionServiceTest, testException = [null], mergedContextConfiguration = [MergedContextConfiguration@41d2251d testClass = FixSessionServiceTest, locations = '{}', classes = '{class com.example.ex.service.FixSessionServiceTest$FixSessionServiceTestContextConfiguration}', contextInitializerClasses = '[]', activeProfiles = '{}', propertySourceLocations = '{}', propertySourceProperties = '{}', contextCustomizers = set[org.springframework.boot.test.autoconfigure.properties.PropertyMappingContextCustomizer@0, org.springframework.boot.test.autoconfigure.web.servlet.WebDriverContextCustomizerFactory$Customizer@63ceb46d, org.springframework.boot.test.context.filter.ExcludeFilterContextCustomizer@4faffabb, org.springframework.boot.test.json.DuplicateJsonObjectContextCustomizerFactory$DuplicateJsonObjectContextCustomizer@54b71d23, org.springframework.boot.test.mock.mockito.MockitoContextCustomizer@55cb322c], contextLoader = 'org.springframework.test.context.support.DelegatingSmartContextLoader', parent = [null]], attributes = map[[empty]]], class annotated with @DirtiesContext [false] with mode [null], method annotated with @DirtiesContext [false] with mode [null].
19:42:59.858 [Test worker] DEBUG org.springframework.test.annotation.ProfileValueUtils - Retrieved @ProfileValueSourceConfiguration [null] for test class [com.example.ex.service.FixSessionServiceTest]
19:42:59.858 [Test worker] DEBUG org.springframework.test.annotation.ProfileValueUtils - Retrieved ProfileValueSource type [class org.springframework.test.annotation.SystemProfileValueSource] for class [com.example.ex.service.FixSessionServiceTest]
19:42:59.859 [Test worker] DEBUG org.springframework.test.context.cache.DefaultCacheAwareContextLoaderDelegate - Retrieved ApplicationContext from cache with key [[MergedContextConfiguration@41d2251d testClass = FixSessionServiceTest, locations = '{}', classes = '{class com.example.ex.service.FixSessionServiceTest$FixSessionServiceTestContextConfiguration}', contextInitializerClasses = '[]', activeProfiles = '{}', propertySourceLocations = '{}', propertySourceProperties = '{}', contextCustomizers = set[org.springframework.boot.test.autoconfigure.properties.PropertyMappingContextCustomizer@0, org.springframework.boot.test.autoconfigure.web.servlet.WebDriverContextCustomizerFactory$Customizer@63ceb46d, org.springframework.boot.test.context.filter.ExcludeFilterContextCustomizer@4faffabb, org.springframework.boot.test.json.DuplicateJsonObjectContextCustomizerFactory$DuplicateJsonObjectContextCustomizer@54b71d23, org.springframework.boot.test.mock.mockito.MockitoContextCustomizer@55cb322c], contextLoader = 'org.springframework.test.context.support.DelegatingSmartContextLoader', parent = [null]]]
19:42:59.859 [Test worker] DEBUG org.springframework.test.context.cache - Spring test ApplicationContext cache statistics: [DefaultContextCache@31ee0133 size = 17, maxSize = 32, parentContextCount = 0, hitCount = 853, missCount = 17]
19:42:59.859 [Test worker] DEBUG org.springframework.beans.factory.support.DefaultListableBeanFactory - Returning cached instance of singleton bean 'org.springframework.boot.test.mock.mockito.MockitoPostProcessor'
19:42:59.859 [Test worker] DEBUG org.springframework.beans.factory.support.DefaultListableBeanFactory - Returning cached instance of singleton bean 'fixSessionRepository'
19:42:59.859 [Test worker] DEBUG org.springframework.test.context.support.DependencyInjectionTestExecutionListener - Performing dependency injection for test context [[DefaultTestContext@279b4f10 testClass = FixSessionServiceTest, testInstance = com.example.ex.service.FixSessionServiceTest@b250302, testMethod = [null], testException = [null], mergedContextConfiguration = [MergedContextConfiguration@41d2251d testClass = FixSessionServiceTest, locations = '{}', classes = '{class com.example.ex.service.FixSessionServiceTest$FixSessionServiceTestContextConfiguration}', contextInitializerClasses = '[]', activeProfiles = '{}', propertySourceLocations = '{}', propertySourceProperties = '{}', contextCustomizers = set[org.springframework.boot.test.autoconfigure.properties.PropertyMappingContextCustomizer@0, org.springframework.boot.test.autoconfigure.web.servlet.WebDriverContextCustomizerFactory$Customizer@63ceb46d, org.springframework.boot.test.context.filter.ExcludeFilterContextCustomizer@4faffabb, org.springframework.boot.test.json.DuplicateJsonObjectContextCustomizerFactory$DuplicateJsonObjectContextCustomizer@54b71d23, org.springframework.boot.test.mock.mockito.MockitoContextCustomizer@55cb322c], contextLoader = 'org.springframework.test.context.support.DelegatingSmartContextLoader', parent = [null]], attributes = map[[empty]]]].
19:42:59.860 [Test worker] DEBUG org.springframework.test.context.cache.DefaultCacheAwareContextLoaderDelegate - Retrieved ApplicationContext from cache with key [[MergedContextConfiguration@41d2251d testClass = FixSessionServiceTest, locations = '{}', classes = '{class com.example.ex.service.FixSessionServiceTest$FixSessionServiceTestContextConfiguration}', contextInitializerClasses = '[]', activeProfiles = '{}', propertySourceLocations = '{}', propertySourceProperties = '{}', contextCustomizers = set[org.springframework.boot.test.autoconfigure.properties.PropertyMappingContextCustomizer@0, org.springframework.boot.test.autoconfigure.web.servlet.WebDriverContextCustomizerFactory$Customizer@63ceb46d, org.springframework.boot.test.context.filter.ExcludeFilterContextCustomizer@4faffabb, org.springframework.boot.test.json.DuplicateJsonObjectContextCustomizerFactory$DuplicateJsonObjectContextCustomizer@54b71d23, org.springframework.boot.test.mock.mockito.MockitoContextCustomizer@55cb322c], contextLoader = 'org.springframework.test.context.support.DelegatingSmartContextLoader', parent = [null]]]
19:42:59.860 [Test worker] DEBUG org.springframework.test.context.cache - Spring test ApplicationContext cache statistics: [DefaultContextCache@31ee0133 size = 17, maxSize = 32, parentContextCount = 0, hitCount = 854, missCount = 17]
19:42:59.861 [Test worker] DEBUG org.springframework.beans.factory.annotation.InjectionMetadata - Processing injected element of bean 'com.example.ex.service.FixSessionServiceTest': AutowiredFieldElement for private com.example.ex.service.FixSessionService com.example.ex.service.FixSessionServiceTest.fixSessionService
19:42:59.861 [Test worker] DEBUG org.springframework.beans.factory.support.DefaultListableBeanFactory - Returning cached instance of singleton bean 'fixSessionService'
19:42:59.861 [Test worker] DEBUG org.springframework.beans.factory.annotation.InjectionMetadata - Processing injected element of bean 'com.example.ex.service.FixSessionServiceTest': AutowiredFieldElement for private com.example.ex.service.MpidService com.example.ex.service.FixSessionServiceTest.mpidService
19:42:59.861 [Test worker] DEBUG org.springframework.beans.factory.support.DefaultListableBeanFactory - Returning cached instance of singleton bean 'mpidService'
19:42:59.861 [Test worker] DEBUG org.springframework.beans.factory.annotation.InjectionMetadata - Processing injected element of bean 'com.example.ex.service.FixSessionServiceTest': AutowiredFieldElement for private com.example.ex.service.AppInstanceService com.example.ex.service.FixSessionServiceTest.appInstanceService
19:42:59.861 [Test worker] DEBUG org.springframework.beans.factory.support.DefaultListableBeanFactory - Returning cached instance of singleton bean 'appInstanceService'
19:42:59.861 [Test worker] DEBUG org.springframework.beans.factory.annotation.InjectionMetadata - Processing injected element of bean 'com.example.ex.service.FixSessionServiceTest': AutowiredFieldElement for private com.example.ex.service.FixSessionMpidService com.example.ex.service.FixSessionServiceTest.fixSessionMpidService
19:42:59.861 [Test worker] DEBUG org.springframework.beans.factory.support.DefaultListableBeanFactory - Returning cached instance of singleton bean 'fixSessionMpidService'
19:42:59.862 [Test worker] DEBUG org.springframework.test.context.support.AbstractDirtiesContextTestExecutionListener - Before test method: context [DefaultTestContext@279b4f10 testClass = FixSessionServiceTest, testInstance = com.example.ex.service.FixSessionServiceTest@b250302, testMethod = shouldGetFixSessionsByAppInstance@FixSessionServiceTest, testException = [null], mergedContextConfiguration = [MergedContextConfiguration@41d2251d testClass = FixSessionServiceTest, locations = '{}', classes = '{class com.example.ex.service.FixSessionServiceTest$FixSessionServiceTestContextConfiguration}', contextInitializerClasses = '[]', activeProfiles = '{}', propertySourceLocations = '{}', propertySourceProperties = '{}', contextCustomizers = set[org.springframework.boot.test.autoconfigure.properties.PropertyMappingContextCustomizer@0, org.springframework.boot.test.autoconfigure.web.servlet.WebDriverContextCustomizerFactory$Customizer@63ceb46d, org.springframework.boot.test.context.filter.ExcludeFilterContextCustomizer@4faffabb, org.springframework.boot.test.json.DuplicateJsonObjectContextCustomizerFactory$DuplicateJsonObjectContextCustomizer@54b71d23, org.springframework.boot.test.mock.mockito.MockitoContextCustomizer@55cb322c], contextLoader = 'org.springframework.test.context.support.DelegatingSmartContextLoader', parent = [null]], attributes = map[[empty]]], class annotated with @DirtiesContext [false] with mode [null], method annotated with @DirtiesContext [false] with mode [null].
19:42:59.863 [Test worker] DEBUG org.springframework.test.context.cache.DefaultCacheAwareContextLoaderDelegate - Retrieved ApplicationContext from cache with key [[MergedContextConfiguration@41d2251d testClass = FixSessionServiceTest, locations = '{}', classes = '{class com.example.ex.service.FixSessionServiceTest$FixSessionServiceTestContextConfiguration}', contextInitializerClasses = '[]', activeProfiles = '{}', propertySourceLocations = '{}', propertySourceProperties = '{}', contextCustomizers = set[org.springframework.boot.test.autoconfigure.properties.PropertyMappingContextCustomizer@0, org.springframework.boot.test.autoconfigure.web.servlet.WebDriverContextCustomizerFactory$Customizer@63ceb46d, org.springframework.boot.test.context.filter.ExcludeFilterContextCustomizer@4faffabb, org.springframework.boot.test.json.DuplicateJsonObjectContextCustomizerFactory$DuplicateJsonObjectContextCustomizer@54b71d23, org.springframework.boot.test.mock.mockito.MockitoContextCustomizer@55cb322c], contextLoader = 'org.springframework.test.context.support.DelegatingSmartContextLoader', parent = [null]]]
19:42:59.864 [Test worker] DEBUG org.springframework.test.context.cache - Spring test ApplicationContext cache statistics: [DefaultContextCache@31ee0133 size = 17, maxSize = 32, parentContextCount = 0, hitCount = 855, missCount = 17]
19:42:59.864 [Test worker] DEBUG org.springframework.beans.factory.support.DefaultListableBeanFactory - Returning cached instance of singleton bean 'org.springframework.boot.test.mock.mockito.MockitoBeans'
19:42:59.864 [Test worker] DEBUG com.example.ex.service.FixSessionService - looking for all fix session for app instance appid <CLGW01> 
19:42:59.865 [Test worker] DEBUG org.springframework.test.context.cache.DefaultCacheAwareContextLoaderDelegate - Retrieved ApplicationContext from cache with key [[MergedContextConfiguration@41d2251d testClass = FixSessionServiceTest, locations = '{}', classes = '{class com.example.ex.service.FixSessionServiceTest$FixSessionServiceTestContextConfiguration}', contextInitializerClasses = '[]', activeProfiles = '{}', propertySourceLocations = '{}', propertySourceProperties = '{}', contextCustomizers = set[org.springframework.boot.test.autoconfigure.properties.PropertyMappingContextCustomizer@0, org.springframework.boot.test.autoconfigure.web.servlet.WebDriverContextCustomizerFactory$Customizer@63ceb46d, org.springframework.boot.test.context.filter.ExcludeFilterContextCustomizer@4faffabb, org.springframework.boot.test.json.DuplicateJsonObjectContextCustomizerFactory$DuplicateJsonObjectContextCustomizer@54b71d23, org.springframework.boot.test.mock.mockito.MockitoContextCustomizer@55cb322c], contextLoader = 'org.springframework.test.context.support.DelegatingSmartContextLoader', parent = [null]]]
19:42:59.865 [Test worker] DEBUG org.springframework.test.context.cache - Spring test ApplicationContext cache statistics: [DefaultContextCache@31ee0133 size = 17, maxSize = 32, parentContextCount = 0, hitCount = 856, missCount = 17]
19:42:59.865 [Test worker] DEBUG org.springframework.beans.factory.support.DefaultListableBeanFactory - Returning cached instance of singleton bean 'org.springframework.boot.test.mock.mockito.MockitoBeans'
19:42:59.865 [Test worker] DEBUG org.springframework.test.context.cache.DefaultCacheAwareContextLoaderDelegate - Retrieved ApplicationContext from cache with key [[MergedContextConfiguration@41d2251d testClass = FixSessionServiceTest, locations = '{}', classes = '{class com.example.ex.service.FixSessionServiceTest$FixSessionServiceTestContextConfiguration}', contextInitializerClasses = '[]', activeProfiles = '{}', propertySourceLocations = '{}', propertySourceProperties = '{}', contextCustomizers = set[org.springframework.boot.test.autoconfigure.properties.PropertyMappingContextCustomizer@0, org.springframework.boot.test.autoconfigure.web.servlet.WebDriverContextCustomizerFactory$Customizer@63ceb46d, org.springframework.boot.test.context.filter.ExcludeFilterContextCustomizer@4faffabb, org.springframework.boot.test.json.DuplicateJsonObjectContextCustomizerFactory$DuplicateJsonObjectContextCustomizer@54b71d23, org.springframework.boot.test.mock.mockito.MockitoContextCustomizer@55cb322c], contextLoader = 'org.springframework.test.context.support.DelegatingSmartContextLoader', parent = [null]]]
19:42:59.865 [Test worker] DEBUG org.springframework.test.context.cache - Spring test ApplicationContext cache statistics: [DefaultContextCache@31ee0133 size = 17, maxSize = 32, parentContextCount = 0, hitCount = 857, missCount = 17]
19:42:59.866 [Test worker] DEBUG org.springframework.test.context.cache.DefaultCacheAwareContextLoaderDelegate - Retrieved ApplicationContext from cache with key [[MergedContextConfiguration@41d2251d testClass = FixSessionServiceTest, locations = '{}', classes = '{class com.example.ex.service.FixSessionServiceTest$FixSessionServiceTestContextConfiguration}', contextInitializerClasses = '[]', activeProfiles = '{}', propertySourceLocations = '{}', propertySourceProperties = '{}', contextCustomizers = set[org.springframework.boot.test.autoconfigure.properties.PropertyMappingContextCustomizer@0, org.springframework.boot.test.autoconfigure.web.servlet.WebDriverContextCustomizerFactory$Customizer@63ceb46d, org.springframework.boot.test.context.filter.ExcludeFilterContextCustomizer@4faffabb, org.springframework.boot.test.json.DuplicateJsonObjectContextCustomizerFactory$DuplicateJsonObjectContextCustomizer@54b71d23, org.springframework.boot.test.mock.mockito.MockitoContextCustomizer@55cb322c], contextLoader = 'org.springframework.test.context.support.DelegatingSmartContextLoader', parent = [null]]]
19:42:59.868 [Test worker] DEBUG org.springframework.test.context.cache - Spring test ApplicationContext cache statistics: [DefaultContextCache@31ee0133 size = 17, maxSize = 32, parentContextCount = 0, hitCount = 858, missCount = 17]
19:42:59.870 [Test worker] DEBUG org.springframework.test.context.support.AbstractDirtiesContextTestExecutionListener - After test method: context [DefaultTestContext@279b4f10 testClass = FixSessionServiceTest, testInstance = com.example.ex.service.FixSessionServiceTest@b250302, testMethod = shouldGetFixSessionsByAppInstance@FixSessionServiceTest, testException = [null], mergedContextConfiguration = [MergedContextConfiguration@41d2251d testClass = FixSessionServiceTest, locations = '{}', classes = '{class com.example.ex.service.FixSessionServiceTest$FixSessionServiceTestContextConfiguration}', contextInitializerClasses = '[]', activeProfiles = '{}', propertySourceLocations = '{}', propertySourceProperties = '{}', contextCustomizers = set[org.springframework.boot.test.autoconfigure.properties.PropertyMappingContextCustomizer@0, org.springframework.boot.test.autoconfigure.web.servlet.WebDriverContextCustomizerFactory$Customizer@63ceb46d, org.springframework.boot.test.context.filter.ExcludeFilterContextCustomizer@4faffabb, org.springframework.boot.test.json.DuplicateJsonObjectContextCustomizerFactory$DuplicateJsonObjectContextCustomizer@54b71d23, org.springframework.boot.test.mock.mockito.MockitoContextCustomizer@55cb322c], contextLoader = 'org.springframework.test.context.support.DelegatingSmartContextLoader', parent = [null]], attributes = map[[empty]]], class annotated with @DirtiesContext [false] with mode [null], method annotated with @DirtiesContext [false] with mode [null].
19:42:59.871 [Test worker] DEBUG org.springframework.test.annotation.ProfileValueUtils - Retrieved @ProfileValueSourceConfiguration [null] for test class [com.example.ex.service.FixSessionServiceTest]
19:42:59.871 [Test worker] DEBUG org.springframework.test.annotation.ProfileValueUtils - Retrieved ProfileValueSource type [class org.springframework.test.annotation.SystemProfileValueSource] for class [com.example.ex.service.FixSessionServiceTest]
19:42:59.871 [Test worker] DEBUG org.springframework.test.context.cache.DefaultCacheAwareContextLoaderDelegate - Retrieved ApplicationContext from cache with key [[MergedContextConfiguration@41d2251d testClass = FixSessionServiceTest, locations = '{}', classes = '{class com.example.ex.service.FixSessionServiceTest$FixSessionServiceTestContextConfiguration}', contextInitializerClasses = '[]', activeProfiles = '{}', propertySourceLocations = '{}', propertySourceProperties = '{}', contextCustomizers = set[org.springframework.boot.test.autoconfigure.properties.PropertyMappingContextCustomizer@0, org.springframework.boot.test.autoconfigure.web.servlet.WebDriverContextCustomizerFactory$Customizer@63ceb46d, org.springframework.boot.test.context.filter.ExcludeFilterContextCustomizer@4faffabb, org.springframework.boot.test.json.DuplicateJsonObjectContextCustomizerFactory$DuplicateJsonObjectContextCustomizer@54b71d23, org.springframework.boot.test.mock.mockito.MockitoContextCustomizer@55cb322c], contextLoader = 'org.springframework.test.context.support.DelegatingSmartContextLoader', parent = [null]]]
19:42:59.871 [Test worker] DEBUG org.springframework.test.context.cache - Spring test ApplicationContext cache statistics: [DefaultContextCache@31ee0133 size = 17, maxSize = 32, parentContextCount = 0, hitCount = 859, missCount = 17]
19:42:59.871 [Test worker] DEBUG org.springframework.beans.factory.support.DefaultListableBeanFactory - Returning cached instance of singleton bean 'org.springframework.boot.test.mock.mockito.MockitoPostProcessor'
19:42:59.872 [Test worker] DEBUG org.springframework.beans.factory.support.DefaultListableBeanFactory - Returning cached instance of singleton bean 'fixSessionRepository'
19:42:59.872 [Test worker] DEBUG org.springframework.test.context.support.DependencyInjectionTestExecutionListener - Performing dependency injection for test context [[DefaultTestContext@279b4f10 testClass = FixSessionServiceTest, testInstance = com.example.ex.service.FixSessionServiceTest@3f377381, testMethod = [null], testException = [null], mergedContextConfiguration = [MergedContextConfiguration@41d2251d testClass = FixSessionServiceTest, locations = '{}', classes = '{class com.example.ex.service.FixSessionServiceTest$FixSessionServiceTestContextConfiguration}', contextInitializerClasses = '[]', activeProfiles = '{}', propertySourceLocations = '{}', propertySourceProperties = '{}', contextCustomizers = set[org.springframework.boot.test.autoconfigure.properties.PropertyMappingContextCustomizer@0, org.springframework.boot.test.autoconfigure.web.servlet.WebDriverContextCustomizerFactory$Customizer@63ceb46d, org.springframework.boot.test.context.filter.ExcludeFilterContextCustomizer@4faffabb, org.springframework.boot.test.json.DuplicateJsonObjectContextCustomizerFactory$DuplicateJsonObjectContextCustomizer@54b71d23, org.springframework.boot.test.mock.mockito.MockitoContextCustomizer@55cb322c], contextLoader = 'org.springframework.test.context.support.DelegatingSmartContextLoader', parent = [null]], attributes = map[[empty]]]].
19:42:59.872 [Test worker] DEBUG org.springframework.test.context.cache.DefaultCacheAwareContextLoaderDelegate - Retrieved ApplicationContext from cache with key [[MergedContextConfiguration@41d2251d testClass = FixSessionServiceTest, locations = '{}', classes = '{class com.example.ex.service.FixSessionServiceTest$FixSessionServiceTestContextConfiguration}', contextInitializerClasses = '[]', activeProfiles = '{}', propertySourceLocations = '{}', propertySourceProperties = '{}', contextCustomizers = set[org.springframework.boot.test.autoconfigure.properties.PropertyMappingContextCustomizer@0, org.springframework.boot.test.autoconfigure.web.servlet.WebDriverContextCustomizerFactory$Customizer@63ceb46d, org.springframework.boot.test.context.filter.ExcludeFilterContextCustomizer@4faffabb, org.springframework.boot.test.json.DuplicateJsonObjectContextCustomizerFactory$DuplicateJsonObjectContextCustomizer@54b71d23, org.springframework.boot.test.mock.mockito.MockitoContextCustomizer@55cb322c], contextLoader = 'org.springframework.test.context.support.DelegatingSmartContextLoader', parent = [null]]]
19:42:59.873 [Test worker] DEBUG org.springframework.test.context.cache - Spring test ApplicationContext cache statistics: [DefaultContextCache@31ee0133 size = 17, maxSize = 32, parentContextCount = 0, hitCount = 860, missCount = 17]
19:42:59.873 [Test worker] DEBUG org.springframework.beans.factory.annotation.InjectionMetadata - Processing injected element of bean 'com.example.ex.service.FixSessionServiceTest': AutowiredFieldElement for private com.example.ex.service.FixSessionService com.example.ex.service.FixSessionServiceTest.fixSessionService
19:42:59.873 [Test worker] DEBUG org.springframework.beans.factory.support.DefaultListableBeanFactory - Returning cached instance of singleton bean 'fixSessionService'
19:42:59.873 [Test worker] DEBUG org.springframework.beans.factory.annotation.InjectionMetadata - Processing injected element of bean 'com.example.ex.service.FixSessionServiceTest': AutowiredFieldElement for private com.example.ex.service.MpidService com.example.ex.service.FixSessionServiceTest.mpidService
19:42:59.873 [Test worker] DEBUG org.springframework.beans.factory.support.DefaultListableBeanFactory - Returning cached instance of singleton bean 'mpidService'
19:42:59.873 [Test worker] DEBUG org.springframework.beans.factory.annotation.InjectionMetadata - Processing injected element of bean 'com.example.ex.service.FixSessionServiceTest': AutowiredFieldElement for private com.example.ex.service.AppInstanceService com.example.ex.service.FixSessionServiceTest.appInstanceService
19:42:59.873 [Test worker] DEBUG org.springframework.beans.factory.support.DefaultListableBeanFactory - Returning cached instance of singleton bean 'appInstanceService'
19:42:59.873 [Test worker] DEBUG org.springframework.beans.factory.annotation.InjectionMetadata - Processing injected element of bean 'com.example.ex.service.FixSessionServiceTest': AutowiredFieldElement for private com.example.ex.service.FixSessionMpidService com.example.ex.service.FixSessionServiceTest.fixSessionMpidService
19:42:59.873 [Test worker] DEBUG org.springframework.beans.factory.support.DefaultListableBeanFactory - Returning cached instance of singleton bean 'fixSessionMpidService'
19:42:59.875 [Test worker] DEBUG org.springframework.test.context.support.AbstractDirtiesContextTestExecutionListener - Before test method: context [DefaultTestContext@279b4f10 testClass = FixSessionServiceTest, testInstance = com.example.ex.service.FixSessionServiceTest@3f377381, testMethod = shouldGetFixSessionsByHandle@FixSessionServiceTest, testException = [null], mergedContextConfiguration = [MergedContextConfiguration@41d2251d testClass = FixSessionServiceTest, locations = '{}', classes = '{class com.example.ex.service.FixSessionServiceTest$FixSessionServiceTestContextConfiguration}', contextInitializerClasses = '[]', activeProfiles = '{}', propertySourceLocations = '{}', propertySourceProperties = '{}', contextCustomizers = set[org.springframework.boot.test.autoconfigure.properties.PropertyMappingContextCustomizer@0, org.springframework.boot.test.autoconfigure.web.servlet.WebDriverContextCustomizerFactory$Customizer@63ceb46d, org.springframework.boot.test.context.filter.ExcludeFilterContextCustomizer@4faffabb, org.springframework.boot.test.json.DuplicateJsonObjectContextCustomizerFactory$DuplicateJsonObjectContextCustomizer@54b71d23, org.springframework.boot.test.mock.mockito.MockitoContextCustomizer@55cb322c], contextLoader = 'org.springframework.test.context.support.DelegatingSmartContextLoader', parent = [null]], attributes = map[[empty]]], class annotated with @DirtiesContext [false] with mode [null], method annotated with @DirtiesContext [false] with mode [null].
19:42:59.876 [Test worker] DEBUG org.springframework.test.context.cache.DefaultCacheAwareContextLoaderDelegate - Retrieved ApplicationContext from cache with key [[MergedContextConfiguration@41d2251d testClass = FixSessionServiceTest, locations = '{}', classes = '{class com.example.ex.service.FixSessionServiceTest$FixSessionServiceTestContextConfiguration}', contextInitializerClasses = '[]', activeProfiles = '{}', propertySourceLocations = '{}', propertySourceProperties = '{}', contextCustomizers = set[org.springframework.boot.test.autoconfigure.properties.PropertyMappingContextCustomizer@0, org.springframework.boot.test.autoconfigure.web.servlet.WebDriverContextCustomizerFactory$Customizer@63ceb46d, org.springframework.boot.test.context.filter.ExcludeFilterContextCustomizer@4faffabb, org.springframework.boot.test.json.DuplicateJsonObjectContextCustomizerFactory$DuplicateJsonObjectContextCustomizer@54b71d23, org.springframework.boot.test.mock.mockito.MockitoContextCustomizer@55cb322c], contextLoader = 'org.springframework.test.context.support.DelegatingSmartContextLoader', parent = [null]]]
19:42:59.876 [Test worker] DEBUG org.springframework.test.context.cache - Spring test ApplicationContext cache statistics: [DefaultContextCache@31ee0133 size = 17, maxSize = 32, parentContextCount = 0, hitCount = 861, missCount = 17]
19:42:59.877 [Test worker] DEBUG org.springframework.beans.factory.support.DefaultListableBeanFactory - Returning cached instance of singleton bean 'org.springframework.boot.test.mock.mockito.MockitoBeans'
19:42:59.877 [Test worker] DEBUG com.example.ex.service.FixSessionService - looking for all fix session by handle <exxx-cg> 
19:42:59.877 [Test worker] DEBUG org.springframework.test.context.cache.DefaultCacheAwareContextLoaderDelegate - Retrieved ApplicationContext from cache with key [[MergedContextConfiguration@41d2251d testClass = FixSessionServiceTest, locations = '{}', classes = '{class com.example.ex.service.FixSessionServiceTest$FixSessionServiceTestContextConfiguration}', contextInitializerClasses = '[]', activeProfiles = '{}', propertySourceLocations = '{}', propertySourceProperties = '{}', contextCustomizers = set[org.springframework.boot.test.autoconfigure.properties.PropertyMappingContextCustomizer@0, org.springframework.boot.test.autoconfigure.web.servlet.WebDriverContextCustomizerFactory$Customizer@63ceb46d, org.springframework.boot.test.context.filter.ExcludeFilterContextCustomizer@4faffabb, org.springframework.boot.test.json.DuplicateJsonObjectContextCustomizerFactory$DuplicateJsonObjectContextCustomizer@54b71d23, org.springframework.boot.test.mock.mockito.MockitoContextCustomizer@55cb322c], contextLoader = 'org.springframework.test.context.support.DelegatingSmartContextLoader', parent = [null]]]
19:42:59.877 [Test worker] DEBUG org.springframework.test.context.cache - Spring test ApplicationContext cache statistics: [DefaultContextCache@31ee0133 size = 17, maxSize = 32, parentContextCount = 0, hitCount = 862, missCount = 17]
19:42:59.878 [Test worker] DEBUG org.springframework.beans.factory.support.DefaultListableBeanFactory - Returning cached instance of singleton bean 'org.springframework.boot.test.mock.mockito.MockitoBeans'
19:42:59.878 [Test worker] DEBUG org.springframework.test.context.cache.DefaultCacheAwareContextLoaderDelegate - Retrieved ApplicationContext from cache with key [[MergedContextConfiguration@41d2251d testClass = FixSessionServiceTest, locations = '{}', classes = '{class com.example.ex.service.FixSessionServiceTest$FixSessionServiceTestContextConfiguration}', contextInitializerClasses = '[]', activeProfiles = '{}', propertySourceLocations = '{}', propertySourceProperties = '{}', contextCustomizers = set[org.springframework.boot.test.autoconfigure.properties.PropertyMappingContextCustomizer@0, org.springframework.boot.test.autoconfigure.web.servlet.WebDriverContextCustomizerFactory$Customizer@63ceb46d, org.springframework.boot.test.context.filter.ExcludeFilterContextCustomizer@4faffabb, org.springframework.boot.test.json.DuplicateJsonObjectContextCustomizerFactory$DuplicateJsonObjectContextCustomizer@54b71d23, org.springframework.boot.test.mock.mockito.MockitoContextCustomizer@55cb322c], contextLoader = 'org.springframework.test.context.support.DelegatingSmartContextLoader', parent = [null]]]
19:42:59.878 [Test worker] DEBUG org.springframework.test.context.cache - Spring test ApplicationContext cache statistics: [DefaultContextCache@31ee0133 size = 17, maxSize = 32, parentContextCount = 0, hitCount = 863, missCount = 17]
19:42:59.878 [Test worker] DEBUG org.springframework.test.context.cache.DefaultCacheAwareContextLoaderDelegate - Retrieved ApplicationContext from cache with key [[MergedContextConfiguration@41d2251d testClass = FixSessionServiceTest, locations = '{}', classes = '{class com.example.ex.service.FixSessionServiceTest$FixSessionServiceTestContextConfiguration}', contextInitializerClasses = '[]', activeProfiles = '{}', propertySourceLocations = '{}', propertySourceProperties = '{}', contextCustomizers = set[org.springframework.boot.test.autoconfigure.properties.PropertyMappingContextCustomizer@0, org.springframework.boot.test.autoconfigure.web.servlet.WebDriverContextCustomizerFactory$Customizer@63ceb46d, org.springframework.boot.test.context.filter.ExcludeFilterContextCustomizer@4faffabb, org.springframework.boot.test.json.DuplicateJsonObjectContextCustomizerFactory$DuplicateJsonObjectContextCustomizer@54b71d23, org.springframework.boot.test.mock.mockito.MockitoContextCustomizer@55cb322c], contextLoader = 'org.springframework.test.context.support.DelegatingSmartContextLoader', parent = [null]]]
19:42:59.878 [Test worker] DEBUG org.springframework.test.context.cache - Spring test ApplicationContext cache statistics: [DefaultContextCache@31ee0133 size = 17, maxSize = 32, parentContextCount = 0, hitCount = 864, missCount = 17]
19:42:59.880 [Test worker] DEBUG org.springframework.test.context.support.AbstractDirtiesContextTestExecutionListener - After test method: context [DefaultTestContext@279b4f10 testClass = FixSessionServiceTest, testInstance = com.example.ex.service.FixSessionServiceTest@3f377381, testMethod = shouldGetFixSessionsByHandle@FixSessionServiceTest, testException = [null], mergedContextConfiguration = [MergedContextConfiguration@41d2251d testClass = FixSessionServiceTest, locations = '{}', classes = '{class com.example.ex.service.FixSessionServiceTest$FixSessionServiceTestContextConfiguration}', contextInitializerClasses = '[]', activeProfiles = '{}', propertySourceLocations = '{}', propertySourceProperties = '{}', contextCustomizers = set[org.springframework.boot.test.autoconfigure.properties.PropertyMappingContextCustomizer@0, org.springframework.boot.test.autoconfigure.web.servlet.WebDriverContextCustomizerFactory$Customizer@63ceb46d, org.springframework.boot.test.context.filter.ExcludeFilterContextCustomizer@4faffabb, org.springframework.boot.test.json.DuplicateJsonObjectContextCustomizerFactory$DuplicateJsonObjectContextCustomizer@54b71d23, org.springframework.boot.test.mock.mockito.MockitoContextCustomizer@55cb322c], contextLoader = 'org.springframework.test.context.support.DelegatingSmartContextLoader', parent = [null]], attributes = map[[empty]]], class annotated with @DirtiesContext [false] with mode [null], method annotated with @DirtiesContext [false] with mode [null].
19:42:59.881 [Test worker] DEBUG org.springframework.test.annotation.ProfileValueUtils - Retrieved @ProfileValueSourceConfiguration [null] for test class [com.example.ex.service.FixSessionServiceTest]
19:42:59.882 [Test worker] DEBUG org.springframework.test.annotation.ProfileValueUtils - Retrieved ProfileValueSource type [class org.springframework.test.annotation.SystemProfileValueSource] for class [com.example.ex.service.FixSessionServiceTest]
19:42:59.882 [Test worker] DEBUG org.springframework.test.context.cache.DefaultCacheAwareContextLoaderDelegate - Retrieved ApplicationContext from cache with key [[MergedContextConfiguration@41d2251d testClass = FixSessionServiceTest, locations = '{}', classes = '{class com.example.ex.service.FixSessionServiceTest$FixSessionServiceTestContextConfiguration}', contextInitializerClasses = '[]', activeProfiles = '{}', propertySourceLocations = '{}', propertySourceProperties = '{}', contextCustomizers = set[org.springframework.boot.test.autoconfigure.properties.PropertyMappingContextCustomizer@0, org.springframework.boot.test.autoconfigure.web.servlet.WebDriverContextCustomizerFactory$Customizer@63ceb46d, org.springframework.boot.test.context.filter.ExcludeFilterContextCustomizer@4faffabb, org.springframework.boot.test.json.DuplicateJsonObjectContextCustomizerFactory$DuplicateJsonObjectContextCustomizer@54b71d23, org.springframework.boot.test.mock.mockito.MockitoContextCustomizer@55cb322c], contextLoader = 'org.springframework.test.context.support.DelegatingSmartContextLoader', parent = [null]]]
19:42:59.882 [Test worker] DEBUG org.springframework.test.context.cache - Spring test ApplicationContext cache statistics: [DefaultContextCache@31ee0133 size = 17, maxSize = 32, parentContextCount = 0, hitCount = 865, missCount = 17]
19:42:59.882 [Test worker] DEBUG org.springframework.beans.factory.support.DefaultListableBeanFactory - Returning cached instance of singleton bean 'org.springframework.boot.test.mock.mockito.MockitoPostProcessor'
19:42:59.882 [Test worker] DEBUG org.springframework.beans.factory.support.DefaultListableBeanFactory - Returning cached instance of singleton bean 'fixSessionRepository'
19:42:59.882 [Test worker] DEBUG org.springframework.test.context.support.DependencyInjectionTestExecutionListener - Performing dependency injection for test context [[DefaultTestContext@279b4f10 testClass = FixSessionServiceTest, testInstance = com.example.ex.service.FixSessionServiceTest@3778650c, testMethod = [null], testException = [null], mergedContextConfiguration = [MergedContextConfiguration@41d2251d testClass = FixSessionServiceTest, locations = '{}', classes = '{class com.example.ex.service.FixSessionServiceTest$FixSessionServiceTestContextConfiguration}', contextInitializerClasses = '[]', activeProfiles = '{}', propertySourceLocations = '{}', propertySourceProperties = '{}', contextCustomizers = set[org.springframework.boot.test.autoconfigure.properties.PropertyMappingContextCustomizer@0, org.springframework.boot.test.autoconfigure.web.servlet.WebDriverContextCustomizerFactory$Customizer@63ceb46d, org.springframework.boot.test.context.filter.ExcludeFilterContextCustomizer@4faffabb, org.springframework.boot.test.json.DuplicateJsonObjectContextCustomizerFactory$DuplicateJsonObjectContextCustomizer@54b71d23, org.springframework.boot.test.mock.mockito.MockitoContextCustomizer@55cb322c], contextLoader = 'org.springframework.test.context.support.DelegatingSmartContextLoader', parent = [null]], attributes = map[[empty]]]].
19:42:59.882 [Test worker] DEBUG org.springframework.test.context.cache.DefaultCacheAwareContextLoaderDelegate - Retrieved ApplicationContext from cache with key [[MergedContextConfiguration@41d2251d testClass = FixSessionServiceTest, locations = '{}', classes = '{class com.example.ex.service.FixSessionServiceTest$FixSessionServiceTestContextConfiguration}', contextInitializerClasses = '[]', activeProfiles = '{}', propertySourceLocations = '{}', propertySourceProperties = '{}', contextCustomizers = set[org.springframework.boot.test.autoconfigure.properties.PropertyMappingContextCustomizer@0, org.springframework.boot.test.autoconfigure.web.servlet.WebDriverContextCustomizerFactory$Customizer@63ceb46d, org.springframework.boot.test.context.filter.ExcludeFilterContextCustomizer@4faffabb, org.springframework.boot.test.json.DuplicateJsonObjectContextCustomizerFactory$DuplicateJsonObjectContextCustomizer@54b71d23, org.springframework.boot.test.mock.mockito.MockitoContextCustomizer@55cb322c], contextLoader = 'org.springframework.test.context.support.DelegatingSmartContextLoader', parent = [null]]]
19:42:59.883 [Test worker] DEBUG org.springframework.test.context.cache - Spring test ApplicationContext cache statistics: [DefaultContextCache@31ee0133 size = 17, maxSize = 32, parentContextCount = 0, hitCount = 866, missCount = 17]
19:42:59.884 [Test worker] DEBUG org.springframework.beans.factory.annotation.InjectionMetadata - Processing injected element of bean 'com.example.ex.service.FixSessionServiceTest': AutowiredFieldElement for private com.example.ex.service.FixSessionService com.example.ex.service.FixSessionServiceTest.fixSessionService
19:42:59.884 [Test worker] DEBUG org.springframework.beans.factory.support.DefaultListableBeanFactory - Returning cached instance of singleton bean 'fixSessionService'
19:42:59.885 [Test worker] DEBUG org.springframework.beans.factory.annotation.InjectionMetadata - Processing injected element of bean 'com.example.ex.service.FixSessionServiceTest': AutowiredFieldElement for private com.example.ex.service.MpidService com.example.ex.service.FixSessionServiceTest.mpidService
19:42:59.886 [Test worker] DEBUG org.springframework.beans.factory.support.DefaultListableBeanFactory - Returning cached instance of singleton bean 'mpidService'
19:42:59.886 [Test worker] DEBUG org.springframework.beans.factory.annotation.InjectionMetadata - Processing injected element of bean 'com.example.ex.service.FixSessionServiceTest': AutowiredFieldElement for private com.example.ex.service.AppInstanceService com.example.ex.service.FixSessionServiceTest.appInstanceService
19:42:59.887 [Test worker] DEBUG org.springframework.beans.factory.support.DefaultListableBeanFactory - Returning cached instance of singleton bean 'appInstanceService'
19:42:59.888 [Test worker] DEBUG org.springframework.beans.factory.annotation.InjectionMetadata - Processing injected element of bean 'com.example.ex.service.FixSessionServiceTest': AutowiredFieldElement for private com.example.ex.service.FixSessionMpidService com.example.ex.service.FixSessionServiceTest.fixSessionMpidService
19:42:59.888 [Test worker] DEBUG org.springframework.beans.factory.support.DefaultListableBeanFactory - Returning cached instance of singleton bean 'fixSessionMpidService'
19:42:59.889 [Test worker] DEBUG org.springframework.test.context.support.AbstractDirtiesContextTestExecutionListener - Before test method: context [DefaultTestContext@279b4f10 testClass = FixSessionServiceTest, testInstance = com.example.ex.service.FixSessionServiceTest@3778650c, testMethod = shouldNotSaveFixSessionWithNullMpid@FixSessionServiceTest, testException = [null], mergedContextConfiguration = [MergedContextConfiguration@41d2251d testClass = FixSessionServiceTest, locations = '{}', classes = '{class com.example.ex.service.FixSessionServiceTest$FixSessionServiceTestContextConfiguration}', contextInitializerClasses = '[]', activeProfiles = '{}', propertySourceLocations = '{}', propertySourceProperties = '{}', contextCustomizers = set[org.springframework.boot.test.autoconfigure.properties.PropertyMappingContextCustomizer@0, org.springframework.boot.test.autoconfigure.web.servlet.WebDriverContextCustomizerFactory$Customizer@63ceb46d, org.springframework.boot.test.context.filter.ExcludeFilterContextCustomizer@4faffabb, org.springframework.boot.test.json.DuplicateJsonObjectContextCustomizerFactory$DuplicateJsonObjectContextCustomizer@54b71d23, org.springframework.boot.test.mock.mockito.MockitoContextCustomizer@55cb322c], contextLoader = 'org.springframework.test.context.support.DelegatingSmartContextLoader', parent = [null]], attributes = map[[empty]]], class annotated with @DirtiesContext [false] with mode [null], method annotated with @DirtiesContext [false] with mode [null].
19:42:59.891 [Test worker] DEBUG org.springframework.test.context.cache.DefaultCacheAwareContextLoaderDelegate - Retrieved ApplicationContext from cache with key [[MergedContextConfiguration@41d2251d testClass = FixSessionServiceTest, locations = '{}', classes = '{class com.example.ex.service.FixSessionServiceTest$FixSessionServiceTestContextConfiguration}', contextInitializerClasses = '[]', activeProfiles = '{}', propertySourceLocations = '{}', propertySourceProperties = '{}', contextCustomizers = set[org.springframework.boot.test.autoconfigure.properties.PropertyMappingContextCustomizer@0, org.springframework.boot.test.autoconfigure.web.servlet.WebDriverContextCustomizerFactory$Customizer@63ceb46d, org.springframework.boot.test.context.filter.ExcludeFilterContextCustomizer@4faffabb, org.springframework.boot.test.json.DuplicateJsonObjectContextCustomizerFactory$DuplicateJsonObjectContextCustomizer@54b71d23, org.springframework.boot.test.mock.mockito.MockitoContextCustomizer@55cb322c], contextLoader = 'org.springframework.test.context.support.DelegatingSmartContextLoader', parent = [null]]]
19:42:59.891 [Test worker] DEBUG org.springframework.test.context.cache - Spring test ApplicationContext cache statistics: [DefaultContextCache@31ee0133 size = 17, maxSize = 32, parentContextCount = 0, hitCount = 867, missCount = 17]
19:42:59.891 [Test worker] DEBUG org.springframework.beans.factory.support.DefaultListableBeanFactory - Returning cached instance of singleton bean 'org.springframework.boot.test.mock.mockito.MockitoBeans'
19:42:59.893 [Test worker] DEBUG com.example.ex.service.BaseService - checking if FixSession <[exxx-cg]> exists
19:42:59.894 [Test worker] DEBUG com.example.ex.service.BaseService - checking if fk AppInstance <[CLGW01]> exists
19:42:59.896 [Test worker] DEBUG com.example.ex.service.BaseService - checking if fk Mpid <[null]> exists
19:42:59.896 [Test worker] DEBUG com.example.ex.service.BaseService - Mpid <null> does not exists, throwing exception
19:42:59.896 [Test worker] DEBUG org.springframework.test.context.cache.DefaultCacheAwareContextLoaderDelegate - Retrieved ApplicationContext from cache with key [[MergedContextConfiguration@41d2251d testClass = FixSessionServiceTest, locations = '{}', classes = '{class com.example.ex.service.FixSessionServiceTest$FixSessionServiceTestContextConfiguration}', contextInitializerClasses = '[]', activeProfiles = '{}', propertySourceLocations = '{}', propertySourceProperties = '{}', contextCustomizers = set[org.springframework.boot.test.autoconfigure.properties.PropertyMappingContextCustomizer@0, org.springframework.boot.test.autoconfigure.web.servlet.WebDriverContextCustomizerFactory$Customizer@63ceb46d, org.springframework.boot.test.context.filter.ExcludeFilterContextCustomizer@4faffabb, org.springframework.boot.test.json.DuplicateJsonObjectContextCustomizerFactory$DuplicateJsonObjectContextCustomizer@54b71d23, org.springframework.boot.test.mock.mockito.MockitoContextCustomizer@55cb322c], contextLoader = 'org.springframework.test.context.support.DelegatingSmartContextLoader', parent = [null]]]
19:42:59.896 [Test worker] DEBUG org.springframework.test.context.cache - Spring test ApplicationContext cache statistics: [DefaultContextCache@31ee0133 size = 17, maxSize = 32, parentContextCount = 0, hitCount = 868, missCount = 17]
19:42:59.897 [Test worker] DEBUG org.springframework.beans.factory.support.DefaultListableBeanFactory - Returning cached instance of singleton bean 'org.springframework.boot.test.mock.mockito.MockitoBeans'
19:42:59.897 [Test worker] DEBUG org.springframework.test.context.cache.DefaultCacheAwareContextLoaderDelegate - Retrieved ApplicationContext from cache with key [[MergedContextConfiguration@41d2251d testClass = FixSessionServiceTest, locations = '{}', classes = '{class com.example.ex.service.FixSessionServiceTest$FixSessionServiceTestContextConfiguration}', contextInitializerClasses = '[]', activeProfiles = '{}', propertySourceLocations = '{}', propertySourceProperties = '{}', contextCustomizers = set[org.springframework.boot.test.autoconfigure.properties.PropertyMappingContextCustomizer@0, org.springframework.boot.test.autoconfigure.web.servlet.WebDriverContextCustomizerFactory$Customizer@63ceb46d, org.springframework.boot.test.context.filter.ExcludeFilterContextCustomizer@4faffabb, org.springframework.boot.test.json.DuplicateJsonObjectContextCustomizerFactory$DuplicateJsonObjectContextCustomizer@54b71d23, org.springframework.boot.test.mock.mockito.MockitoContextCustomizer@55cb322c], contextLoader = 'org.springframework.test.context.support.DelegatingSmartContextLoader', parent = [null]]]
19:42:59.897 [Test worker] DEBUG org.springframework.test.context.cache - Spring test ApplicationContext cache statistics: [DefaultContextCache@31ee0133 size = 17, maxSize = 32, parentContextCount = 0, hitCount = 869, missCount = 17]
19:42:59.898 [Test worker] DEBUG org.springframework.test.context.cache.DefaultCacheAwareContextLoaderDelegate - Retrieved ApplicationContext from cache with key [[MergedContextConfiguration@41d2251d testClass = FixSessionServiceTest, locations = '{}', classes = '{class com.example.ex.service.FixSessionServiceTest$FixSessionServiceTestContextConfiguration}', contextInitializerClasses = '[]', activeProfiles = '{}', propertySourceLocations = '{}', propertySourceProperties = '{}', contextCustomizers = set[org.springframework.boot.test.autoconfigure.properties.PropertyMappingContextCustomizer@0, org.springframework.boot.test.autoconfigure.web.servlet.WebDriverContextCustomizerFactory$Customizer@63ceb46d, org.springframework.boot.test.context.filter.ExcludeFilterContextCustomizer@4faffabb, org.springframework.boot.test.json.DuplicateJsonObjectContextCustomizerFactory$DuplicateJsonObjectContextCustomizer@54b71d23, org.springframework.boot.test.mock.mockito.MockitoContextCustomizer@55cb322c], contextLoader = 'org.springframework.test.context.support.DelegatingSmartContextLoader', parent = [null]]]
19:42:59.898 [Test worker] DEBUG org.springframework.test.context.cache - Spring test ApplicationContext cache statistics: [DefaultContextCache@31ee0133 size = 17, maxSize = 32, parentContextCount = 0, hitCount = 870, missCount = 17]
19:42:59.900 [Test worker] DEBUG org.springframework.test.context.support.AbstractDirtiesContextTestExecutionListener - After test method: context [DefaultTestContext@279b4f10 testClass = FixSessionServiceTest, testInstance = com.example.ex.service.FixSessionServiceTest@3778650c, testMethod = shouldNotSaveFixSessionWithNullMpid@FixSessionServiceTest, testException = [null], mergedContextConfiguration = [MergedContextConfiguration@41d2251d testClass = FixSessionServiceTest, locations = '{}', classes = '{class com.example.ex.service.FixSessionServiceTest$FixSessionServiceTestContextConfiguration}', contextInitializerClasses = '[]', activeProfiles = '{}', propertySourceLocations = '{}', propertySourceProperties = '{}', contextCustomizers = set[org.springframework.boot.test.autoconfigure.properties.PropertyMappingContextCustomizer@0, org.springframework.boot.test.autoconfigure.web.servlet.WebDriverContextCustomizerFactory$Customizer@63ceb46d, org.springframework.boot.test.context.filter.ExcludeFilterContextCustomizer@4faffabb, org.springframework.boot.test.json.DuplicateJsonObjectContextCustomizerFactory$DuplicateJsonObjectContextCustomizer@54b71d23, org.springframework.boot.test.mock.mockito.MockitoContextCustomizer@55cb322c], contextLoader = 'org.springframework.test.context.support.DelegatingSmartContextLoader', parent = [null]], attributes = map[[empty]]], class annotated with @DirtiesContext [false] with mode [null], method annotated with @DirtiesContext [false] with mode [null].
19:42:59.902 [Test worker] DEBUG org.springframework.test.annotation.ProfileValueUtils - Retrieved @ProfileValueSourceConfiguration [null] for test class [com.example.ex.service.FixSessionServiceTest]
19:42:59.902 [Test worker] DEBUG org.springframework.test.annotation.ProfileValueUtils - Retrieved ProfileValueSource type [class org.springframework.test.annotation.SystemProfileValueSource] for class [com.example.ex.service.FixSessionServiceTest]
19:42:59.903 [Test worker] DEBUG org.springframework.test.context.cache.DefaultCacheAwareContextLoaderDelegate - Retrieved ApplicationContext from cache with key [[MergedContextConfiguration@41d2251d testClass = FixSessionServiceTest, locations = '{}', classes = '{class com.example.ex.service.FixSessionServiceTest$FixSessionServiceTestContextConfiguration}', contextInitializerClasses = '[]', activeProfiles = '{}', propertySourceLocations = '{}', propertySourceProperties = '{}', contextCustomizers = set[org.springframework.boot.test.autoconfigure.properties.PropertyMappingContextCustomizer@0, org.springframework.boot.test.autoconfigure.web.servlet.WebDriverContextCustomizerFactory$Customizer@63ceb46d, org.springframework.boot.test.context.filter.ExcludeFilterContextCustomizer@4faffabb, org.springframework.boot.test.json.DuplicateJsonObjectContextCustomizerFactory$DuplicateJsonObjectContextCustomizer@54b71d23, org.springframework.boot.test.mock.mockito.MockitoContextCustomizer@55cb322c], contextLoader = 'org.springframework.test.context.support.DelegatingSmartContextLoader', parent = [null]]]
19:42:59.903 [Test worker] DEBUG org.springframework.test.context.cache - Spring test ApplicationContext cache statistics: [DefaultContextCache@31ee0133 size = 17, maxSize = 32, parentContextCount = 0, hitCount = 871, missCount = 17]
19:42:59.903 [Test worker] DEBUG org.springframework.beans.factory.support.DefaultListableBeanFactory - Returning cached instance of singleton bean 'org.springframework.boot.test.mock.mockito.MockitoPostProcessor'
19:42:59.903 [Test worker] DEBUG org.springframework.beans.factory.support.DefaultListableBeanFactory - Returning cached instance of singleton bean 'fixSessionRepository'
19:42:59.904 [Test worker] DEBUG org.springframework.test.context.support.DependencyInjectionTestExecutionListener - Performing dependency injection for test context [[DefaultTestContext@279b4f10 testClass = FixSessionServiceTest, testInstance = com.example.ex.service.FixSessionServiceTest@7afbd3ab, testMethod = [null], testException = [null], mergedContextConfiguration = [MergedContextConfiguration@41d2251d testClass = FixSessionServiceTest, locations = '{}', classes = '{class com.example.ex.service.FixSessionServiceTest$FixSessionServiceTestContextConfiguration}', contextInitializerClasses = '[]', activeProfiles = '{}', propertySourceLocations = '{}', propertySourceProperties = '{}', contextCustomizers = set[org.springframework.boot.test.autoconfigure.properties.PropertyMappingContextCustomizer@0, org.springframework.boot.test.autoconfigure.web.servlet.WebDriverContextCustomizerFactory$Customizer@63ceb46d, org.springframework.boot.test.context.filter.ExcludeFilterContextCustomizer@4faffabb, org.springframework.boot.test.json.DuplicateJsonObjectContextCustomizerFactory$DuplicateJsonObjectContextCustomizer@54b71d23, org.springframework.boot.test.mock.mockito.MockitoContextCustomizer@55cb322c], contextLoader = 'org.springframework.test.context.support.DelegatingSmartContextLoader', parent = [null]], attributes = map[[empty]]]].
19:42:59.904 [Test worker] DEBUG org.springframework.test.context.cache.DefaultCacheAwareContextLoaderDelegate - Retrieved ApplicationContext from cache with key [[MergedContextConfiguration@41d2251d testClass = FixSessionServiceTest, locations = '{}', classes = '{class com.example.ex.service.FixSessionServiceTest$FixSessionServiceTestContextConfiguration}', contextInitializerClasses = '[]', activeProfiles = '{}', propertySourceLocations = '{}', propertySourceProperties = '{}', contextCustomizers = set[org.springframework.boot.test.autoconfigure.properties.PropertyMappingContextCustomizer@0, org.springframework.boot.test.autoconfigure.web.servlet.WebDriverContextCustomizerFactory$Customizer@63ceb46d, org.springframework.boot.test.context.filter.ExcludeFilterContextCustomizer@4faffabb, org.springframework.boot.test.json.DuplicateJsonObjectContextCustomizerFactory$DuplicateJsonObjectContextCustomizer@54b71d23, org.springframework.boot.test.mock.mockito.MockitoContextCustomizer@55cb322c], contextLoader = 'org.springframework.test.context.support.DelegatingSmartContextLoader', parent = [null]]]
19:42:59.904 [Test worker] DEBUG org.springframework.test.context.cache - Spring test ApplicationContext cache statistics: [DefaultContextCache@31ee0133 size = 17, maxSize = 32, parentContextCount = 0, hitCount = 872, missCount = 17]
19:42:59.905 [Test worker] DEBUG org.springframework.beans.factory.annotation.InjectionMetadata - Processing injected element of bean 'com.example.ex.service.FixSessionServiceTest': AutowiredFieldElement for private com.example.ex.service.FixSessionService com.example.ex.service.FixSessionServiceTest.fixSessionService
19:42:59.905 [Test worker] DEBUG org.springframework.beans.factory.support.DefaultListableBeanFactory - Returning cached instance of singleton bean 'fixSessionService'
19:42:59.905 [Test worker] DEBUG org.springframework.beans.factory.annotation.InjectionMetadata - Processing injected element of bean 'com.example.ex.service.FixSessionServiceTest': AutowiredFieldElement for private com.example.ex.service.MpidService com.example.ex.service.FixSessionServiceTest.mpidService
19:42:59.905 [Test worker] DEBUG org.springframework.beans.factory.support.DefaultListableBeanFactory - Returning cached instance of singleton bean 'mpidService'
19:42:59.905 [Test worker] DEBUG org.springframework.beans.factory.annotation.InjectionMetadata - Processing injected element of bean 'com.example.ex.service.FixSessionServiceTest': AutowiredFieldElement for private com.example.ex.service.AppInstanceService com.example.ex.service.FixSessionServiceTest.appInstanceService
19:42:59.905 [Test worker] DEBUG org.springframework.beans.factory.support.DefaultListableBeanFactory - Returning cached instance of singleton bean 'appInstanceService'
19:42:59.905 [Test worker] DEBUG org.springframework.beans.factory.annotation.InjectionMetadata - Processing injected element of bean 'com.example.ex.service.FixSessionServiceTest': AutowiredFieldElement for private com.example.ex.service.FixSessionMpidService com.example.ex.service.FixSessionServiceTest.fixSessionMpidService
19:42:59.905 [Test worker] DEBUG org.springframework.beans.factory.support.DefaultListableBeanFactory - Returning cached instance of singleton bean 'fixSessionMpidService'
19:42:59.906 [Test worker] DEBUG org.springframework.test.context.support.AbstractDirtiesContextTestExecutionListener - Before test method: context [DefaultTestContext@279b4f10 testClass = FixSessionServiceTest, testInstance = com.example.ex.service.FixSessionServiceTest@7afbd3ab, testMethod = shouldGetFixSessionsByAppMpid@FixSessionServiceTest, testException = [null], mergedContextConfiguration = [MergedContextConfiguration@41d2251d testClass = FixSessionServiceTest, locations = '{}', classes = '{class com.example.ex.service.FixSessionServiceTest$FixSessionServiceTestContextConfiguration}', contextInitializerClasses = '[]', activeProfiles = '{}', propertySourceLocations = '{}', propertySourceProperties = '{}', contextCustomizers = set[org.springframework.boot.test.autoconfigure.properties.PropertyMappingContextCustomizer@0, org.springframework.boot.test.autoconfigure.web.servlet.WebDriverContextCustomizerFactory$Customizer@63ceb46d, org.springframework.boot.test.context.filter.ExcludeFilterContextCustomizer@4faffabb, org.springframework.boot.test.json.DuplicateJsonObjectContextCustomizerFactory$DuplicateJsonObjectContextCustomizer@54b71d23, org.springframework.boot.test.mock.mockito.MockitoContextCustomizer@55cb322c], contextLoader = 'org.springframework.test.context.support.DelegatingSmartContextLoader', parent = [null]], attributes = map[[empty]]], class annotated with @DirtiesContext [false] with mode [null], method annotated with @DirtiesContext [false] with mode [null].
19:42:59.908 [Test worker] DEBUG org.springframework.test.context.cache.DefaultCacheAwareContextLoaderDelegate - Retrieved ApplicationContext from cache with key [[MergedContextConfiguration@41d2251d testClass = FixSessionServiceTest, locations = '{}', classes = '{class com.example.ex.service.FixSessionServiceTest$FixSessionServiceTestContextConfiguration}', contextInitializerClasses = '[]', activeProfiles = '{}', propertySourceLocations = '{}', propertySourceProperties = '{}', contextCustomizers = set[org.springframework.boot.test.autoconfigure.properties.PropertyMappingContextCustomizer@0, org.springframework.boot.test.autoconfigure.web.servlet.WebDriverContextCustomizerFactory$Customizer@63ceb46d, org.springframework.boot.test.context.filter.ExcludeFilterContextCustomizer@4faffabb, org.springframework.boot.test.json.DuplicateJsonObjectContextCustomizerFactory$DuplicateJsonObjectContextCustomizer@54b71d23, org.springframework.boot.test.mock.mockito.MockitoContextCustomizer@55cb322c], contextLoader = 'org.springframework.test.context.support.DelegatingSmartContextLoader', parent = [null]]]
19:42:59.908 [Test worker] DEBUG org.springframework.test.context.cache - Spring test ApplicationContext cache statistics: [DefaultContextCache@31ee0133 size = 17, maxSize = 32, parentContextCount = 0, hitCount = 873, missCount = 17]
19:42:59.908 [Test worker] DEBUG org.springframework.beans.factory.support.DefaultListableBeanFactory - Returning cached instance of singleton bean 'org.springframework.boot.test.mock.mockito.MockitoBeans'
19:42:59.909 [Test worker] DEBUG com.example.ex.service.FixSessionService - looking for all fix session for mpid handle <exx> 
19:42:59.909 [Test worker] DEBUG org.springframework.test.context.cache.DefaultCacheAwareContextLoaderDelegate - Retrieved ApplicationContext from cache with key [[MergedContextConfiguration@41d2251d testClass = FixSessionServiceTest, locations = '{}', classes = '{class com.example.ex.service.FixSessionServiceTest$FixSessionServiceTestContextConfiguration}', contextInitializerClasses = '[]', activeProfiles = '{}', propertySourceLocations = '{}', propertySourceProperties = '{}', contextCustomizers = set[org.springframework.boot.test.autoconfigure.properties.PropertyMappingContextCustomizer@0, org.springframework.boot.test.autoconfigure.web.servlet.WebDriverContextCustomizerFactory$Customizer@63ceb46d, org.springframework.boot.test.context.filter.ExcludeFilterContextCustomizer@4faffabb, org.springframework.boot.test.json.DuplicateJsonObjectContextCustomizerFactory$DuplicateJsonObjectContextCustomizer@54b71d23, org.springframework.boot.test.mock.mockito.MockitoContextCustomizer@55cb322c], contextLoader = 'org.springframework.test.context.support.DelegatingSmartContextLoader', parent = [null]]]
19:42:59.909 [Test worker] DEBUG org.springframework.test.context.cache - Spring test ApplicationContext cache statistics: [DefaultContextCache@31ee0133 size = 17, maxSize = 32, parentContextCount = 0, hitCount = 874, missCount = 17]
19:42:59.910 [Test worker] DEBUG org.springframework.beans.factory.support.DefaultListableBeanFactory - Returning cached instance of singleton bean 'org.springframework.boot.test.mock.mockito.MockitoBeans'
19:42:59.910 [Test worker] DEBUG org.springframework.test.context.cache.DefaultCacheAwareContextLoaderDelegate - Retrieved ApplicationContext from cache with key [[MergedContextConfiguration@41d2251d testClass = FixSessionServiceTest, locations = '{}', classes = '{class com.example.ex.service.FixSessionServiceTest$FixSessionServiceTestContextConfiguration}', contextInitializerClasses = '[]', activeProfiles = '{}', propertySourceLocations = '{}', propertySourceProperties = '{}', contextCustomizers = set[org.springframework.boot.test.autoconfigure.properties.PropertyMappingContextCustomizer@0, org.springframework.boot.test.autoconfigure.web.servlet.WebDriverContextCustomizerFactory$Customizer@63ceb46d, org.springframework.boot.test.context.filter.ExcludeFilterContextCustomizer@4faffabb, org.springframework.boot.test.json.DuplicateJsonObjectContextCustomizerFactory$DuplicateJsonObjectContextCustomizer@54b71d23, org.springframework.boot.test.mock.mockito.MockitoContextCustomizer@55cb322c], contextLoader = 'org.springframework.test.context.support.DelegatingSmartContextLoader', parent = [null]]]
19:42:59.910 [Test worker] DEBUG org.springframework.test.context.cache - Spring test ApplicationContext cache statistics: [DefaultContextCache@31ee0133 size = 17, maxSize = 32, parentContextCount = 0, hitCount = 875, missCount = 17]
19:42:59.910 [Test worker] DEBUG org.springframework.test.context.cache.DefaultCacheAwareContextLoaderDelegate - Retrieved ApplicationContext from cache with key [[MergedContextConfiguration@41d2251d testClass = FixSessionServiceTest, locations = '{}', classes = '{class com.example.ex.service.FixSessionServiceTest$FixSessionServiceTestContextConfiguration}', contextInitializerClasses = '[]', activeProfiles = '{}', propertySourceLocations = '{}', propertySourceProperties = '{}', contextCustomizers = set[org.springframework.boot.test.autoconfigure.properties.PropertyMappingContextCustomizer@0, org.springframework.boot.test.autoconfigure.web.servlet.WebDriverContextCustomizerFactory$Customizer@63ceb46d, org.springframework.boot.test.context.filter.ExcludeFilterContextCustomizer@4faffabb, org.springframework.boot.test.json.DuplicateJsonObjectContextCustomizerFactory$DuplicateJsonObjectContextCustomizer@54b71d23, org.springframework.boot.test.mock.mockito.MockitoContextCustomizer@55cb322c], contextLoader = 'org.springframework.test.context.support.DelegatingSmartContextLoader', parent = [null]]]
19:42:59.910 [Test worker] DEBUG org.springframework.test.context.cache - Spring test ApplicationContext cache statistics: [DefaultContextCache@31ee0133 size = 17, maxSize = 32, parentContextCount = 0, hitCount = 876, missCount = 17]
19:42:59.911 [Test worker] DEBUG org.springframework.test.context.support.AbstractDirtiesContextTestExecutionListener - After test method: context [DefaultTestContext@279b4f10 testClass = FixSessionServiceTest, testInstance = com.example.ex.service.FixSessionServiceTest@7afbd3ab, testMethod = shouldGetFixSessionsByAppMpid@FixSessionServiceTest, testException = [null], mergedContextConfiguration = [MergedContextConfiguration@41d2251d testClass = FixSessionServiceTest, locations = '{}', classes = '{class com.example.ex.service.FixSessionServiceTest$FixSessionServiceTestContextConfiguration}', contextInitializerClasses = '[]', activeProfiles = '{}', propertySourceLocations = '{}', propertySourceProperties = '{}', contextCustomizers = set[org.springframework.boot.test.autoconfigure.properties.PropertyMappingContextCustomizer@0, org.springframework.boot.test.autoconfigure.web.servlet.WebDriverContextCustomizerFactory$Customizer@63ceb46d, org.springframework.boot.test.context.filter.ExcludeFilterContextCustomizer@4faffabb, org.springframework.boot.test.json.DuplicateJsonObjectContextCustomizerFactory$DuplicateJsonObjectContextCustomizer@54b71d23, org.springframework.boot.test.mock.mockito.MockitoContextCustomizer@55cb322c], contextLoader = 'org.springframework.test.context.support.DelegatingSmartContextLoader', parent = [null]], attributes = map[[empty]]], class annotated with @DirtiesContext [false] with mode [null], method annotated with @DirtiesContext [false] with mode [null].
19:42:59.912 [Test worker] DEBUG org.springframework.test.annotation.ProfileValueUtils - Retrieved @ProfileValueSourceConfiguration [null] for test class [com.example.ex.service.FixSessionServiceTest]
19:42:59.912 [Test worker] DEBUG org.springframework.test.annotation.ProfileValueUtils - Retrieved ProfileValueSource type [class org.springframework.test.annotation.SystemProfileValueSource] for class [com.example.ex.service.FixSessionServiceTest]
19:42:59.912 [Test worker] DEBUG org.springframework.test.context.cache.DefaultCacheAwareContextLoaderDelegate - Retrieved ApplicationContext from cache with key [[MergedContextConfiguration@41d2251d testClass = FixSessionServiceTest, locations = '{}', classes = '{class com.example.ex.service.FixSessionServiceTest$FixSessionServiceTestContextConfiguration}', contextInitializerClasses = '[]', activeProfiles = '{}', propertySourceLocations = '{}', propertySourceProperties = '{}', contextCustomizers = set[org.springframework.boot.test.autoconfigure.properties.PropertyMappingContextCustomizer@0, org.springframework.boot.test.autoconfigure.web.servlet.WebDriverContextCustomizerFactory$Customizer@63ceb46d, org.springframework.boot.test.context.filter.ExcludeFilterContextCustomizer@4faffabb, org.springframework.boot.test.json.DuplicateJsonObjectContextCustomizerFactory$DuplicateJsonObjectContextCustomizer@54b71d23, org.springframework.boot.test.mock.mockito.MockitoContextCustomizer@55cb322c], contextLoader = 'org.springframework.test.context.support.DelegatingSmartContextLoader', parent = [null]]]
19:42:59.913 [Test worker] DEBUG org.springframework.test.context.cache - Spring test ApplicationContext cache statistics: [DefaultContextCache@31ee0133 size = 17, maxSize = 32, parentContextCount = 0, hitCount = 877, missCount = 17]
19:42:59.913 [Test worker] DEBUG org.springframework.beans.factory.support.DefaultListableBeanFactory - Returning cached instance of singleton bean 'org.springframework.boot.test.mock.mockito.MockitoPostProcessor'
19:42:59.913 [Test worker] DEBUG org.springframework.beans.factory.support.DefaultListableBeanFactory - Returning cached instance of singleton bean 'fixSessionRepository'
19:42:59.913 [Test worker] DEBUG org.springframework.test.context.support.DependencyInjectionTestExecutionListener - Performing dependency injection for test context [[DefaultTestContext@279b4f10 testClass = FixSessionServiceTest, testInstance = com.example.ex.service.FixSessionServiceTest@5a37c115, testMethod = [null], testException = [null], mergedContextConfiguration = [MergedContextConfiguration@41d2251d testClass = FixSessionServiceTest, locations = '{}', classes = '{class com.example.ex.service.FixSessionServiceTest$FixSessionServiceTestContextConfiguration}', contextInitializerClasses = '[]', activeProfiles = '{}', propertySourceLocations = '{}', propertySourceProperties = '{}', contextCustomizers = set[org.springframework.boot.test.autoconfigure.properties.PropertyMappingContextCustomizer@0, org.springframework.boot.test.autoconfigure.web.servlet.WebDriverContextCustomizerFactory$Customizer@63ceb46d, org.springframework.boot.test.context.filter.ExcludeFilterContextCustomizer@4faffabb, org.springframework.boot.test.json.DuplicateJsonObjectContextCustomizerFactory$DuplicateJsonObjectContextCustomizer@54b71d23, org.springframework.boot.test.mock.mockito.MockitoContextCustomizer@55cb322c], contextLoader = 'org.springframework.test.context.support.DelegatingSmartContextLoader', parent = [null]], attributes = map[[empty]]]].
19:42:59.913 [Test worker] DEBUG org.springframework.test.context.cache.DefaultCacheAwareContextLoaderDelegate - Retrieved ApplicationContext from cache with key [[MergedContextConfiguration@41d2251d testClass = FixSessionServiceTest, locations = '{}', classes = '{class com.example.ex.service.FixSessionServiceTest$FixSessionServiceTestContextConfiguration}', contextInitializerClasses = '[]', activeProfiles = '{}', propertySourceLocations = '{}', propertySourceProperties = '{}', contextCustomizers = set[org.springframework.boot.test.autoconfigure.properties.PropertyMappingContextCustomizer@0, org.springframework.boot.test.autoconfigure.web.servlet.WebDriverContextCustomizerFactory$Customizer@63ceb46d, org.springframework.boot.test.context.filter.ExcludeFilterContextCustomizer@4faffabb, org.springframework.boot.test.json.DuplicateJsonObjectContextCustomizerFactory$DuplicateJsonObjectContextCustomizer@54b71d23, org.springframework.boot.test.mock.mockito.MockitoContextCustomizer@55cb322c], contextLoader = 'org.springframework.test.context.support.DelegatingSmartContextLoader', parent = [null]]]
19:42:59.913 [Test worker] DEBUG org.springframework.test.context.cache - Spring test ApplicationContext cache statistics: [DefaultContextCache@31ee0133 size = 17, maxSize = 32, parentContextCount = 0, hitCount = 878, missCount = 17]
19:42:59.914 [Test worker] DEBUG org.springframework.beans.factory.annotation.InjectionMetadata - Processing injected element of bean 'com.example.ex.service.FixSessionServiceTest': AutowiredFieldElement for private com.example.ex.service.FixSessionService com.example.ex.service.FixSessionServiceTest.fixSessionService
19:42:59.914 [Test worker] DEBUG org.springframework.beans.factory.support.DefaultListableBeanFactory - Returning cached instance of singleton bean 'fixSessionService'
19:42:59.914 [Test worker] DEBUG org.springframework.beans.factory.annotation.InjectionMetadata - Processing injected element of bean 'com.example.ex.service.FixSessionServiceTest': AutowiredFieldElement for private com.example.ex.service.MpidService com.example.ex.service.FixSessionServiceTest.mpidService
19:42:59.914 [Test worker] DEBUG org.springframework.beans.factory.support.DefaultListableBeanFactory - Returning cached instance of singleton bean 'mpidService'
19:42:59.914 [Test worker] DEBUG org.springframework.beans.factory.annotation.InjectionMetadata - Processing injected element of bean 'com.example.ex.service.FixSessionServiceTest': AutowiredFieldElement for private com.example.ex.service.AppInstanceService com.example.ex.service.FixSessionServiceTest.appInstanceService
19:42:59.914 [Test worker] DEBUG org.springframework.beans.factory.support.DefaultListableBeanFactory - Returning cached instance of singleton bean 'appInstanceService'
19:42:59.914 [Test worker] DEBUG org.springframework.beans.factory.annotation.InjectionMetadata - Processing injected element of bean 'com.example.ex.service.FixSessionServiceTest': AutowiredFieldElement for private com.example.ex.service.FixSessionMpidService com.example.ex.service.FixSessionServiceTest.fixSessionMpidService
19:42:59.914 [Test worker] DEBUG org.springframework.beans.factory.support.DefaultListableBeanFactory - Returning cached instance of singleton bean 'fixSessionMpidService'
19:42:59.915 [Test worker] DEBUG org.springframework.test.context.support.AbstractDirtiesContextTestExecutionListener - Before test method: context [DefaultTestContext@279b4f10 testClass = FixSessionServiceTest, testInstance = com.example.ex.service.FixSessionServiceTest@5a37c115, testMethod = shouldSaveFixSession@FixSessionServiceTest, testException = [null], mergedContextConfiguration = [MergedContextConfiguration@41d2251d testClass = FixSessionServiceTest, locations = '{}', classes = '{class com.example.ex.service.FixSessionServiceTest$FixSessionServiceTestContextConfiguration}', contextInitializerClasses = '[]', activeProfiles = '{}', propertySourceLocations = '{}', propertySourceProperties = '{}', contextCustomizers = set[org.springframework.boot.test.autoconfigure.properties.PropertyMappingContextCustomizer@0, org.springframework.boot.test.autoconfigure.web.servlet.WebDriverContextCustomizerFactory$Customizer@63ceb46d, org.springframework.boot.test.context.filter.ExcludeFilterContextCustomizer@4faffabb, org.springframework.boot.test.json.DuplicateJsonObjectContextCustomizerFactory$DuplicateJsonObjectContextCustomizer@54b71d23, org.springframework.boot.test.mock.mockito.MockitoContextCustomizer@55cb322c], contextLoader = 'org.springframework.test.context.support.DelegatingSmartContextLoader', parent = [null]], attributes = map[[empty]]], class annotated with @DirtiesContext [false] with mode [null], method annotated with @DirtiesContext [false] with mode [null].
19:42:59.916 [Test worker] DEBUG org.springframework.test.context.cache.DefaultCacheAwareContextLoaderDelegate - Retrieved ApplicationContext from cache with key [[MergedContextConfiguration@41d2251d testClass = FixSessionServiceTest, locations = '{}', classes = '{class com.example.ex.service.FixSessionServiceTest$FixSessionServiceTestContextConfiguration}', contextInitializerClasses = '[]', activeProfiles = '{}', propertySourceLocations = '{}', propertySourceProperties = '{}', contextCustomizers = set[org.springframework.boot.test.autoconfigure.properties.PropertyMappingContextCustomizer@0, org.springframework.boot.test.autoconfigure.web.servlet.WebDriverContextCustomizerFactory$Customizer@63ceb46d, org.springframework.boot.test.context.filter.ExcludeFilterContextCustomizer@4faffabb, org.springframework.boot.test.json.DuplicateJsonObjectContextCustomizerFactory$DuplicateJsonObjectContextCustomizer@54b71d23, org.springframework.boot.test.mock.mockito.MockitoContextCustomizer@55cb322c], contextLoader = 'org.springframework.test.context.support.DelegatingSmartContextLoader', parent = [null]]]
19:42:59.916 [Test worker] DEBUG org.springframework.test.context.cache - Spring test ApplicationContext cache statistics: [DefaultContextCache@31ee0133 size = 17, maxSize = 32, parentContextCount = 0, hitCount = 879, missCount = 17]
19:42:59.917 [Test worker] DEBUG org.springframework.beans.factory.support.DefaultListableBeanFactory - Returning cached instance of singleton bean 'org.springframework.boot.test.mock.mockito.MockitoBeans'
19:42:59.917 [Test worker] DEBUG com.example.ex.service.BaseService - checking if FixSession <[exxx-cg]> exists
19:42:59.917 [Test worker] DEBUG com.example.ex.service.BaseService - checking if fk AppInstance <[CLGW01]> exists
19:42:59.917 [Test worker] DEBUG com.example.ex.service.BaseService - checking if fk Mpid <[exx]> exists
19:42:59.918 [Test worker] DEBUG org.springframework.test.context.cache.DefaultCacheAwareContextLoaderDelegate - Retrieved ApplicationContext from cache with key [[MergedContextConfiguration@41d2251d testClass = FixSessionServiceTest, locations = '{}', classes = '{class com.example.ex.service.FixSessionServiceTest$FixSessionServiceTestContextConfiguration}', contextInitializerClasses = '[]', activeProfiles = '{}', propertySourceLocations = '{}', propertySourceProperties = '{}', contextCustomizers = set[org.springframework.boot.test.autoconfigure.properties.PropertyMappingContextCustomizer@0, org.springframework.boot.test.autoconfigure.web.servlet.WebDriverContextCustomizerFactory$Customizer@63ceb46d, org.springframework.boot.test.context.filter.ExcludeFilterContextCustomizer@4faffabb, org.springframework.boot.test.json.DuplicateJsonObjectContextCustomizerFactory$DuplicateJsonObjectContextCustomizer@54b71d23, org.springframework.boot.test.mock.mockito.MockitoContextCustomizer@55cb322c], contextLoader = 'org.springframework.test.context.support.DelegatingSmartContextLoader', parent = [null]]]
19:42:59.918 [Test worker] DEBUG org.springframework.test.context.cache - Spring test ApplicationContext cache statistics: [DefaultContextCache@31ee0133 size = 17, maxSize = 32, parentContextCount = 0, hitCount = 880, missCount = 17]
19:42:59.918 [Test worker] DEBUG org.springframework.beans.factory.support.DefaultListableBeanFactory - Returning cached instance of singleton bean 'org.springframework.boot.test.mock.mockito.MockitoBeans'
19:42:59.918 [Test worker] DEBUG org.springframework.test.context.cache.DefaultCacheAwareContextLoaderDelegate - Retrieved ApplicationContext from cache with key [[MergedContextConfiguration@41d2251d testClass = FixSessionServiceTest, locations = '{}', classes = '{class com.example.ex.service.FixSessionServiceTest$FixSessionServiceTestContextConfiguration}', contextInitializerClasses = '[]', activeProfiles = '{}', propertySourceLocations = '{}', propertySourceProperties = '{}', contextCustomizers = set[org.springframework.boot.test.autoconfigure.properties.PropertyMappingContextCustomizer@0, org.springframework.boot.test.autoconfigure.web.servlet.WebDriverContextCustomizerFactory$Customizer@63ceb46d, org.springframework.boot.test.context.filter.ExcludeFilterContextCustomizer@4faffabb, org.springframework.boot.test.json.DuplicateJsonObjectContextCustomizerFactory$DuplicateJsonObjectContextCustomizer@54b71d23, org.springframework.boot.test.mock.mockito.MockitoContextCustomizer@55cb322c], contextLoader = 'org.springframework.test.context.support.DelegatingSmartContextLoader', parent = [null]]]
19:42:59.918 [Test worker] DEBUG org.springframework.test.context.cache - Spring test ApplicationContext cache statistics: [DefaultContextCache@31ee0133 size = 17, maxSize = 32, parentContextCount = 0, hitCount = 881, missCount = 17]
19:42:59.918 [Test worker] DEBUG org.springframework.test.context.cache.DefaultCacheAwareContextLoaderDelegate - Retrieved ApplicationContext from cache with key [[MergedContextConfiguration@41d2251d testClass = FixSessionServiceTest, locations = '{}', classes = '{class com.example.ex.service.FixSessionServiceTest$FixSessionServiceTestContextConfiguration}', contextInitializerClasses = '[]', activeProfiles = '{}', propertySourceLocations = '{}', propertySourceProperties = '{}', contextCustomizers = set[org.springframework.boot.test.autoconfigure.properties.PropertyMappingContextCustomizer@0, org.springframework.boot.test.autoconfigure.web.servlet.WebDriverContextCustomizerFactory$Customizer@63ceb46d, org.springframework.boot.test.context.filter.ExcludeFilterContextCustomizer@4faffabb, org.springframework.boot.test.json.DuplicateJsonObjectContextCustomizerFactory$DuplicateJsonObjectContextCustomizer@54b71d23, org.springframework.boot.test.mock.mockito.MockitoContextCustomizer@55cb322c], contextLoader = 'org.springframework.test.context.support.DelegatingSmartContextLoader', parent = [null]]]
19:42:59.918 [Test worker] DEBUG org.springframework.test.context.cache - Spring test ApplicationContext cache statistics: [DefaultContextCache@31ee0133 size = 17, maxSize = 32, parentContextCount = 0, hitCount = 882, missCount = 17]
19:42:59.919 [Test worker] DEBUG org.springframework.test.context.support.AbstractDirtiesContextTestExecutionListener - After test method: context [DefaultTestContext@279b4f10 testClass = FixSessionServiceTest, testInstance = com.example.ex.service.FixSessionServiceTest@5a37c115, testMethod = shouldSaveFixSession@FixSessionServiceTest, testException = [null], mergedContextConfiguration = [MergedContextConfiguration@41d2251d testClass = FixSessionServiceTest, locations = '{}', classes = '{class com.example.ex.service.FixSessionServiceTest$FixSessionServiceTestContextConfiguration}', contextInitializerClasses = '[]', activeProfiles = '{}', propertySourceLocations = '{}', propertySourceProperties = '{}', contextCustomizers = set[org.springframework.boot.test.autoconfigure.properties.PropertyMappingContextCustomizer@0, org.springframework.boot.test.autoconfigure.web.servlet.WebDriverContextCustomizerFactory$Customizer@63ceb46d, org.springframework.boot.test.context.filter.ExcludeFilterContextCustomizer@4faffabb, org.springframework.boot.test.json.DuplicateJsonObjectContextCustomizerFactory$DuplicateJsonObjectContextCustomizer@54b71d23, org.springframework.boot.test.mock.mockito.MockitoContextCustomizer@55cb322c], contextLoader = 'org.springframework.test.context.support.DelegatingSmartContextLoader', parent = [null]], attributes = map[[empty]]], class annotated with @DirtiesContext [false] with mode [null], method annotated with @DirtiesContext [false] with mode [null].
19:42:59.919 [Test worker] DEBUG org.springframework.test.annotation.ProfileValueUtils - Retrieved @ProfileValueSourceConfiguration [null] for test class [com.example.ex.service.FixSessionServiceTest]
19:42:59.919 [Test worker] DEBUG org.springframework.test.annotation.ProfileValueUtils - Retrieved ProfileValueSource type [class org.springframework.test.annotation.SystemProfileValueSource] for class [com.example.ex.service.FixSessionServiceTest]
19:42:59.920 [Test worker] DEBUG org.springframework.test.context.cache.DefaultCacheAwareContextLoaderDelegate - Retrieved ApplicationContext from cache with key [[MergedContextConfiguration@41d2251d testClass = FixSessionServiceTest, locations = '{}', classes = '{class com.example.ex.service.FixSessionServiceTest$FixSessionServiceTestContextConfiguration}', contextInitializerClasses = '[]', activeProfiles = '{}', propertySourceLocations = '{}', propertySourceProperties = '{}', contextCustomizers = set[org.springframework.boot.test.autoconfigure.properties.PropertyMappingContextCustomizer@0, org.springframework.boot.test.autoconfigure.web.servlet.WebDriverContextCustomizerFactory$Customizer@63ceb46d, org.springframework.boot.test.context.filter.ExcludeFilterContextCustomizer@4faffabb, org.springframework.boot.test.json.DuplicateJsonObjectContextCustomizerFactory$DuplicateJsonObjectContextCustomizer@54b71d23, org.springframework.boot.test.mock.mockito.MockitoContextCustomizer@55cb322c], contextLoader = 'org.springframework.test.context.support.DelegatingSmartContextLoader', parent = [null]]]
19:42:59.920 [Test worker] DEBUG org.springframework.test.context.cache - Spring test ApplicationContext cache statistics: [DefaultContextCache@31ee0133 size = 17, maxSize = 32, parentContextCount = 0, hitCount = 883, missCount = 17]
19:42:59.920 [Test worker] DEBUG org.springframework.beans.factory.support.DefaultListableBeanFactory - Returning cached instance of singleton bean 'org.springframework.boot.test.mock.mockito.MockitoPostProcessor'
19:42:59.921 [Test worker] DEBUG org.springframework.beans.factory.support.DefaultListableBeanFactory - Returning cached instance of singleton bean 'fixSessionRepository'
19:42:59.921 [Test worker] DEBUG org.springframework.test.context.support.DependencyInjectionTestExecutionListener - Performing dependency injection for test context [[DefaultTestContext@279b4f10 testClass = FixSessionServiceTest, testInstance = com.example.ex.service.FixSessionServiceTest@16a70542, testMethod = [null], testException = [null], mergedContextConfiguration = [MergedContextConfiguration@41d2251d testClass = FixSessionServiceTest, locations = '{}', classes = '{class com.example.ex.service.FixSessionServiceTest$FixSessionServiceTestContextConfiguration}', contextInitializerClasses = '[]', activeProfiles = '{}', propertySourceLocations = '{}', propertySourceProperties = '{}', contextCustomizers = set[org.springframework.boot.test.autoconfigure.properties.PropertyMappingContextCustomizer@0, org.springframework.boot.test.autoconfigure.web.servlet.WebDriverContextCustomizerFactory$Customizer@63ceb46d, org.springframework.boot.test.context.filter.ExcludeFilterContextCustomizer@4faffabb, org.springframework.boot.test.json.DuplicateJsonObjectContextCustomizerFactory$DuplicateJsonObjectContextCustomizer@54b71d23, org.springframework.boot.test.mock.mockito.MockitoContextCustomizer@55cb322c], contextLoader = 'org.springframework.test.context.support.DelegatingSmartContextLoader', parent = [null]], attributes = map[[empty]]]].
19:42:59.921 [Test worker] DEBUG org.springframework.test.context.cache.DefaultCacheAwareContextLoaderDelegate - Retrieved ApplicationContext from cache with key [[MergedContextConfiguration@41d2251d testClass = FixSessionServiceTest, locations = '{}', classes = '{class com.example.ex.service.FixSessionServiceTest$FixSessionServiceTestContextConfiguration}', contextInitializerClasses = '[]', activeProfiles = '{}', propertySourceLocations = '{}', propertySourceProperties = '{}', contextCustomizers = set[org.springframework.boot.test.autoconfigure.properties.PropertyMappingContextCustomizer@0, org.springframework.boot.test.autoconfigure.web.servlet.WebDriverContextCustomizerFactory$Customizer@63ceb46d, org.springframework.boot.test.context.filter.ExcludeFilterContextCustomizer@4faffabb, org.springframework.boot.test.json.DuplicateJsonObjectContextCustomizerFactory$DuplicateJsonObjectContextCustomizer@54b71d23, org.springframework.boot.test.mock.mockito.MockitoContextCustomizer@55cb322c], contextLoader = 'org.springframework.test.context.support.DelegatingSmartContextLoader', parent = [null]]]
19:42:59.921 [Test worker] DEBUG org.springframework.test.context.cache - Spring test ApplicationContext cache statistics: [DefaultContextCache@31ee0133 size = 17, maxSize = 32, parentContextCount = 0, hitCount = 884, missCount = 17]
19:42:59.921 [Test worker] DEBUG org.springframework.beans.factory.annotation.InjectionMetadata - Processing injected element of bean 'com.example.ex.service.FixSessionServiceTest': AutowiredFieldElement for private com.example.ex.service.FixSessionService com.example.ex.service.FixSessionServiceTest.fixSessionService
19:42:59.921 [Test worker] DEBUG org.springframework.beans.factory.support.DefaultListableBeanFactory - Returning cached instance of singleton bean 'fixSessionService'
19:42:59.921 [Test worker] DEBUG org.springframework.beans.factory.annotation.InjectionMetadata - Processing injected element of bean 'com.example.ex.service.FixSessionServiceTest': AutowiredFieldElement for private com.example.ex.service.MpidService com.example.ex.service.FixSessionServiceTest.mpidService
19:42:59.921 [Test worker] DEBUG org.springframework.beans.factory.support.DefaultListableBeanFactory - Returning cached instance of singleton bean 'mpidService'
19:42:59.921 [Test worker] DEBUG org.springframework.beans.factory.annotation.InjectionMetadata - Processing injected element of bean 'com.example.ex.service.FixSessionServiceTest': AutowiredFieldElement for private com.example.ex.service.AppInstanceService com.example.ex.service.FixSessionServiceTest.appInstanceService
19:42:59.921 [Test worker] DEBUG org.springframework.beans.factory.support.DefaultListableBeanFactory - Returning cached instance of singleton bean 'appInstanceService'
19:42:59.921 [Test worker] DEBUG org.springframework.beans.factory.annotation.InjectionMetadata - Processing injected element of bean 'com.example.ex.service.FixSessionServiceTest': AutowiredFieldElement for private com.example.ex.service.FixSessionMpidService com.example.ex.service.FixSessionServiceTest.fixSessionMpidService
19:42:59.921 [Test worker] DEBUG org.springframework.beans.factory.support.DefaultListableBeanFactory - Returning cached instance of singleton bean 'fixSessionMpidService'
19:42:59.921 [Test worker] DEBUG org.springframework.test.context.support.AbstractDirtiesContextTestExecutionListener - Before test method: context [DefaultTestContext@279b4f10 testClass = FixSessionServiceTest, testInstance = com.example.ex.service.FixSessionServiceTest@16a70542, testMethod = shouldNotSaveFixSessionWithInvalidAppInstance@FixSessionServiceTest, testException = [null], mergedContextConfiguration = [MergedContextConfiguration@41d2251d testClass = FixSessionServiceTest, locations = '{}', classes = '{class com.example.ex.service.FixSessionServiceTest$FixSessionServiceTestContextConfiguration}', contextInitializerClasses = '[]', activeProfiles = '{}', propertySourceLocations = '{}', propertySourceProperties = '{}', contextCustomizers = set[org.springframework.boot.test.autoconfigure.properties.PropertyMappingContextCustomizer@0, org.springframework.boot.test.autoconfigure.web.servlet.WebDriverContextCustomizerFactory$Customizer@63ceb46d, org.springframework.boot.test.context.filter.ExcludeFilterContextCustomizer@4faffabb, org.springframework.boot.test.json.DuplicateJsonObjectContextCustomizerFactory$DuplicateJsonObjectContextCustomizer@54b71d23, org.springframework.boot.test.mock.mockito.MockitoContextCustomizer@55cb322c], contextLoader = 'org.springframework.test.context.support.DelegatingSmartContextLoader', parent = [null]], attributes = map[[empty]]], class annotated with @DirtiesContext [false] with mode [null], method annotated with @DirtiesContext [false] with mode [null].
19:42:59.923 [Test worker] DEBUG org.springframework.test.context.cache.DefaultCacheAwareContextLoaderDelegate - Retrieved ApplicationContext from cache with key [[MergedContextConfiguration@41d2251d testClass = FixSessionServiceTest, locations = '{}', classes = '{class com.example.ex.service.FixSessionServiceTest$FixSessionServiceTestContextConfiguration}', contextInitializerClasses = '[]', activeProfiles = '{}', propertySourceLocations = '{}', propertySourceProperties = '{}', contextCustomizers = set[org.springframework.boot.test.autoconfigure.properties.PropertyMappingContextCustomizer@0, org.springframework.boot.test.autoconfigure.web.servlet.WebDriverContextCustomizerFactory$Customizer@63ceb46d, org.springframework.boot.test.context.filter.ExcludeFilterContextCustomizer@4faffabb, org.springframework.boot.test.json.DuplicateJsonObjectContextCustomizerFactory$DuplicateJsonObjectContextCustomizer@54b71d23, org.springframework.boot.test.mock.mockito.MockitoContextCustomizer@55cb322c], contextLoader = 'org.springframework.test.context.support.DelegatingSmartContextLoader', parent = [null]]]
19:42:59.923 [Test worker] DEBUG org.springframework.test.context.cache - Spring test ApplicationContext cache statistics: [DefaultContextCache@31ee0133 size = 17, maxSize = 32, parentContextCount = 0, hitCount = 885, missCount = 17]
19:42:59.923 [Test worker] DEBUG org.springframework.beans.factory.support.DefaultListableBeanFactory - Returning cached instance of singleton bean 'org.springframework.boot.test.mock.mockito.MockitoBeans'
19:42:59.923 [Test worker] DEBUG com.example.ex.service.BaseService - checking if FixSession <[exxx-cg]> exists
19:42:59.923 [Test worker] DEBUG com.example.ex.service.BaseService - checking if fk AppInstance <[xxx]> exists
19:42:59.923 [Test worker] DEBUG com.example.ex.service.BaseService - AppInstance <xxx> does not exists, throwing exception
19:42:59.924 [Test worker] DEBUG org.springframework.test.context.cache.DefaultCacheAwareContextLoaderDelegate - Retrieved ApplicationContext from cache with key [[MergedContextConfiguration@41d2251d testClass = FixSessionServiceTest, locations = '{}', classes = '{class com.example.ex.service.FixSessionServiceTest$FixSessionServiceTestContextConfiguration}', contextInitializerClasses = '[]', activeProfiles = '{}', propertySourceLocations = '{}', propertySourceProperties = '{}', contextCustomizers = set[org.springframework.boot.test.autoconfigure.properties.PropertyMappingContextCustomizer@0, org.springframework.boot.test.autoconfigure.web.servlet.WebDriverContextCustomizerFactory$Customizer@63ceb46d, org.springframework.boot.test.context.filter.ExcludeFilterContextCustomizer@4faffabb, org.springframework.boot.test.json.DuplicateJsonObjectContextCustomizerFactory$DuplicateJsonObjectContextCustomizer@54b71d23, org.springframework.boot.test.mock.mockito.MockitoContextCustomizer@55cb322c], contextLoader = 'org.springframework.test.context.support.DelegatingSmartContextLoader', parent = [null]]]
19:42:59.924 [Test worker] DEBUG org.springframework.test.context.cache - Spring test ApplicationContext cache statistics: [DefaultContextCache@31ee0133 size = 17, maxSize = 32, parentContextCount = 0, hitCount = 886, missCount = 17]
19:42:59.924 [Test worker] DEBUG org.springframework.beans.factory.support.DefaultListableBeanFactory - Returning cached instance of singleton bean 'org.springframework.boot.test.mock.mockito.MockitoBeans'
19:42:59.924 [Test worker] DEBUG org.springframework.test.context.cache.DefaultCacheAwareContextLoaderDelegate - Retrieved ApplicationContext from cache with key [[MergedContextConfiguration@41d2251d testClass = FixSessionServiceTest, locations = '{}', classes = '{class com.example.ex.service.FixSessionServiceTest$FixSessionServiceTestContextConfiguration}', contextInitializerClasses = '[]', activeProfiles = '{}', propertySourceLocations = '{}', propertySourceProperties = '{}', contextCustomizers = set[org.springframework.boot.test.autoconfigure.properties.PropertyMappingContextCustomizer@0, org.springframework.boot.test.autoconfigure.web.servlet.WebDriverContextCustomizerFactory$Customizer@63ceb46d, org.springframework.boot.test.context.filter.ExcludeFilterContextCustomizer@4faffabb, org.springframework.boot.test.json.DuplicateJsonObjectContextCustomizerFactory$DuplicateJsonObjectContextCustomizer@54b71d23, org.springframework.boot.test.mock.mockito.MockitoContextCustomizer@55cb322c], contextLoader = 'org.springframework.test.context.support.DelegatingSmartContextLoader', parent = [null]]]
19:42:59.924 [Test worker] DEBUG org.springframework.test.context.cache - Spring test ApplicationContext cache statistics: [DefaultContextCache@31ee0133 size = 17, maxSize = 32, parentContextCount = 0, hitCount = 887, missCount = 17]
19:42:59.924 [Test worker] DEBUG org.springframework.test.context.cache.DefaultCacheAwareContextLoaderDelegate - Retrieved ApplicationContext from cache with key [[MergedContextConfiguration@41d2251d testClass = FixSessionServiceTest, locations = '{}', classes = '{class com.example.ex.service.FixSessionServiceTest$FixSessionServiceTestContextConfiguration}', contextInitializerClasses = '[]', activeProfiles = '{}', propertySourceLocations = '{}', propertySourceProperties = '{}', contextCustomizers = set[org.springframework.boot.test.autoconfigure.properties.PropertyMappingContextCustomizer@0, org.springframework.boot.test.autoconfigure.web.servlet.WebDriverContextCustomizerFactory$Customizer@63ceb46d, org.springframework.boot.test.context.filter.ExcludeFilterContextCustomizer@4faffabb, org.springframework.boot.test.json.DuplicateJsonObjectContextCustomizerFactory$DuplicateJsonObjectContextCustomizer@54b71d23, org.springframework.boot.test.mock.mockito.MockitoContextCustomizer@55cb322c], contextLoader = 'org.springframework.test.context.support.DelegatingSmartContextLoader', parent = [null]]]
19:42:59.924 [Test worker] DEBUG org.springframework.test.context.cache - Spring test ApplicationContext cache statistics: [DefaultContextCache@31ee0133 size = 17, maxSize = 32, parentContextCount = 0, hitCount = 888, missCount = 17]
19:42:59.926 [Test worker] DEBUG org.springframework.test.context.support.AbstractDirtiesContextTestExecutionListener - After test method: context [DefaultTestContext@279b4f10 testClass = FixSessionServiceTest, testInstance = com.example.ex.service.FixSessionServiceTest@16a70542, testMethod = shouldNotSaveFixSessionWithInvalidAppInstance@FixSessionServiceTest, testException = [null], mergedContextConfiguration = [MergedContextConfiguration@41d2251d testClass = FixSessionServiceTest, locations = '{}', classes = '{class com.example.ex.service.FixSessionServiceTest$FixSessionServiceTestContextConfiguration}', contextInitializerClasses = '[]', activeProfiles = '{}', propertySourceLocations = '{}', propertySourceProperties = '{}', contextCustomizers = set[org.springframework.boot.test.autoconfigure.properties.PropertyMappingContextCustomizer@0, org.springframework.boot.test.autoconfigure.web.servlet.WebDriverContextCustomizerFactory$Customizer@63ceb46d, org.springframework.boot.test.context.filter.ExcludeFilterContextCustomizer@4faffabb, org.springframework.boot.test.json.DuplicateJsonObjectContextCustomizerFactory$DuplicateJsonObjectContextCustomizer@54b71d23, org.springframework.boot.test.mock.mockito.MockitoContextCustomizer@55cb322c], contextLoader = 'org.springframework.test.context.support.DelegatingSmartContextLoader', parent = [null]], attributes = map[[empty]]], class annotated with @DirtiesContext [false] with mode [null], method annotated with @DirtiesContext [false] with mode [null].
19:42:59.926 [Test worker] DEBUG org.springframework.test.annotation.ProfileValueUtils - Retrieved @ProfileValueSourceConfiguration [null] for test class [com.example.ex.service.FixSessionServiceTest]
19:42:59.926 [Test worker] DEBUG org.springframework.test.annotation.ProfileValueUtils - Retrieved ProfileValueSource type [class org.springframework.test.annotation.SystemProfileValueSource] for class [com.example.ex.service.FixSessionServiceTest]
19:42:59.926 [Test worker] DEBUG org.springframework.test.context.cache.DefaultCacheAwareContextLoaderDelegate - Retrieved ApplicationContext from cache with key [[MergedContextConfiguration@41d2251d testClass = FixSessionServiceTest, locations = '{}', classes = '{class com.example.ex.service.FixSessionServiceTest$FixSessionServiceTestContextConfiguration}', contextInitializerClasses = '[]', activeProfiles = '{}', propertySourceLocations = '{}', propertySourceProperties = '{}', contextCustomizers = set[org.springframework.boot.test.autoconfigure.properties.PropertyMappingContextCustomizer@0, org.springframework.boot.test.autoconfigure.web.servlet.WebDriverContextCustomizerFactory$Customizer@63ceb46d, org.springframework.boot.test.context.filter.ExcludeFilterContextCustomizer@4faffabb, org.springframework.boot.test.json.DuplicateJsonObjectContextCustomizerFactory$DuplicateJsonObjectContextCustomizer@54b71d23, org.springframework.boot.test.mock.mockito.MockitoContextCustomizer@55cb322c], contextLoader = 'org.springframework.test.context.support.DelegatingSmartContextLoader', parent = [null]]]
19:42:59.926 [Test worker] DEBUG org.springframework.test.context.cache - Spring test ApplicationContext cache statistics: [DefaultContextCache@31ee0133 size = 17, maxSize = 32, parentContextCount = 0, hitCount = 889, missCount = 17]
19:42:59.926 [Test worker] DEBUG org.springframework.beans.factory.support.DefaultListableBeanFactory - Returning cached instance of singleton bean 'org.springframework.boot.test.mock.mockito.MockitoPostProcessor'
19:42:59.926 [Test worker] DEBUG org.springframework.beans.factory.support.DefaultListableBeanFactory - Returning cached instance of singleton bean 'fixSessionRepository'
19:42:59.926 [Test worker] DEBUG org.springframework.test.context.support.DependencyInjectionTestExecutionListener - Performing dependency injection for test context [[DefaultTestContext@279b4f10 testClass = FixSessionServiceTest, testInstance = com.example.ex.service.FixSessionServiceTest@24261edc, testMethod = [null], testException = [null], mergedContextConfiguration = [MergedContextConfiguration@41d2251d testClass = FixSessionServiceTest, locations = '{}', classes = '{class com.example.ex.service.FixSessionServiceTest$FixSessionServiceTestContextConfiguration}', contextInitializerClasses = '[]', activeProfiles = '{}', propertySourceLocations = '{}', propertySourceProperties = '{}', contextCustomizers = set[org.springframework.boot.test.autoconfigure.properties.PropertyMappingContextCustomizer@0, org.springframework.boot.test.autoconfigure.web.servlet.WebDriverContextCustomizerFactory$Customizer@63ceb46d, org.springframework.boot.test.context.filter.ExcludeFilterContextCustomizer@4faffabb, org.springframework.boot.test.json.DuplicateJsonObjectContextCustomizerFactory$DuplicateJsonObjectContextCustomizer@54b71d23, org.springframework.boot.test.mock.mockito.MockitoContextCustomizer@55cb322c], contextLoader = 'org.springframework.test.context.support.DelegatingSmartContextLoader', parent = [null]], attributes = map[[empty]]]].
19:42:59.926 [Test worker] DEBUG org.springframework.test.context.cache.DefaultCacheAwareContextLoaderDelegate - Retrieved ApplicationContext from cache with key [[MergedContextConfiguration@41d2251d testClass = FixSessionServiceTest, locations = '{}', classes = '{class com.example.ex.service.FixSessionServiceTest$FixSessionServiceTestContextConfiguration}', contextInitializerClasses = '[]', activeProfiles = '{}', propertySourceLocations = '{}', propertySourceProperties = '{}', contextCustomizers = set[org.springframework.boot.test.autoconfigure.properties.PropertyMappingContextCustomizer@0, org.springframework.boot.test.autoconfigure.web.servlet.WebDriverContextCustomizerFactory$Customizer@63ceb46d, org.springframework.boot.test.context.filter.ExcludeFilterContextCustomizer@4faffabb, org.springframework.boot.test.json.DuplicateJsonObjectContextCustomizerFactory$DuplicateJsonObjectContextCustomizer@54b71d23, org.springframework.boot.test.mock.mockito.MockitoContextCustomizer@55cb322c], contextLoader = 'org.springframework.test.context.support.DelegatingSmartContextLoader', parent = [null]]]
19:42:59.926 [Test worker] DEBUG org.springframework.test.context.cache - Spring test ApplicationContext cache statistics: [DefaultContextCache@31ee0133 size = 17, maxSize = 32, parentContextCount = 0, hitCount = 890, missCount = 17]
19:42:59.926 [Test worker] DEBUG org.springframework.beans.factory.annotation.InjectionMetadata - Processing injected element of bean 'com.example.ex.service.FixSessionServiceTest': AutowiredFieldElement for private com.example.ex.service.FixSessionService com.example.ex.service.FixSessionServiceTest.fixSessionService
19:42:59.926 [Test worker] DEBUG org.springframework.beans.factory.support.DefaultListableBeanFactory - Returning cached instance of singleton bean 'fixSessionService'
19:42:59.926 [Test worker] DEBUG org.springframework.beans.factory.annotation.InjectionMetadata - Processing injected element of bean 'com.example.ex.service.FixSessionServiceTest': AutowiredFieldElement for private com.example.ex.service.MpidService com.example.ex.service.FixSessionServiceTest.mpidService
19:42:59.926 [Test worker] DEBUG org.springframework.beans.factory.support.DefaultListableBeanFactory - Returning cached instance of singleton bean 'mpidService'
19:42:59.926 [Test worker] DEBUG org.springframework.beans.factory.annotation.InjectionMetadata - Processing injected element of bean 'com.example.ex.service.FixSessionServiceTest': AutowiredFieldElement for private com.example.ex.service.AppInstanceService com.example.ex.service.FixSessionServiceTest.appInstanceService
19:42:59.926 [Test worker] DEBUG org.springframework.beans.factory.support.DefaultListableBeanFactory - Returning cached instance of singleton bean 'appInstanceService'
19:42:59.926 [Test worker] DEBUG org.springframework.beans.factory.annotation.InjectionMetadata - Processing injected element of bean 'com.example.ex.service.FixSessionServiceTest': AutowiredFieldElement for private com.example.ex.service.FixSessionMpidService com.example.ex.service.FixSessionServiceTest.fixSessionMpidService
19:42:59.926 [Test worker] DEBUG org.springframework.beans.factory.support.DefaultListableBeanFactory - Returning cached instance of singleton bean 'fixSessionMpidService'
19:42:59.927 [Test worker] DEBUG org.springframework.test.context.support.AbstractDirtiesContextTestExecutionListener - Before test method: context [DefaultTestContext@279b4f10 testClass = FixSessionServiceTest, testInstance = com.example.ex.service.FixSessionServiceTest@24261edc, testMethod = shouldNotSaveFixSessionWithInvalidMpid@FixSessionServiceTest, testException = [null], mergedContextConfiguration = [MergedContextConfiguration@41d2251d testClass = FixSessionServiceTest, locations = '{}', classes = '{class com.example.ex.service.FixSessionServiceTest$FixSessionServiceTestContextConfiguration}', contextInitializerClasses = '[]', activeProfiles = '{}', propertySourceLocations = '{}', propertySourceProperties = '{}', contextCustomizers = set[org.springframework.boot.test.autoconfigure.properties.PropertyMappingContextCustomizer@0, org.springframework.boot.test.autoconfigure.web.servlet.WebDriverContextCustomizerFactory$Customizer@63ceb46d, org.springframework.boot.test.context.filter.ExcludeFilterContextCustomizer@4faffabb, org.springframework.boot.test.json.DuplicateJsonObjectContextCustomizerFactory$DuplicateJsonObjectContextCustomizer@54b71d23, org.springframework.boot.test.mock.mockito.MockitoContextCustomizer@55cb322c], contextLoader = 'org.springframework.test.context.support.DelegatingSmartContextLoader', parent = [null]], attributes = map[[empty]]], class annotated with @DirtiesContext [false] with mode [null], method annotated with @DirtiesContext [false] with mode [null].
19:42:59.929 [Test worker] DEBUG org.springframework.test.context.cache.DefaultCacheAwareContextLoaderDelegate - Retrieved ApplicationContext from cache with key [[MergedContextConfiguration@41d2251d testClass = FixSessionServiceTest, locations = '{}', classes = '{class com.example.ex.service.FixSessionServiceTest$FixSessionServiceTestContextConfiguration}', contextInitializerClasses = '[]', activeProfiles = '{}', propertySourceLocations = '{}', propertySourceProperties = '{}', contextCustomizers = set[org.springframework.boot.test.autoconfigure.properties.PropertyMappingContextCustomizer@0, org.springframework.boot.test.autoconfigure.web.servlet.WebDriverContextCustomizerFactory$Customizer@63ceb46d, org.springframework.boot.test.context.filter.ExcludeFilterContextCustomizer@4faffabb, org.springframework.boot.test.json.DuplicateJsonObjectContextCustomizerFactory$DuplicateJsonObjectContextCustomizer@54b71d23, org.springframework.boot.test.mock.mockito.MockitoContextCustomizer@55cb322c], contextLoader = 'org.springframework.test.context.support.DelegatingSmartContextLoader', parent = [null]]]
19:42:59.929 [Test worker] DEBUG org.springframework.test.context.cache - Spring test ApplicationContext cache statistics: [DefaultContextCache@31ee0133 size = 17, maxSize = 32, parentContextCount = 0, hitCount = 891, missCount = 17]
19:42:59.929 [Test worker] DEBUG org.springframework.beans.factory.support.DefaultListableBeanFactory - Returning cached instance of singleton bean 'org.springframework.boot.test.mock.mockito.MockitoBeans'
19:42:59.929 [Test worker] DEBUG com.example.ex.service.BaseService - checking if FixSession <[exxx-cg]> exists
19:42:59.930 [Test worker] DEBUG com.example.ex.service.BaseService - checking if fk AppInstance <[CLGW01]> exists
19:42:59.930 [Test worker] DEBUG com.example.ex.service.BaseService - checking if fk Mpid <[xxx]> exists
19:42:59.930 [Test worker] DEBUG com.example.ex.service.BaseService - Mpid <xxx> does not exists, throwing exception
19:42:59.930 [Test worker] DEBUG org.springframework.test.context.cache.DefaultCacheAwareContextLoaderDelegate - Retrieved ApplicationContext from cache with key [[MergedContextConfiguration@41d2251d testClass = FixSessionServiceTest, locations = '{}', classes = '{class com.example.ex.service.FixSessionServiceTest$FixSessionServiceTestContextConfiguration}', contextInitializerClasses = '[]', activeProfiles = '{}', propertySourceLocations = '{}', propertySourceProperties = '{}', contextCustomizers = set[org.springframework.boot.test.autoconfigure.properties.PropertyMappingContextCustomizer@0, org.springframework.boot.test.autoconfigure.web.servlet.WebDriverContextCustomizerFactory$Customizer@63ceb46d, org.springframework.boot.test.context.filter.ExcludeFilterContextCustomizer@4faffabb, org.springframework.boot.test.json.DuplicateJsonObjectContextCustomizerFactory$DuplicateJsonObjectContextCustomizer@54b71d23, org.springframework.boot.test.mock.mockito.MockitoContextCustomizer@55cb322c], contextLoader = 'org.springframework.test.context.support.DelegatingSmartContextLoader', parent = [null]]]
19:42:59.930 [Test worker] DEBUG org.springframework.test.context.cache - Spring test ApplicationContext cache statistics: [DefaultContextCache@31ee0133 size = 17, maxSize = 32, parentContextCount = 0, hitCount = 892, missCount = 17]
19:42:59.930 [Test worker] DEBUG org.springframework.beans.factory.support.DefaultListableBeanFactory - Returning cached instance of singleton bean 'org.springframework.boot.test.mock.mockito.MockitoBeans'
19:42:59.930 [Test worker] DEBUG org.springframework.test.context.cache.DefaultCacheAwareContextLoaderDelegate - Retrieved ApplicationContext from cache with key [[MergedContextConfiguration@41d2251d testClass = FixSessionServiceTest, locations = '{}', classes = '{class com.example.ex.service.FixSessionServiceTest$FixSessionServiceTestContextConfiguration}', contextInitializerClasses = '[]', activeProfiles = '{}', propertySourceLocations = '{}', propertySourceProperties = '{}', contextCustomizers = set[org.springframework.boot.test.autoconfigure.properties.PropertyMappingContextCustomizer@0, org.springframework.boot.test.autoconfigure.web.servlet.WebDriverContextCustomizerFactory$Customizer@63ceb46d, org.springframework.boot.test.context.filter.ExcludeFilterContextCustomizer@4faffabb, org.springframework.boot.test.json.DuplicateJsonObjectContextCustomizerFactory$DuplicateJsonObjectContextCustomizer@54b71d23, org.springframework.boot.test.mock.mockito.MockitoContextCustomizer@55cb322c], contextLoader = 'org.springframework.test.context.support.DelegatingSmartContextLoader', parent = [null]]]
19:42:59.930 [Test worker] DEBUG org.springframework.test.context.cache - Spring test ApplicationContext cache statistics: [DefaultContextCache@31ee0133 size = 17, maxSize = 32, parentContextCount = 0, hitCount = 893, missCount = 17]
19:42:59.930 [Test worker] DEBUG org.springframework.test.context.cache.DefaultCacheAwareContextLoaderDelegate - Retrieved ApplicationContext from cache with key [[MergedContextConfiguration@41d2251d testClass = FixSessionServiceTest, locations = '{}', classes = '{class com.example.ex.service.FixSessionServiceTest$FixSessionServiceTestContextConfiguration}', contextInitializerClasses = '[]', activeProfiles = '{}', propertySourceLocations = '{}', propertySourceProperties = '{}', contextCustomizers = set[org.springframework.boot.test.autoconfigure.properties.PropertyMappingContextCustomizer@0, org.springframework.boot.test.autoconfigure.web.servlet.WebDriverContextCustomizerFactory$Customizer@63ceb46d, org.springframework.boot.test.context.filter.ExcludeFilterContextCustomizer@4faffabb, org.springframework.boot.test.json.DuplicateJsonObjectContextCustomizerFactory$DuplicateJsonObjectContextCustomizer@54b71d23, org.springframework.boot.test.mock.mockito.MockitoContextCustomizer@55cb322c], contextLoader = 'org.springframework.test.context.support.DelegatingSmartContextLoader', parent = [null]]]
19:42:59.930 [Test worker] DEBUG org.springframework.test.context.cache - Spring test ApplicationContext cache statistics: [DefaultContextCache@31ee0133 size = 17, maxSize = 32, parentContextCount = 0, hitCount = 894, missCount = 17]
19:42:59.933 [Test worker] DEBUG org.springframework.test.context.support.AbstractDirtiesContextTestExecutionListener - After test method: context [DefaultTestContext@279b4f10 testClass = FixSessionServiceTest, testInstance = com.example.ex.service.FixSessionServiceTest@24261edc, testMethod = shouldNotSaveFixSessionWithInvalidMpid@FixSessionServiceTest, testException = [null], mergedContextConfiguration = [MergedContextConfiguration@41d2251d testClass = FixSessionServiceTest, locations = '{}', classes = '{class com.example.ex.service.FixSessionServiceTest$FixSessionServiceTestContextConfiguration}', contextInitializerClasses = '[]', activeProfiles = '{}', propertySourceLocations = '{}', propertySourceProperties = '{}', contextCustomizers = set[org.springframework.boot.test.autoconfigure.properties.PropertyMappingContextCustomizer@0, org.springframework.boot.test.autoconfigure.web.servlet.WebDriverContextCustomizerFactory$Customizer@63ceb46d, org.springframework.boot.test.context.filter.ExcludeFilterContextCustomizer@4faffabb, org.springframework.boot.test.json.DuplicateJsonObjectContextCustomizerFactory$DuplicateJsonObjectContextCustomizer@54b71d23, org.springframework.boot.test.mock.mockito.MockitoContextCustomizer@55cb322c], contextLoader = 'org.springframework.test.context.support.DelegatingSmartContextLoader', parent = [null]], attributes = map[[empty]]], class annotated with @DirtiesContext [false] with mode [null], method annotated with @DirtiesContext [false] with mode [null].
19:42:59.933 [Test worker] DEBUG org.springframework.test.annotation.ProfileValueUtils - Retrieved @ProfileValueSourceConfiguration [null] for test class [com.example.ex.service.FixSessionServiceTest]
19:42:59.934 [Test worker] DEBUG org.springframework.test.annotation.ProfileValueUtils - Retrieved ProfileValueSource type [class org.springframework.test.annotation.SystemProfileValueSource] for class [com.example.ex.service.FixSessionServiceTest]
19:42:59.934 [Test worker] DEBUG org.springframework.test.context.cache.DefaultCacheAwareContextLoaderDelegate - Retrieved ApplicationContext from cache with key [[MergedContextConfiguration@41d2251d testClass = FixSessionServiceTest, locations = '{}', classes = '{class com.example.ex.service.FixSessionServiceTest$FixSessionServiceTestContextConfiguration}', contextInitializerClasses = '[]', activeProfiles = '{}', propertySourceLocations = '{}', propertySourceProperties = '{}', contextCustomizers = set[org.springframework.boot.test.autoconfigure.properties.PropertyMappingContextCustomizer@0, org.springframework.boot.test.autoconfigure.web.servlet.WebDriverContextCustomizerFactory$Customizer@63ceb46d, org.springframework.boot.test.context.filter.ExcludeFilterContextCustomizer@4faffabb, org.springframework.boot.test.json.DuplicateJsonObjectContextCustomizerFactory$DuplicateJsonObjectContextCustomizer@54b71d23, org.springframework.boot.test.mock.mockito.MockitoContextCustomizer@55cb322c], contextLoader = 'org.springframework.test.context.support.DelegatingSmartContextLoader', parent = [null]]]
19:42:59.934 [Test worker] DEBUG org.springframework.test.context.cache - Spring test ApplicationContext cache statistics: [DefaultContextCache@31ee0133 size = 17, maxSize = 32, parentContextCount = 0, hitCount = 895, missCount = 17]
19:42:59.934 [Test worker] DEBUG org.springframework.beans.factory.support.DefaultListableBeanFactory - Returning cached instance of singleton bean 'org.springframework.boot.test.mock.mockito.MockitoPostProcessor'
19:42:59.934 [Test worker] DEBUG org.springframework.beans.factory.support.DefaultListableBeanFactory - Returning cached instance of singleton bean 'fixSessionRepository'
19:42:59.934 [Test worker] DEBUG org.springframework.test.context.support.DependencyInjectionTestExecutionListener - Performing dependency injection for test context [[DefaultTestContext@279b4f10 testClass = FixSessionServiceTest, testInstance = com.example.ex.service.FixSessionServiceTest@72f38ebf, testMethod = [null], testException = [null], mergedContextConfiguration = [MergedContextConfiguration@41d2251d testClass = FixSessionServiceTest, locations = '{}', classes = '{class com.example.ex.service.FixSessionServiceTest$FixSessionServiceTestContextConfiguration}', contextInitializerClasses = '[]', activeProfiles = '{}', propertySourceLocations = '{}', propertySourceProperties = '{}', contextCustomizers = set[org.springframework.boot.test.autoconfigure.properties.PropertyMappingContextCustomizer@0, org.springframework.boot.test.autoconfigure.web.servlet.WebDriverContextCustomizerFactory$Customizer@63ceb46d, org.springframework.boot.test.context.filter.ExcludeFilterContextCustomizer@4faffabb, org.springframework.boot.test.json.DuplicateJsonObjectContextCustomizerFactory$DuplicateJsonObjectContextCustomizer@54b71d23, org.springframework.boot.test.mock.mockito.MockitoContextCustomizer@55cb322c], contextLoader = 'org.springframework.test.context.support.DelegatingSmartContextLoader', parent = [null]], attributes = map[[empty]]]].
19:42:59.934 [Test worker] DEBUG org.springframework.test.context.cache.DefaultCacheAwareContextLoaderDelegate - Retrieved ApplicationContext from cache with key [[MergedContextConfiguration@41d2251d testClass = FixSessionServiceTest, locations = '{}', classes = '{class com.example.ex.service.FixSessionServiceTest$FixSessionServiceTestContextConfiguration}', contextInitializerClasses = '[]', activeProfiles = '{}', propertySourceLocations = '{}', propertySourceProperties = '{}', contextCustomizers = set[org.springframework.boot.test.autoconfigure.properties.PropertyMappingContextCustomizer@0, org.springframework.boot.test.autoconfigure.web.servlet.WebDriverContextCustomizerFactory$Customizer@63ceb46d, org.springframework.boot.test.context.filter.ExcludeFilterContextCustomizer@4faffabb, org.springframework.boot.test.json.DuplicateJsonObjectContextCustomizerFactory$DuplicateJsonObjectContextCustomizer@54b71d23, org.springframework.boot.test.mock.mockito.MockitoContextCustomizer@55cb322c], contextLoader = 'org.springframework.test.context.support.DelegatingSmartContextLoader', parent = [null]]]
19:42:59.934 [Test worker] DEBUG org.springframework.test.context.cache - Spring test ApplicationContext cache statistics: [DefaultContextCache@31ee0133 size = 17, maxSize = 32, parentContextCount = 0, hitCount = 896, missCount = 17]
19:42:59.934 [Test worker] DEBUG org.springframework.beans.factory.annotation.InjectionMetadata - Processing injected element of bean 'com.example.ex.service.FixSessionServiceTest': AutowiredFieldElement for private com.example.ex.service.FixSessionService com.example.ex.service.FixSessionServiceTest.fixSessionService
19:42:59.934 [Test worker] DEBUG org.springframework.beans.factory.support.DefaultListableBeanFactory - Returning cached instance of singleton bean 'fixSessionService'
19:42:59.934 [Test worker] DEBUG org.springframework.beans.factory.annotation.InjectionMetadata - Processing injected element of bean 'com.example.ex.service.FixSessionServiceTest': AutowiredFieldElement for private com.example.ex.service.MpidService com.example.ex.service.FixSessionServiceTest.mpidService
19:42:59.934 [Test worker] DEBUG org.springframework.beans.factory.support.DefaultListableBeanFactory - Returning cached instance of singleton bean 'mpidService'
19:42:59.934 [Test worker] DEBUG org.springframework.beans.factory.annotation.InjectionMetadata - Processing injected element of bean 'com.example.ex.service.FixSessionServiceTest': AutowiredFieldElement for private com.example.ex.service.AppInstanceService com.example.ex.service.FixSessionServiceTest.appInstanceService
19:42:59.934 [Test worker] DEBUG org.springframework.beans.factory.support.DefaultListableBeanFactory - Returning cached instance of singleton bean 'appInstanceService'
19:42:59.934 [Test worker] DEBUG org.springframework.beans.factory.annotation.InjectionMetadata - Processing injected element of bean 'com.example.ex.service.FixSessionServiceTest': AutowiredFieldElement for private com.example.ex.service.FixSessionMpidService com.example.ex.service.FixSessionServiceTest.fixSessionMpidService
19:42:59.934 [Test worker] DEBUG org.springframework.beans.factory.support.DefaultListableBeanFactory - Returning cached instance of singleton bean 'fixSessionMpidService'
19:42:59.935 [Test worker] DEBUG org.springframework.test.context.support.AbstractDirtiesContextTestExecutionListener - Before test method: context [DefaultTestContext@279b4f10 testClass = FixSessionServiceTest, testInstance = com.example.ex.service.FixSessionServiceTest@72f38ebf, testMethod = shouldNotSaveFixSessionWithNullAppInstance@FixSessionServiceTest, testException = [null], mergedContextConfiguration = [MergedContextConfiguration@41d2251d testClass = FixSessionServiceTest, locations = '{}', classes = '{class com.example.ex.service.FixSessionServiceTest$FixSessionServiceTestContextConfiguration}', contextInitializerClasses = '[]', activeProfiles = '{}', propertySourceLocations = '{}', propertySourceProperties = '{}', contextCustomizers = set[org.springframework.boot.test.autoconfigure.properties.PropertyMappingContextCustomizer@0, org.springframework.boot.test.autoconfigure.web.servlet.WebDriverContextCustomizerFactory$Customizer@63ceb46d, org.springframework.boot.test.context.filter.ExcludeFilterContextCustomizer@4faffabb, org.springframework.boot.test.json.DuplicateJsonObjectContextCustomizerFactory$DuplicateJsonObjectContextCustomizer@54b71d23, org.springframework.boot.test.mock.mockito.MockitoContextCustomizer@55cb322c], contextLoader = 'org.springframework.test.context.support.DelegatingSmartContextLoader', parent = [null]], attributes = map[[empty]]], class annotated with @DirtiesContext [false] with mode [null], method annotated with @DirtiesContext [false] with mode [null].
19:42:59.937 [Test worker] DEBUG org.springframework.test.context.cache.DefaultCacheAwareContextLoaderDelegate - Retrieved ApplicationContext from cache with key [[MergedContextConfiguration@41d2251d testClass = FixSessionServiceTest, locations = '{}', classes = '{class com.example.ex.service.FixSessionServiceTest$FixSessionServiceTestContextConfiguration}', contextInitializerClasses = '[]', activeProfiles = '{}', propertySourceLocations = '{}', propertySourceProperties = '{}', contextCustomizers = set[org.springframework.boot.test.autoconfigure.properties.PropertyMappingContextCustomizer@0, org.springframework.boot.test.autoconfigure.web.servlet.WebDriverContextCustomizerFactory$Customizer@63ceb46d, org.springframework.boot.test.context.filter.ExcludeFilterContextCustomizer@4faffabb, org.springframework.boot.test.json.DuplicateJsonObjectContextCustomizerFactory$DuplicateJsonObjectContextCustomizer@54b71d23, org.springframework.boot.test.mock.mockito.MockitoContextCustomizer@55cb322c], contextLoader = 'org.springframework.test.context.support.DelegatingSmartContextLoader', parent = [null]]]
19:42:59.937 [Test worker] DEBUG org.springframework.test.context.cache - Spring test ApplicationContext cache statistics: [DefaultContextCache@31ee0133 size = 17, maxSize = 32, parentContextCount = 0, hitCount = 897, missCount = 17]
19:42:59.937 [Test worker] DEBUG org.springframework.beans.factory.support.DefaultListableBeanFactory - Returning cached instance of singleton bean 'org.springframework.boot.test.mock.mockito.MockitoBeans'
19:42:59.937 [Test worker] DEBUG com.example.ex.service.BaseService - checking if FixSession <[exxx-cg]> exists
19:42:59.938 [Test worker] DEBUG com.example.ex.service.BaseService - checking if fk AppInstance <[null]> exists
19:42:59.938 [Test worker] DEBUG com.example.ex.service.BaseService - AppInstance <null> does not exists, throwing exception
19:42:59.938 [Test worker] DEBUG org.springframework.test.context.cache.DefaultCacheAwareContextLoaderDelegate - Retrieved ApplicationContext from cache with key [[MergedContextConfiguration@41d2251d testClass = FixSessionServiceTest, locations = '{}', classes = '{class com.example.ex.service.FixSessionServiceTest$FixSessionServiceTestContextConfiguration}', contextInitializerClasses = '[]', activeProfiles = '{}', propertySourceLocations = '{}', propertySourceProperties = '{}', contextCustomizers = set[org.springframework.boot.test.autoconfigure.properties.PropertyMappingContextCustomizer@0, org.springframework.boot.test.autoconfigure.web.servlet.WebDriverContextCustomizerFactory$Customizer@63ceb46d, org.springframework.boot.test.context.filter.ExcludeFilterContextCustomizer@4faffabb, org.springframework.boot.test.json.DuplicateJsonObjectContextCustomizerFactory$DuplicateJsonObjectContextCustomizer@54b71d23, org.springframework.boot.test.mock.mockito.MockitoContextCustomizer@55cb322c], contextLoader = 'org.springframework.test.context.support.DelegatingSmartContextLoader', parent = [null]]]
19:42:59.938 [Test worker] DEBUG org.springframework.test.context.cache - Spring test ApplicationContext cache statistics: [DefaultContextCache@31ee0133 size = 17, maxSize = 32, parentContextCount = 0, hitCount = 898, missCount = 17]
19:42:59.939 [Test worker] DEBUG org.springframework.beans.factory.support.DefaultListableBeanFactory - Returning cached instance of singleton bean 'org.springframework.boot.test.mock.mockito.MockitoBeans'
19:42:59.939 [Test worker] DEBUG org.springframework.test.context.cache.DefaultCacheAwareContextLoaderDelegate - Retrieved ApplicationContext from cache with key [[MergedContextConfiguration@41d2251d testClass = FixSessionServiceTest, locations = '{}', classes = '{class com.example.ex.service.FixSessionServiceTest$FixSessionServiceTestContextConfiguration}', contextInitializerClasses = '[]', activeProfiles = '{}', propertySourceLocations = '{}', propertySourceProperties = '{}', contextCustomizers = set[org.springframework.boot.test.autoconfigure.properties.PropertyMappingContextCustomizer@0, org.springframework.boot.test.autoconfigure.web.servlet.WebDriverContextCustomizerFactory$Customizer@63ceb46d, org.springframework.boot.test.context.filter.ExcludeFilterContextCustomizer@4faffabb, org.springframework.boot.test.json.DuplicateJsonObjectContextCustomizerFactory$DuplicateJsonObjectContextCustomizer@54b71d23, org.springframework.boot.test.mock.mockito.MockitoContextCustomizer@55cb322c], contextLoader = 'org.springframework.test.context.support.DelegatingSmartContextLoader', parent = [null]]]
19:42:59.939 [Test worker] DEBUG org.springframework.test.context.cache - Spring test ApplicationContext cache statistics: [DefaultContextCache@31ee0133 size = 17, maxSize = 32, parentContextCount = 0, hitCount = 899, missCount = 17]
19:42:59.939 [Test worker] DEBUG org.springframework.test.context.cache.DefaultCacheAwareContextLoaderDelegate - Retrieved ApplicationContext from cache with key [[MergedContextConfiguration@41d2251d testClass = FixSessionServiceTest, locations = '{}', classes = '{class com.example.ex.service.FixSessionServiceTest$FixSessionServiceTestContextConfiguration}', contextInitializerClasses = '[]', activeProfiles = '{}', propertySourceLocations = '{}', propertySourceProperties = '{}', contextCustomizers = set[org.springframework.boot.test.autoconfigure.properties.PropertyMappingContextCustomizer@0, org.springframework.boot.test.autoconfigure.web.servlet.WebDriverContextCustomizerFactory$Customizer@63ceb46d, org.springframework.boot.test.context.filter.ExcludeFilterContextCustomizer@4faffabb, org.springframework.boot.test.json.DuplicateJsonObjectContextCustomizerFactory$DuplicateJsonObjectContextCustomizer@54b71d23, org.springframework.boot.test.mock.mockito.MockitoContextCustomizer@55cb322c], contextLoader = 'org.springframework.test.context.support.DelegatingSmartContextLoader', parent = [null]]]
19:42:59.939 [Test worker] DEBUG org.springframework.test.context.cache - Spring test ApplicationContext cache statistics: [DefaultContextCache@31ee0133 size = 17, maxSize = 32, parentContextCount = 0, hitCount = 900, missCount = 17]
19:42:59.941 [Test worker] DEBUG org.springframework.test.context.support.AbstractDirtiesContextTestExecutionListener - After test method: context [DefaultTestContext@279b4f10 testClass = FixSessionServiceTest, testInstance = com.example.ex.service.FixSessionServiceTest@72f38ebf, testMethod = shouldNotSaveFixSessionWithNullAppInstance@FixSessionServiceTest, testException = [null], mergedContextConfiguration = [MergedContextConfiguration@41d2251d testClass = FixSessionServiceTest, locations = '{}', classes = '{class com.example.ex.service.FixSessionServiceTest$FixSessionServiceTestContextConfiguration}', contextInitializerClasses = '[]', activeProfiles = '{}', propertySourceLocations = '{}', propertySourceProperties = '{}', contextCustomizers = set[org.springframework.boot.test.autoconfigure.properties.PropertyMappingContextCustomizer@0, org.springframework.boot.test.autoconfigure.web.servlet.WebDriverContextCustomizerFactory$Customizer@63ceb46d, org.springframework.boot.test.context.filter.ExcludeFilterContextCustomizer@4faffabb, org.springframework.boot.test.json.DuplicateJsonObjectContextCustomizerFactory$DuplicateJsonObjectContextCustomizer@54b71d23, org.springframework.boot.test.mock.mockito.MockitoContextCustomizer@55cb322c], contextLoader = 'org.springframework.test.context.support.DelegatingSmartContextLoader', parent = [null]], attributes = map[[empty]]], class annotated with @DirtiesContext [false] with mode [null], method annotated with @DirtiesContext [false] with mode [null].
19:42:59.942 [Test worker] DEBUG org.springframework.test.annotation.ProfileValueUtils - Retrieved @ProfileValueSourceConfiguration [null] for test class [com.example.ex.service.FixSessionServiceTest]
19:42:59.942 [Test worker] DEBUG org.springframework.test.annotation.ProfileValueUtils - Retrieved ProfileValueSource type [class org.springframework.test.annotation.SystemProfileValueSource] for class [com.example.ex.service.FixSessionServiceTest]
19:42:59.942 [Test worker] DEBUG org.springframework.test.context.cache.DefaultCacheAwareContextLoaderDelegate - Retrieved ApplicationContext from cache with key [[MergedContextConfiguration@41d2251d testClass = FixSessionServiceTest, locations = '{}', classes = '{class com.example.ex.service.FixSessionServiceTest$FixSessionServiceTestContextConfiguration}', contextInitializerClasses = '[]', activeProfiles = '{}', propertySourceLocations = '{}', propertySourceProperties = '{}', contextCustomizers = set[org.springframework.boot.test.autoconfigure.properties.PropertyMappingContextCustomizer@0, org.springframework.boot.test.autoconfigure.web.servlet.WebDriverContextCustomizerFactory$Customizer@63ceb46d, org.springframework.boot.test.context.filter.ExcludeFilterContextCustomizer@4faffabb, org.springframework.boot.test.json.DuplicateJsonObjectContextCustomizerFactory$DuplicateJsonObjectContextCustomizer@54b71d23, org.springframework.boot.test.mock.mockito.MockitoContextCustomizer@55cb322c], contextLoader = 'org.springframework.test.context.support.DelegatingSmartContextLoader', parent = [null]]]
19:42:59.942 [Test worker] DEBUG org.springframework.test.context.cache - Spring test ApplicationContext cache statistics: [DefaultContextCache@31ee0133 size = 17, maxSize = 32, parentContextCount = 0, hitCount = 901, missCount = 17]
19:42:59.942 [Test worker] DEBUG org.springframework.beans.factory.support.DefaultListableBeanFactory - Returning cached instance of singleton bean 'org.springframework.boot.test.mock.mockito.MockitoPostProcessor'
19:42:59.942 [Test worker] DEBUG org.springframework.beans.factory.support.DefaultListableBeanFactory - Returning cached instance of singleton bean 'fixSessionRepository'
19:42:59.942 [Test worker] DEBUG org.springframework.test.context.support.DependencyInjectionTestExecutionListener - Performing dependency injection for test context [[DefaultTestContext@279b4f10 testClass = FixSessionServiceTest, testInstance = com.example.ex.service.FixSessionServiceTest@286e32b2, testMethod = [null], testException = [null], mergedContextConfiguration = [MergedContextConfiguration@41d2251d testClass = FixSessionServiceTest, locations = '{}', classes = '{class com.example.ex.service.FixSessionServiceTest$FixSessionServiceTestContextConfiguration}', contextInitializerClasses = '[]', activeProfiles = '{}', propertySourceLocations = '{}', propertySourceProperties = '{}', contextCustomizers = set[org.springframework.boot.test.autoconfigure.properties.PropertyMappingContextCustomizer@0, org.springframework.boot.test.autoconfigure.web.servlet.WebDriverContextCustomizerFactory$Customizer@63ceb46d, org.springframework.boot.test.context.filter.ExcludeFilterContextCustomizer@4faffabb, org.springframework.boot.test.json.DuplicateJsonObjectContextCustomizerFactory$DuplicateJsonObjectContextCustomizer@54b71d23, org.springframework.boot.test.mock.mockito.MockitoContextCustomizer@55cb322c], contextLoader = 'org.springframework.test.context.support.DelegatingSmartContextLoader', parent = [null]], attributes = map[[empty]]]].
19:42:59.942 [Test worker] DEBUG org.springframework.test.context.cache.DefaultCacheAwareContextLoaderDelegate - Retrieved ApplicationContext from cache with key [[MergedContextConfiguration@41d2251d testClass = FixSessionServiceTest, locations = '{}', classes = '{class com.example.ex.service.FixSessionServiceTest$FixSessionServiceTestContextConfiguration}', contextInitializerClasses = '[]', activeProfiles = '{}', propertySourceLocations = '{}', propertySourceProperties = '{}', contextCustomizers = set[org.springframework.boot.test.autoconfigure.properties.PropertyMappingContextCustomizer@0, org.springframework.boot.test.autoconfigure.web.servlet.WebDriverContextCustomizerFactory$Customizer@63ceb46d, org.springframework.boot.test.context.filter.ExcludeFilterContextCustomizer@4faffabb, org.springframework.boot.test.json.DuplicateJsonObjectContextCustomizerFactory$DuplicateJsonObjectContextCustomizer@54b71d23, org.springframework.boot.test.mock.mockito.MockitoContextCustomizer@55cb322c], contextLoader = 'org.springframework.test.context.support.DelegatingSmartContextLoader', parent = [null]]]
19:42:59.942 [Test worker] DEBUG org.springframework.test.context.cache - Spring test ApplicationContext cache statistics: [DefaultContextCache@31ee0133 size = 17, maxSize = 32, parentContextCount = 0, hitCount = 902, missCount = 17]
19:42:59.942 [Test worker] DEBUG org.springframework.beans.factory.annotation.InjectionMetadata - Processing injected element of bean 'com.example.ex.service.FixSessionServiceTest': AutowiredFieldElement for private com.example.ex.service.FixSessionService com.example.ex.service.FixSessionServiceTest.fixSessionService
19:42:59.942 [Test worker] DEBUG org.springframework.beans.factory.support.DefaultListableBeanFactory - Returning cached instance of singleton bean 'fixSessionService'
19:42:59.942 [Test worker] DEBUG org.springframework.beans.factory.annotation.InjectionMetadata - Processing injected element of bean 'com.example.ex.service.FixSessionServiceTest': AutowiredFieldElement for private com.example.ex.service.MpidService com.example.ex.service.FixSessionServiceTest.mpidService
19:42:59.942 [Test worker] DEBUG org.springframework.beans.factory.support.DefaultListableBeanFactory - Returning cached instance of singleton bean 'mpidService'
19:42:59.942 [Test worker] DEBUG org.springframework.beans.factory.annotation.InjectionMetadata - Processing injected element of bean 'com.example.ex.service.FixSessionServiceTest': AutowiredFieldElement for private com.example.ex.service.AppInstanceService com.example.ex.service.FixSessionServiceTest.appInstanceService
19:42:59.943 [Test worker] DEBUG org.springframework.beans.factory.support.DefaultListableBeanFactory - Returning cached instance of singleton bean 'appInstanceService'
19:42:59.943 [Test worker] DEBUG org.springframework.beans.factory.annotation.InjectionMetadata - Processing injected element of bean 'com.example.ex.service.FixSessionServiceTest': AutowiredFieldElement for private com.example.ex.service.FixSessionMpidService com.example.ex.service.FixSessionServiceTest.fixSessionMpidService
19:42:59.943 [Test worker] DEBUG org.springframework.beans.factory.support.DefaultListableBeanFactory - Returning cached instance of singleton bean 'fixSessionMpidService'
19:42:59.943 [Test worker] DEBUG org.springframework.test.context.support.AbstractDirtiesContextTestExecutionListener - Before test method: context [DefaultTestContext@279b4f10 testClass = FixSessionServiceTest, testInstance = com.example.ex.service.FixSessionServiceTest@286e32b2, testMethod = shouldNotSaveFixSessionWithDuplicatedHandle@FixSessionServiceTest, testException = [null], mergedContextConfiguration = [MergedContextConfiguration@41d2251d testClass = FixSessionServiceTest, locations = '{}', classes = '{class com.example.ex.service.FixSessionServiceTest$FixSessionServiceTestContextConfiguration}', contextInitializerClasses = '[]', activeProfiles = '{}', propertySourceLocations = '{}', propertySourceProperties = '{}', contextCustomizers = set[org.springframework.boot.test.autoconfigure.properties.PropertyMappingContextCustomizer@0, org.springframework.boot.test.autoconfigure.web.servlet.WebDriverContextCustomizerFactory$Customizer@63ceb46d, org.springframework.boot.test.context.filter.ExcludeFilterContextCustomizer@4faffabb, org.springframework.boot.test.json.DuplicateJsonObjectContextCustomizerFactory$DuplicateJsonObjectContextCustomizer@54b71d23, org.springframework.boot.test.mock.mockito.MockitoContextCustomizer@55cb322c], contextLoader = 'org.springframework.test.context.support.DelegatingSmartContextLoader', parent = [null]], attributes = map[[empty]]], class annotated with @DirtiesContext [false] with mode [null], method annotated with @DirtiesContext [false] with mode [null].
19:42:59.945 [Test worker] DEBUG org.springframework.test.context.cache.DefaultCacheAwareContextLoaderDelegate - Retrieved ApplicationContext from cache with key [[MergedContextConfiguration@41d2251d testClass = FixSessionServiceTest, locations = '{}', classes = '{class com.example.ex.service.FixSessionServiceTest$FixSessionServiceTestContextConfiguration}', contextInitializerClasses = '[]', activeProfiles = '{}', propertySourceLocations = '{}', propertySourceProperties = '{}', contextCustomizers = set[org.springframework.boot.test.autoconfigure.properties.PropertyMappingContextCustomizer@0, org.springframework.boot.test.autoconfigure.web.servlet.WebDriverContextCustomizerFactory$Customizer@63ceb46d, org.springframework.boot.test.context.filter.ExcludeFilterContextCustomizer@4faffabb, org.springframework.boot.test.json.DuplicateJsonObjectContextCustomizerFactory$DuplicateJsonObjectContextCustomizer@54b71d23, org.springframework.boot.test.mock.mockito.MockitoContextCustomizer@55cb322c], contextLoader = 'org.springframework.test.context.support.DelegatingSmartContextLoader', parent = [null]]]
19:42:59.945 [Test worker] DEBUG org.springframework.test.context.cache - Spring test ApplicationContext cache statistics: [DefaultContextCache@31ee0133 size = 17, maxSize = 32, parentContextCount = 0, hitCount = 903, missCount = 17]
19:42:59.945 [Test worker] DEBUG org.springframework.beans.factory.support.DefaultListableBeanFactory - Returning cached instance of singleton bean 'org.springframework.boot.test.mock.mockito.MockitoBeans'
19:42:59.945 [Test worker] DEBUG com.example.ex.service.BaseService - checking if FixSession <[exxx-cg]> exists
19:42:59.945 [Test worker] DEBUG com.example.ex.service.BaseService - class com.example.ex.model.entity.admin.FixSession <exxx-cg> exists, cannot save
19:42:59.945 [Test worker] DEBUG org.springframework.test.context.cache.DefaultCacheAwareContextLoaderDelegate - Retrieved ApplicationContext from cache with key [[MergedContextConfiguration@41d2251d testClass = FixSessionServiceTest, locations = '{}', classes = '{class com.example.ex.service.FixSessionServiceTest$FixSessionServiceTestContextConfiguration}', contextInitializerClasses = '[]', activeProfiles = '{}', propertySourceLocations = '{}', propertySourceProperties = '{}', contextCustomizers = set[org.springframework.boot.test.autoconfigure.properties.PropertyMappingContextCustomizer@0, org.springframework.boot.test.autoconfigure.web.servlet.WebDriverContextCustomizerFactory$Customizer@63ceb46d, org.springframework.boot.test.context.filter.ExcludeFilterContextCustomizer@4faffabb, org.springframework.boot.test.json.DuplicateJsonObjectContextCustomizerFactory$DuplicateJsonObjectContextCustomizer@54b71d23, org.springframework.boot.test.mock.mockito.MockitoContextCustomizer@55cb322c], contextLoader = 'org.springframework.test.context.support.DelegatingSmartContextLoader', parent = [null]]]
19:42:59.945 [Test worker] DEBUG org.springframework.test.context.cache - Spring test ApplicationContext cache statistics: [DefaultContextCache@31ee0133 size = 17, maxSize = 32, parentContextCount = 0, hitCount = 904, missCount = 17]
19:42:59.946 [Test worker] DEBUG org.springframework.beans.factory.support.DefaultListableBeanFactory - Returning cached instance of singleton bean 'org.springframework.boot.test.mock.mockito.MockitoBeans'
19:42:59.946 [Test worker] DEBUG org.springframework.test.context.cache.DefaultCacheAwareContextLoaderDelegate - Retrieved ApplicationContext from cache with key [[MergedContextConfiguration@41d2251d testClass = FixSessionServiceTest, locations = '{}', classes = '{class com.example.ex.service.FixSessionServiceTest$FixSessionServiceTestContextConfiguration}', contextInitializerClasses = '[]', activeProfiles = '{}', propertySourceLocations = '{}', propertySourceProperties = '{}', contextCustomizers = set[org.springframework.boot.test.autoconfigure.properties.PropertyMappingContextCustomizer@0, org.springframework.boot.test.autoconfigure.web.servlet.WebDriverContextCustomizerFactory$Customizer@63ceb46d, org.springframework.boot.test.context.filter.ExcludeFilterContextCustomizer@4faffabb, org.springframework.boot.test.json.DuplicateJsonObjectContextCustomizerFactory$DuplicateJsonObjectContextCustomizer@54b71d23, org.springframework.boot.test.mock.mockito.MockitoContextCustomizer@55cb322c], contextLoader = 'org.springframework.test.context.support.DelegatingSmartContextLoader', parent = [null]]]
19:42:59.946 [Test worker] DEBUG org.springframework.test.context.cache - Spring test ApplicationContext cache statistics: [DefaultContextCache@31ee0133 size = 17, maxSize = 32, parentContextCount = 0, hitCount = 905, missCount = 17]
19:42:59.946 [Test worker] DEBUG org.springframework.test.context.cache.DefaultCacheAwareContextLoaderDelegate - Retrieved ApplicationContext from cache with key [[MergedContextConfiguration@41d2251d testClass = FixSessionServiceTest, locations = '{}', classes = '{class com.example.ex.service.FixSessionServiceTest$FixSessionServiceTestContextConfiguration}', contextInitializerClasses = '[]', activeProfiles = '{}', propertySourceLocations = '{}', propertySourceProperties = '{}', contextCustomizers = set[org.springframework.boot.test.autoconfigure.properties.PropertyMappingContextCustomizer@0, org.springframework.boot.test.autoconfigure.web.servlet.WebDriverContextCustomizerFactory$Customizer@63ceb46d, org.springframework.boot.test.context.filter.ExcludeFilterContextCustomizer@4faffabb, org.springframework.boot.test.json.DuplicateJsonObjectContextCustomizerFactory$DuplicateJsonObjectContextCustomizer@54b71d23, org.springframework.boot.test.mock.mockito.MockitoContextCustomizer@55cb322c], contextLoader = 'org.springframework.test.context.support.DelegatingSmartContextLoader', parent = [null]]]
19:42:59.946 [Test worker] DEBUG org.springframework.test.context.cache - Spring test ApplicationContext cache statistics: [DefaultContextCache@31ee0133 size = 17, maxSize = 32, parentContextCount = 0, hitCount = 906, missCount = 17]
19:42:59.948 [Test worker] DEBUG org.springframework.test.context.support.AbstractDirtiesContextTestExecutionListener - After test method: context [DefaultTestContext@279b4f10 testClass = FixSessionServiceTest, testInstance = com.example.ex.service.FixSessionServiceTest@286e32b2, testMethod = shouldNotSaveFixSessionWithDuplicatedHandle@FixSessionServiceTest, testException = [null], mergedContextConfiguration = [MergedContextConfiguration@41d2251d testClass = FixSessionServiceTest, locations = '{}', classes = '{class com.example.ex.service.FixSessionServiceTest$FixSessionServiceTestContextConfiguration}', contextInitializerClasses = '[]', activeProfiles = '{}', propertySourceLocations = '{}', propertySourceProperties = '{}', contextCustomizers = set[org.springframework.boot.test.autoconfigure.properties.PropertyMappingContextCustomizer@0, org.springframework.boot.test.autoconfigure.web.servlet.WebDriverContextCustomizerFactory$Customizer@63ceb46d, org.springframework.boot.test.context.filter.ExcludeFilterContextCustomizer@4faffabb, org.springframework.boot.test.json.DuplicateJsonObjectContextCustomizerFactory$DuplicateJsonObjectContextCustomizer@54b71d23, org.springframework.boot.test.mock.mockito.MockitoContextCustomizer@55cb322c], contextLoader = 'org.springframework.test.context.support.DelegatingSmartContextLoader', parent = [null]], attributes = map[[empty]]], class annotated with @DirtiesContext [false] with mode [null], method annotated with @DirtiesContext [false] with mode [null].
19:42:59.948 [Test worker] DEBUG org.springframework.test.annotation.ProfileValueUtils - Retrieved @ProfileValueSourceConfiguration [null] for test class [com.example.ex.service.FixSessionServiceTest]
19:42:59.948 [Test worker] DEBUG org.springframework.test.annotation.ProfileValueUtils - Retrieved ProfileValueSource type [class org.springframework.test.annotation.SystemProfileValueSource] for class [com.example.ex.service.FixSessionServiceTest]
19:42:59.948 [Test worker] DEBUG org.springframework.test.context.cache.DefaultCacheAwareContextLoaderDelegate - Retrieved ApplicationContext from cache with key [[MergedContextConfiguration@41d2251d testClass = FixSessionServiceTest, locations = '{}', classes = '{class com.example.ex.service.FixSessionServiceTest$FixSessionServiceTestContextConfiguration}', contextInitializerClasses = '[]', activeProfiles = '{}', propertySourceLocations = '{}', propertySourceProperties = '{}', contextCustomizers = set[org.springframework.boot.test.autoconfigure.properties.PropertyMappingContextCustomizer@0, org.springframework.boot.test.autoconfigure.web.servlet.WebDriverContextCustomizerFactory$Customizer@63ceb46d, org.springframework.boot.test.context.filter.ExcludeFilterContextCustomizer@4faffabb, org.springframework.boot.test.json.DuplicateJsonObjectContextCustomizerFactory$DuplicateJsonObjectContextCustomizer@54b71d23, org.springframework.boot.test.mock.mockito.MockitoContextCustomizer@55cb322c], contextLoader = 'org.springframework.test.context.support.DelegatingSmartContextLoader', parent = [null]]]
19:42:59.949 [Test worker] DEBUG org.springframework.test.context.cache - Spring test ApplicationContext cache statistics: [DefaultContextCache@31ee0133 size = 17, maxSize = 32, parentContextCount = 0, hitCount = 907, missCount = 17]
19:42:59.949 [Test worker] DEBUG org.springframework.beans.factory.support.DefaultListableBeanFactory - Returning cached instance of singleton bean 'org.springframework.boot.test.mock.mockito.MockitoPostProcessor'
19:42:59.949 [Test worker] DEBUG org.springframework.beans.factory.support.DefaultListableBeanFactory - Returning cached instance of singleton bean 'fixSessionRepository'
19:42:59.949 [Test worker] DEBUG org.springframework.test.context.support.DependencyInjectionTestExecutionListener - Performing dependency injection for test context [[DefaultTestContext@279b4f10 testClass = FixSessionServiceTest, testInstance = com.example.ex.service.FixSessionServiceTest@15edb86d, testMethod = [null], testException = [null], mergedContextConfiguration = [MergedContextConfiguration@41d2251d testClass = FixSessionServiceTest, locations = '{}', classes = '{class com.example.ex.service.FixSessionServiceTest$FixSessionServiceTestContextConfiguration}', contextInitializerClasses = '[]', activeProfiles = '{}', propertySourceLocations = '{}', propertySourceProperties = '{}', contextCustomizers = set[org.springframework.boot.test.autoconfigure.properties.PropertyMappingContextCustomizer@0, org.springframework.boot.test.autoconfigure.web.servlet.WebDriverContextCustomizerFactory$Customizer@63ceb46d, org.springframework.boot.test.context.filter.ExcludeFilterContextCustomizer@4faffabb, org.springframework.boot.test.json.DuplicateJsonObjectContextCustomizerFactory$DuplicateJsonObjectContextCustomizer@54b71d23, org.springframework.boot.test.mock.mockito.MockitoContextCustomizer@55cb322c], contextLoader = 'org.springframework.test.context.support.DelegatingSmartContextLoader', parent = [null]], attributes = map[[empty]]]].
19:42:59.949 [Test worker] DEBUG org.springframework.test.context.cache.DefaultCacheAwareContextLoaderDelegate - Retrieved ApplicationContext from cache with key [[MergedContextConfiguration@41d2251d testClass = FixSessionServiceTest, locations = '{}', classes = '{class com.example.ex.service.FixSessionServiceTest$FixSessionServiceTestContextConfiguration}', contextInitializerClasses = '[]', activeProfiles = '{}', propertySourceLocations = '{}', propertySourceProperties = '{}', contextCustomizers = set[org.springframework.boot.test.autoconfigure.properties.PropertyMappingContextCustomizer@0, org.springframework.boot.test.autoconfigure.web.servlet.WebDriverContextCustomizerFactory$Customizer@63ceb46d, org.springframework.boot.test.context.filter.ExcludeFilterContextCustomizer@4faffabb, org.springframework.boot.test.json.DuplicateJsonObjectContextCustomizerFactory$DuplicateJsonObjectContextCustomizer@54b71d23, org.springframework.boot.test.mock.mockito.MockitoContextCustomizer@55cb322c], contextLoader = 'org.springframework.test.context.support.DelegatingSmartContextLoader', parent = [null]]]
19:42:59.949 [Test worker] DEBUG org.springframework.test.context.cache - Spring test ApplicationContext cache statistics: [DefaultContextCache@31ee0133 size = 17, maxSize = 32, parentContextCount = 0, hitCount = 908, missCount = 17]
19:42:59.949 [Test worker] DEBUG org.springframework.beans.factory.annotation.InjectionMetadata - Processing injected element of bean 'com.example.ex.service.FixSessionServiceTest': AutowiredFieldElement for private com.example.ex.service.FixSessionService com.example.ex.service.FixSessionServiceTest.fixSessionService
19:42:59.949 [Test worker] DEBUG org.springframework.beans.factory.support.DefaultListableBeanFactory - Returning cached instance of singleton bean 'fixSessionService'
19:42:59.949 [Test worker] DEBUG org.springframework.beans.factory.annotation.InjectionMetadata - Processing injected element of bean 'com.example.ex.service.FixSessionServiceTest': AutowiredFieldElement for private com.example.ex.service.MpidService com.example.ex.service.FixSessionServiceTest.mpidService
19:42:59.949 [Test worker] DEBUG org.springframework.beans.factory.support.DefaultListableBeanFactory - Returning cached instance of singleton bean 'mpidService'
19:42:59.949 [Test worker] DEBUG org.springframework.beans.factory.annotation.InjectionMetadata - Processing injected element of bean 'com.example.ex.service.FixSessionServiceTest': AutowiredFieldElement for private com.example.ex.service.AppInstanceService com.example.ex.service.FixSessionServiceTest.appInstanceService
19:42:59.949 [Test worker] DEBUG org.springframework.beans.factory.support.DefaultListableBeanFactory - Returning cached instance of singleton bean 'appInstanceService'
19:42:59.949 [Test worker] DEBUG org.springframework.beans.factory.annotation.InjectionMetadata - Processing injected element of bean 'com.example.ex.service.FixSessionServiceTest': AutowiredFieldElement for private com.example.ex.service.FixSessionMpidService com.example.ex.service.FixSessionServiceTest.fixSessionMpidService
19:42:59.949 [Test worker] DEBUG org.springframework.beans.factory.support.DefaultListableBeanFactory - Returning cached instance of singleton bean 'fixSessionMpidService'
19:42:59.949 [Test worker] DEBUG org.springframework.test.context.support.AbstractDirtiesContextTestExecutionListener - Before test method: context [DefaultTestContext@279b4f10 testClass = FixSessionServiceTest, testInstance = com.example.ex.service.FixSessionServiceTest@15edb86d, testMethod = shouldNotDeleteANonExistingFixSession@FixSessionServiceTest, testException = [null], mergedContextConfiguration = [MergedContextConfiguration@41d2251d testClass = FixSessionServiceTest, locations = '{}', classes = '{class com.example.ex.service.FixSessionServiceTest$FixSessionServiceTestContextConfiguration}', contextInitializerClasses = '[]', activeProfiles = '{}', propertySourceLocations = '{}', propertySourceProperties = '{}', contextCustomizers = set[org.springframework.boot.test.autoconfigure.properties.PropertyMappingContextCustomizer@0, org.springframework.boot.test.autoconfigure.web.servlet.WebDriverContextCustomizerFactory$Customizer@63ceb46d, org.springframework.boot.test.context.filter.ExcludeFilterContextCustomizer@4faffabb, org.springframework.boot.test.json.DuplicateJsonObjectContextCustomizerFactory$DuplicateJsonObjectContextCustomizer@54b71d23, org.springframework.boot.test.mock.mockito.MockitoContextCustomizer@55cb322c], contextLoader = 'org.springframework.test.context.support.DelegatingSmartContextLoader', parent = [null]], attributes = map[[empty]]], class annotated with @DirtiesContext [false] with mode [null], method annotated with @DirtiesContext [false] with mode [null].
19:42:59.954 [Test worker] DEBUG org.springframework.test.context.cache.DefaultCacheAwareContextLoaderDelegate - Retrieved ApplicationContext from cache with key [[MergedContextConfiguration@41d2251d testClass = FixSessionServiceTest, locations = '{}', classes = '{class com.example.ex.service.FixSessionServiceTest$FixSessionServiceTestContextConfiguration}', contextInitializerClasses = '[]', activeProfiles = '{}', propertySourceLocations = '{}', propertySourceProperties = '{}', contextCustomizers = set[org.springframework.boot.test.autoconfigure.properties.PropertyMappingContextCustomizer@0, org.springframework.boot.test.autoconfigure.web.servlet.WebDriverContextCustomizerFactory$Customizer@63ceb46d, org.springframework.boot.test.context.filter.ExcludeFilterContextCustomizer@4faffabb, org.springframework.boot.test.json.DuplicateJsonObjectContextCustomizerFactory$DuplicateJsonObjectContextCustomizer@54b71d23, org.springframework.boot.test.mock.mockito.MockitoContextCustomizer@55cb322c], contextLoader = 'org.springframework.test.context.support.DelegatingSmartContextLoader', parent = [null]]]
19:42:59.954 [Test worker] DEBUG org.springframework.test.context.cache - Spring test ApplicationContext cache statistics: [DefaultContextCache@31ee0133 size = 17, maxSize = 32, parentContextCount = 0, hitCount = 909, missCount = 17]
19:42:59.955 [Test worker] DEBUG org.springframework.beans.factory.support.DefaultListableBeanFactory - Returning cached instance of singleton bean 'org.springframework.boot.test.mock.mockito.MockitoBeans'
19:42:59.955 [Test worker] DEBUG com.example.ex.service.FixSessionService - checking if fix session id <1> exists
19:42:59.955 [Test worker] DEBUG com.example.ex.service.FixSessionService - fix session id <1> does not exists, cannot delete
19:42:59.956 [Test worker] DEBUG org.springframework.test.context.cache.DefaultCacheAwareContextLoaderDelegate - Retrieved ApplicationContext from cache with key [[MergedContextConfiguration@41d2251d testClass = FixSessionServiceTest, locations = '{}', classes = '{class com.example.ex.service.FixSessionServiceTest$FixSessionServiceTestContextConfiguration}', contextInitializerClasses = '[]', activeProfiles = '{}', propertySourceLocations = '{}', propertySourceProperties = '{}', contextCustomizers = set[org.springframework.boot.test.autoconfigure.properties.PropertyMappingContextCustomizer@0, org.springframework.boot.test.autoconfigure.web.servlet.WebDriverContextCustomizerFactory$Customizer@63ceb46d, org.springframework.boot.test.context.filter.ExcludeFilterContextCustomizer@4faffabb, org.springframework.boot.test.json.DuplicateJsonObjectContextCustomizerFactory$DuplicateJsonObjectContextCustomizer@54b71d23, org.springframework.boot.test.mock.mockito.MockitoContextCustomizer@55cb322c], contextLoader = 'org.springframework.test.context.support.DelegatingSmartContextLoader', parent = [null]]]
19:42:59.956 [Test worker] DEBUG org.springframework.test.context.cache - Spring test ApplicationContext cache statistics: [DefaultContextCache@31ee0133 size = 17, maxSize = 32, parentContextCount = 0, hitCount = 910, missCount = 17]
19:42:59.956 [Test worker] DEBUG org.springframework.beans.factory.support.DefaultListableBeanFactory - Returning cached instance of singleton bean 'org.springframework.boot.test.mock.mockito.MockitoBeans'
19:42:59.956 [Test worker] DEBUG org.springframework.test.context.cache.DefaultCacheAwareContextLoaderDelegate - Retrieved ApplicationContext from cache with key [[MergedContextConfiguration@41d2251d testClass = FixSessionServiceTest, locations = '{}', classes = '{class com.example.ex.service.FixSessionServiceTest$FixSessionServiceTestContextConfiguration}', contextInitializerClasses = '[]', activeProfiles = '{}', propertySourceLocations = '{}', propertySourceProperties = '{}', contextCustomizers = set[org.springframework.boot.test.autoconfigure.properties.PropertyMappingContextCustomizer@0, org.springframework.boot.test.autoconfigure.web.servlet.WebDriverContextCustomizerFactory$Customizer@63ceb46d, org.springframework.boot.test.context.filter.ExcludeFilterContextCustomizer@4faffabb, org.springframework.boot.test.json.DuplicateJsonObjectContextCustomizerFactory$DuplicateJsonObjectContextCustomizer@54b71d23, org.springframework.boot.test.mock.mockito.MockitoContextCustomizer@55cb322c], contextLoader = 'org.springframework.test.context.support.DelegatingSmartContextLoader', parent = [null]]]
19:42:59.956 [Test worker] DEBUG org.springframework.test.context.cache - Spring test ApplicationContext cache statistics: [DefaultContextCache@31ee0133 size = 17, maxSize = 32, parentContextCount = 0, hitCount = 911, missCount = 17]
19:42:59.956 [Test worker] DEBUG org.springframework.test.context.cache.DefaultCacheAwareContextLoaderDelegate - Retrieved ApplicationContext from cache with key [[MergedContextConfiguration@41d2251d testClass = FixSessionServiceTest, locations = '{}', classes = '{class com.example.ex.service.FixSessionServiceTest$FixSessionServiceTestContextConfiguration}', contextInitializerClasses = '[]', activeProfiles = '{}', propertySourceLocations = '{}', propertySourceProperties = '{}', contextCustomizers = set[org.springframework.boot.test.autoconfigure.properties.PropertyMappingContextCustomizer@0, org.springframework.boot.test.autoconfigure.web.servlet.WebDriverContextCustomizerFactory$Customizer@63ceb46d, org.springframework.boot.test.context.filter.ExcludeFilterContextCustomizer@4faffabb, org.springframework.boot.test.json.DuplicateJsonObjectContextCustomizerFactory$DuplicateJsonObjectContextCustomizer@54b71d23, org.springframework.boot.test.mock.mockito.MockitoContextCustomizer@55cb322c], contextLoader = 'org.springframework.test.context.support.DelegatingSmartContextLoader', parent = [null]]]
19:42:59.957 [Test worker] DEBUG org.springframework.test.context.cache - Spring test ApplicationContext cache statistics: [DefaultContextCache@31ee0133 size = 17, maxSize = 32, parentContextCount = 0, hitCount = 912, missCount = 17]
19:42:59.958 [Test worker] DEBUG org.springframework.test.context.support.AbstractDirtiesContextTestExecutionListener - After test method: context [DefaultTestContext@279b4f10 testClass = FixSessionServiceTest, testInstance = com.example.ex.service.FixSessionServiceTest@15edb86d, testMethod = shouldNotDeleteANonExistingFixSession@FixSessionServiceTest, testException = [null], mergedContextConfiguration = [MergedContextConfiguration@41d2251d testClass = FixSessionServiceTest, locations = '{}', classes = '{class com.example.ex.service.FixSessionServiceTest$FixSessionServiceTestContextConfiguration}', contextInitializerClasses = '[]', activeProfiles = '{}', propertySourceLocations = '{}', propertySourceProperties = '{}', contextCustomizers = set[org.springframework.boot.test.autoconfigure.properties.PropertyMappingContextCustomizer@0, org.springframework.boot.test.autoconfigure.web.servlet.WebDriverContextCustomizerFactory$Customizer@63ceb46d, org.springframework.boot.test.context.filter.ExcludeFilterContextCustomizer@4faffabb, org.springframework.boot.test.json.DuplicateJsonObjectContextCustomizerFactory$DuplicateJsonObjectContextCustomizer@54b71d23, org.springframework.boot.test.mock.mockito.MockitoContextCustomizer@55cb322c], contextLoader = 'org.springframework.test.context.support.DelegatingSmartContextLoader', parent = [null]], attributes = map[[empty]]], class annotated with @DirtiesContext [false] with mode [null], method annotated with @DirtiesContext [false] with mode [null].
19:42:59.959 [Test worker] DEBUG org.springframework.test.annotation.ProfileValueUtils - Retrieved @ProfileValueSourceConfiguration [null] for test class [com.example.ex.service.FixSessionServiceTest]
19:42:59.959 [Test worker] DEBUG org.springframework.test.annotation.ProfileValueUtils - Retrieved ProfileValueSource type [class org.springframework.test.annotation.SystemProfileValueSource] for class [com.example.ex.service.FixSessionServiceTest]
19:42:59.960 [Test worker] DEBUG org.springframework.test.context.cache.DefaultCacheAwareContextLoaderDelegate - Retrieved ApplicationContext from cache with key [[MergedContextConfiguration@41d2251d testClass = FixSessionServiceTest, locations = '{}', classes = '{class com.example.ex.service.FixSessionServiceTest$FixSessionServiceTestContextConfiguration}', contextInitializerClasses = '[]', activeProfiles = '{}', propertySourceLocations = '{}', propertySourceProperties = '{}', contextCustomizers = set[org.springframework.boot.test.autoconfigure.properties.PropertyMappingContextCustomizer@0, org.springframework.boot.test.autoconfigure.web.servlet.WebDriverContextCustomizerFactory$Customizer@63ceb46d, org.springframework.boot.test.context.filter.ExcludeFilterContextCustomizer@4faffabb, org.springframework.boot.test.json.DuplicateJsonObjectContextCustomizerFactory$DuplicateJsonObjectContextCustomizer@54b71d23, org.springframework.boot.test.mock.mockito.MockitoContextCustomizer@55cb322c], contextLoader = 'org.springframework.test.context.support.DelegatingSmartContextLoader', parent = [null]]]
19:42:59.960 [Test worker] DEBUG org.springframework.test.context.cache - Spring test ApplicationContext cache statistics: [DefaultContextCache@31ee0133 size = 17, maxSize = 32, parentContextCount = 0, hitCount = 913, missCount = 17]
19:42:59.960 [Test worker] DEBUG org.springframework.beans.factory.support.DefaultListableBeanFactory - Returning cached instance of singleton bean 'org.springframework.boot.test.mock.mockito.MockitoPostProcessor'
19:42:59.960 [Test worker] DEBUG org.springframework.beans.factory.support.DefaultListableBeanFactory - Returning cached instance of singleton bean 'fixSessionRepository'
19:42:59.960 [Test worker] DEBUG org.springframework.test.context.support.DependencyInjectionTestExecutionListener - Performing dependency injection for test context [[DefaultTestContext@279b4f10 testClass = FixSessionServiceTest, testInstance = com.example.ex.service.FixSessionServiceTest@629124b4, testMethod = [null], testException = [null], mergedContextConfiguration = [MergedContextConfiguration@41d2251d testClass = FixSessionServiceTest, locations = '{}', classes = '{class com.example.ex.service.FixSessionServiceTest$FixSessionServiceTestContextConfiguration}', contextInitializerClasses = '[]', activeProfiles = '{}', propertySourceLocations = '{}', propertySourceProperties = '{}', contextCustomizers = set[org.springframework.boot.test.autoconfigure.properties.PropertyMappingContextCustomizer@0, org.springframework.boot.test.autoconfigure.web.servlet.WebDriverContextCustomizerFactory$Customizer@63ceb46d, org.springframework.boot.test.context.filter.ExcludeFilterContextCustomizer@4faffabb, org.springframework.boot.test.json.DuplicateJsonObjectContextCustomizerFactory$DuplicateJsonObjectContextCustomizer@54b71d23, org.springframework.boot.test.mock.mockito.MockitoContextCustomizer@55cb322c], contextLoader = 'org.springframework.test.context.support.DelegatingSmartContextLoader', parent = [null]], attributes = map[[empty]]]].
19:42:59.961 [Test worker] DEBUG org.springframework.test.context.cache.DefaultCacheAwareContextLoaderDelegate - Retrieved ApplicationContext from cache with key [[MergedContextConfiguration@41d2251d testClass = FixSessionServiceTest, locations = '{}', classes = '{class com.example.ex.service.FixSessionServiceTest$FixSessionServiceTestContextConfiguration}', contextInitializerClasses = '[]', activeProfiles = '{}', propertySourceLocations = '{}', propertySourceProperties = '{}', contextCustomizers = set[org.springframework.boot.test.autoconfigure.properties.PropertyMappingContextCustomizer@0, org.springframework.boot.test.autoconfigure.web.servlet.WebDriverContextCustomizerFactory$Customizer@63ceb46d, org.springframework.boot.test.context.filter.ExcludeFilterContextCustomizer@4faffabb, org.springframework.boot.test.json.DuplicateJsonObjectContextCustomizerFactory$DuplicateJsonObjectContextCustomizer@54b71d23, org.springframework.boot.test.mock.mockito.MockitoContextCustomizer@55cb322c], contextLoader = 'org.springframework.test.context.support.DelegatingSmartContextLoader', parent = [null]]]
19:42:59.961 [Test worker] DEBUG org.springframework.test.context.cache - Spring test ApplicationContext cache statistics: [DefaultContextCache@31ee0133 size = 17, maxSize = 32, parentContextCount = 0, hitCount = 914, missCount = 17]
19:42:59.961 [Test worker] DEBUG org.springframework.beans.factory.annotation.InjectionMetadata - Processing injected element of bean 'com.example.ex.service.FixSessionServiceTest': AutowiredFieldElement for private com.example.ex.service.FixSessionService com.example.ex.service.FixSessionServiceTest.fixSessionService
19:42:59.961 [Test worker] DEBUG org.springframework.beans.factory.support.DefaultListableBeanFactory - Returning cached instance of singleton bean 'fixSessionService'
19:42:59.961 [Test worker] DEBUG org.springframework.beans.factory.annotation.InjectionMetadata - Processing injected element of bean 'com.example.ex.service.FixSessionServiceTest': AutowiredFieldElement for private com.example.ex.service.MpidService com.example.ex.service.FixSessionServiceTest.mpidService
19:42:59.961 [Test worker] DEBUG org.springframework.beans.factory.support.DefaultListableBeanFactory - Returning cached instance of singleton bean 'mpidService'
19:42:59.961 [Test worker] DEBUG org.springframework.beans.factory.annotation.InjectionMetadata - Processing injected element of bean 'com.example.ex.service.FixSessionServiceTest': AutowiredFieldElement for private com.example.ex.service.AppInstanceService com.example.ex.service.FixSessionServiceTest.appInstanceService
19:42:59.961 [Test worker] DEBUG org.springframework.beans.factory.support.DefaultListableBeanFactory - Returning cached instance of singleton bean 'appInstanceService'
19:42:59.961 [Test worker] DEBUG org.springframework.beans.factory.annotation.InjectionMetadata - Processing injected element of bean 'com.example.ex.service.FixSessionServiceTest': AutowiredFieldElement for private com.example.ex.service.FixSessionMpidService com.example.ex.service.FixSessionServiceTest.fixSessionMpidService
19:42:59.961 [Test worker] DEBUG org.springframework.beans.factory.support.DefaultListableBeanFactory - Returning cached instance of singleton bean 'fixSessionMpidService'
19:42:59.962 [Test worker] DEBUG org.springframework.test.context.support.AbstractDirtiesContextTestExecutionListener - Before test method: context [DefaultTestContext@279b4f10 testClass = FixSessionServiceTest, testInstance = com.example.ex.service.FixSessionServiceTest@629124b4, testMethod = shouldNotDeleteAFixSessionReferencedByFixSessionMpids@FixSessionServiceTest, testException = [null], mergedContextConfiguration = [MergedContextConfiguration@41d2251d testClass = FixSessionServiceTest, locations = '{}', classes = '{class com.example.ex.service.FixSessionServiceTest$FixSessionServiceTestContextConfiguration}', contextInitializerClasses = '[]', activeProfiles = '{}', propertySourceLocations = '{}', propertySourceProperties = '{}', contextCustomizers = set[org.springframework.boot.test.autoconfigure.properties.PropertyMappingContextCustomizer@0, org.springframework.boot.test.autoconfigure.web.servlet.WebDriverContextCustomizerFactory$Customizer@63ceb46d, org.springframework.boot.test.context.filter.ExcludeFilterContextCustomizer@4faffabb, org.springframework.boot.test.json.DuplicateJsonObjectContextCustomizerFactory$DuplicateJsonObjectContextCustomizer@54b71d23, org.springframework.boot.test.mock.mockito.MockitoContextCustomizer@55cb322c], contextLoader = 'org.springframework.test.context.support.DelegatingSmartContextLoader', parent = [null]], attributes = map[[empty]]], class annotated with @DirtiesContext [false] with mode [null], method annotated with @DirtiesContext [false] with mode [null].
19:42:59.964 [Test worker] DEBUG org.springframework.test.context.cache.DefaultCacheAwareContextLoaderDelegate - Retrieved ApplicationContext from cache with key [[MergedContextConfiguration@41d2251d testClass = FixSessionServiceTest, locations = '{}', classes = '{class com.example.ex.service.FixSessionServiceTest$FixSessionServiceTestContextConfiguration}', contextInitializerClasses = '[]', activeProfiles = '{}', propertySourceLocations = '{}', propertySourceProperties = '{}', contextCustomizers = set[org.springframework.boot.test.autoconfigure.properties.PropertyMappingContextCustomizer@0, org.springframework.boot.test.autoconfigure.web.servlet.WebDriverContextCustomizerFactory$Customizer@63ceb46d, org.springframework.boot.test.context.filter.ExcludeFilterContextCustomizer@4faffabb, org.springframework.boot.test.json.DuplicateJsonObjectContextCustomizerFactory$DuplicateJsonObjectContextCustomizer@54b71d23, org.springframework.boot.test.mock.mockito.MockitoContextCustomizer@55cb322c], contextLoader = 'org.springframework.test.context.support.DelegatingSmartContextLoader', parent = [null]]]
19:42:59.964 [Test worker] DEBUG org.springframework.test.context.cache - Spring test ApplicationContext cache statistics: [DefaultContextCache@31ee0133 size = 17, maxSize = 32, parentContextCount = 0, hitCount = 915, missCount = 17]
19:42:59.964 [Test worker] DEBUG org.springframework.beans.factory.support.DefaultListableBeanFactory - Returning cached instance of singleton bean 'org.springframework.boot.test.mock.mockito.MockitoBeans'
19:42:59.965 [Test worker] DEBUG com.example.ex.service.FixSessionService - checking if fix session id <1> exists
19:42:59.965 [Test worker] DEBUG com.example.ex.service.FixSessionService - checking if fix session handle <exxx-cg> is referenced by fix session mpids
19:42:59.965 [Test worker] DEBUG com.example.ex.service.FixSessionService - fix session <1> is being referenced by fix session mpids, cannot delete fix session
19:42:59.965 [Test worker] DEBUG org.springframework.test.context.cache.DefaultCacheAwareContextLoaderDelegate - Retrieved ApplicationContext from cache with key [[MergedContextConfiguration@41d2251d testClass = FixSessionServiceTest, locations = '{}', classes = '{class com.example.ex.service.FixSessionServiceTest$FixSessionServiceTestContextConfiguration}', contextInitializerClasses = '[]', activeProfiles = '{}', propertySourceLocations = '{}', propertySourceProperties = '{}', contextCustomizers = set[org.springframework.boot.test.autoconfigure.properties.PropertyMappingContextCustomizer@0, org.springframework.boot.test.autoconfigure.web.servlet.WebDriverContextCustomizerFactory$Customizer@63ceb46d, org.springframework.boot.test.context.filter.ExcludeFilterContextCustomizer@4faffabb, org.springframework.boot.test.json.DuplicateJsonObjectContextCustomizerFactory$DuplicateJsonObjectContextCustomizer@54b71d23, org.springframework.boot.test.mock.mockito.MockitoContextCustomizer@55cb322c], contextLoader = 'org.springframework.test.context.support.DelegatingSmartContextLoader', parent = [null]]]
19:42:59.965 [Test worker] DEBUG org.springframework.test.context.cache - Spring test ApplicationContext cache statistics: [DefaultContextCache@31ee0133 size = 17, maxSize = 32, parentContextCount = 0, hitCount = 916, missCount = 17]
19:42:59.966 [Test worker] DEBUG org.springframework.beans.factory.support.DefaultListableBeanFactory - Returning cached instance of singleton bean 'org.springframework.boot.test.mock.mockito.MockitoBeans'
19:42:59.966 [Test worker] DEBUG org.springframework.test.context.cache.DefaultCacheAwareContextLoaderDelegate - Retrieved ApplicationContext from cache with key [[MergedContextConfiguration@41d2251d testClass = FixSessionServiceTest, locations = '{}', classes = '{class com.example.ex.service.FixSessionServiceTest$FixSessionServiceTestContextConfiguration}', contextInitializerClasses = '[]', activeProfiles = '{}', propertySourceLocations = '{}', propertySourceProperties = '{}', contextCustomizers = set[org.springframework.boot.test.autoconfigure.properties.PropertyMappingContextCustomizer@0, org.springframework.boot.test.autoconfigure.web.servlet.WebDriverContextCustomizerFactory$Customizer@63ceb46d, org.springframework.boot.test.context.filter.ExcludeFilterContextCustomizer@4faffabb, org.springframework.boot.test.json.DuplicateJsonObjectContextCustomizerFactory$DuplicateJsonObjectContextCustomizer@54b71d23, org.springframework.boot.test.mock.mockito.MockitoContextCustomizer@55cb322c], contextLoader = 'org.springframework.test.context.support.DelegatingSmartContextLoader', parent = [null]]]
19:42:59.966 [Test worker] DEBUG org.springframework.test.context.cache - Spring test ApplicationContext cache statistics: [DefaultContextCache@31ee0133 size = 17, maxSize = 32, parentContextCount = 0, hitCount = 917, missCount = 17]
19:42:59.968 [Test worker] DEBUG org.springframework.test.context.cache.DefaultCacheAwareContextLoaderDelegate - Retrieved ApplicationContext from cache with key [[MergedContextConfiguration@41d2251d testClass = FixSessionServiceTest, locations = '{}', classes = '{class com.example.ex.service.FixSessionServiceTest$FixSessionServiceTestContextConfiguration}', contextInitializerClasses = '[]', activeProfiles = '{}', propertySourceLocations = '{}', propertySourceProperties = '{}', contextCustomizers = set[org.springframework.boot.test.autoconfigure.properties.PropertyMappingContextCustomizer@0, org.springframework.boot.test.autoconfigure.web.servlet.WebDriverContextCustomizerFactory$Customizer@63ceb46d, org.springframework.boot.test.context.filter.ExcludeFilterContextCustomizer@4faffabb, org.springframework.boot.test.json.DuplicateJsonObjectContextCustomizerFactory$DuplicateJsonObjectContextCustomizer@54b71d23, org.springframework.boot.test.mock.mockito.MockitoContextCustomizer@55cb322c], contextLoader = 'org.springframework.test.context.support.DelegatingSmartContextLoader', parent = [null]]]
19:42:59.968 [Test worker] DEBUG org.springframework.test.context.cache - Spring test ApplicationContext cache statistics: [DefaultContextCache@31ee0133 size = 17, maxSize = 32, parentContextCount = 0, hitCount = 918, missCount = 17]
19:42:59.970 [Test worker] DEBUG org.springframework.test.context.support.AbstractDirtiesContextTestExecutionListener - After test method: context [DefaultTestContext@279b4f10 testClass = FixSessionServiceTest, testInstance = com.example.ex.service.FixSessionServiceTest@629124b4, testMethod = shouldNotDeleteAFixSessionReferencedByFixSessionMpids@FixSessionServiceTest, testException = [null], mergedContextConfiguration = [MergedContextConfiguration@41d2251d testClass = FixSessionServiceTest, locations = '{}', classes = '{class com.example.ex.service.FixSessionServiceTest$FixSessionServiceTestContextConfiguration}', contextInitializerClasses = '[]', activeProfiles = '{}', propertySourceLocations = '{}', propertySourceProperties = '{}', contextCustomizers = set[org.springframework.boot.test.autoconfigure.properties.PropertyMappingContextCustomizer@0, org.springframework.boot.test.autoconfigure.web.servlet.WebDriverContextCustomizerFactory$Customizer@63ceb46d, org.springframework.boot.test.context.filter.ExcludeFilterContextCustomizer@4faffabb, org.springframework.boot.test.json.DuplicateJsonObjectContextCustomizerFactory$DuplicateJsonObjectContextCustomizer@54b71d23, org.springframework.boot.test.mock.mockito.MockitoContextCustomizer@55cb322c], contextLoader = 'org.springframework.test.context.support.DelegatingSmartContextLoader', parent = [null]], attributes = map[[empty]]], class annotated with @DirtiesContext [false] with mode [null], method annotated with @DirtiesContext [false] with mode [null].
19:42:59.971 [Test worker] DEBUG org.springframework.test.context.support.AbstractDirtiesContextTestExecutionListener - After test class: context [DefaultTestContext@279b4f10 testClass = FixSessionServiceTest, testInstance = [null], testMethod = [null], testException = [null], mergedContextConfiguration = [MergedContextConfiguration@41d2251d testClass = FixSessionServiceTest, locations = '{}', classes = '{class com.example.ex.service.FixSessionServiceTest$FixSessionServiceTestContextConfiguration}', contextInitializerClasses = '[]', activeProfiles = '{}', propertySourceLocations = '{}', propertySourceProperties = '{}', contextCustomizers = set[org.springframework.boot.test.autoconfigure.properties.PropertyMappingContextCustomizer@0, org.springframework.boot.test.autoconfigure.web.servlet.WebDriverContextCustomizerFactory$Customizer@63ceb46d, org.springframework.boot.test.context.filter.ExcludeFilterContextCustomizer@4faffabb, org.springframework.boot.test.json.DuplicateJsonObjectContextCustomizerFactory$DuplicateJsonObjectContextCustomizer@54b71d23, org.springframework.boot.test.mock.mockito.MockitoContextCustomizer@55cb322c], contextLoader = 'org.springframework.test.context.support.DelegatingSmartContextLoader', parent = [null]], attributes = map[[empty]]], class annotated with @DirtiesContext [false] with mode [null].
]]></system-out>
  <system-err><![CDATA[]]></system-err>
</testsuite>
